{"/Users/naz/Desktop/Android/document scanner/DocumentScanner/components/AIInsightsModal.tsx": {"path":"/Users/naz/Desktop/Android/document scanner/DocumentScanner/components/AIInsightsModal.tsx","statementMap":{"0":{"start":{"line":35,"column":34},"end":{"line":35,"column":67}},"1":{"start":{"line":36,"column":36},"end":{"line":36,"column":51}},"2":{"start":{"line":37,"column":28},"end":{"line":37,"column":57}},"3":{"start":{"line":38,"column":36},"end":{"line":38,"column":116}},"4":{"start":{"line":40,"column":2},"end":{"line":44,"column":27}},"5":{"start":{"line":41,"column":4},"end":{"line":43,"column":5}},"6":{"start":{"line":42,"column":6},"end":{"line":42,"column":21}},"7":{"start":{"line":46,"column":23},"end":{"line":59,"column":3}},"8":{"start":{"line":47,"column":4},"end":{"line":47,"column":23}},"9":{"start":{"line":48,"column":4},"end":{"line":48,"column":19}},"10":{"start":{"line":50,"column":4},"end":{"line":58,"column":5}},"11":{"start":{"line":51,"column":25},"end":{"line":51,"column":58}},"12":{"start":{"line":52,"column":6},"end":{"line":52,"column":30}},"13":{"start":{"line":54,"column":6},"end":{"line":54,"column":56}},"14":{"start":{"line":55,"column":6},"end":{"line":55,"column":57}},"15":{"start":{"line":57,"column":6},"end":{"line":57,"column":26}},"16":{"start":{"line":61,"column":24},"end":{"line":66,"column":3}},"17":{"start":{"line":62,"column":4},"end":{"line":65,"column":11}},"18":{"start":{"line":68,"column":22},"end":{"line":83,"column":3}},"19":{"start":{"line":69,"column":4},"end":{"line":82,"column":11}},"20":{"start":{"line":85,"column":21},"end":{"line":109,"column":3}},"21":{"start":{"line":86,"column":4},"end":{"line":108,"column":11}},"22":{"start":{"line":93,"column":8},"end":{"line":106,"column":27}},"23":{"start":{"line":96,"column":25},"end":{"line":96,"column":52}},"24":{"start":{"line":111,"column":25},"end":{"line":149,"column":3}},"25":{"start":{"line":112,"column":4},"end":{"line":148,"column":17}},"26":{"start":{"line":123,"column":10},"end":{"line":126,"column":17}},"27":{"start":{"line":133,"column":10},"end":{"line":145,"column":17}},"28":{"start":{"line":151,"column":23},"end":{"line":185,"column":3}},"29":{"start":{"line":152,"column":4},"end":{"line":184,"column":17}},"30":{"start":{"line":156,"column":10},"end":{"line":181,"column":17}},"31":{"start":{"line":187,"column":32},"end":{"line":199,"column":3}},"32":{"start":{"line":188,"column":4},"end":{"line":198,"column":17}},"33":{"start":{"line":192,"column":10},"end":{"line":195,"column":17}},"34":{"start":{"line":201,"column":29},"end":{"line":241,"column":3}},"35":{"start":{"line":202,"column":4},"end":{"line":240,"column":17}},"36":{"start":{"line":233,"column":12},"end":{"line":236,"column":19}},"37":{"start":{"line":243,"column":24},"end":{"line":260,"column":3}},"38":{"start":{"line":244,"column":4},"end":{"line":244,"column":42}},"39":{"start":{"line":244,"column":19},"end":{"line":244,"column":42}},"40":{"start":{"line":245,"column":4},"end":{"line":245,"column":36}},"41":{"start":{"line":245,"column":15},"end":{"line":245,"column":36}},"42":{"start":{"line":246,"column":4},"end":{"line":246,"column":31}},"43":{"start":{"line":246,"column":19},"end":{"line":246,"column":31}},"44":{"start":{"line":248,"column":4},"end":{"line":259,"column":5}},"45":{"start":{"line":250,"column":8},"end":{"line":250,"column":32}},"46":{"start":{"line":252,"column":8},"end":{"line":252,"column":30}},"47":{"start":{"line":254,"column":8},"end":{"line":254,"column":39}},"48":{"start":{"line":256,"column":8},"end":{"line":256,"column":36}},"49":{"start":{"line":258,"column":8},"end":{"line":258,"column":20}},"50":{"start":{"line":262,"column":2},"end":{"line":289,"column":4}},"51":{"start":{"line":292,"column":15},"end":{"line":554,"column":2}}},"fnMap":{"0":{"name":"AIInsightsModal","decl":{"start":{"line":29,"column":24},"end":{"line":29,"column":39}},"loc":{"start":{"line":34,"column":25},"end":{"line":290,"column":1}},"line":34},"1":{"name":"(anonymous_1)","decl":{"start":{"line":40,"column":12},"end":{"line":40,"column":13}},"loc":{"start":{"line":40,"column":18},"end":{"line":44,"column":3}},"line":40},"2":{"name":"(anonymous_2)","decl":{"start":{"line":46,"column":23},"end":{"line":46,"column":24}},"loc":{"start":{"line":46,"column":35},"end":{"line":59,"column":3}},"line":46},"3":{"name":"(anonymous_3)","decl":{"start":{"line":61,"column":24},"end":{"line":61,"column":25}},"loc":{"start":{"line":62,"column":4},"end":{"line":65,"column":11}},"line":62},"4":{"name":"(anonymous_4)","decl":{"start":{"line":68,"column":22},"end":{"line":68,"column":23}},"loc":{"start":{"line":69,"column":4},"end":{"line":82,"column":11}},"line":69},"5":{"name":"(anonymous_5)","decl":{"start":{"line":85,"column":21},"end":{"line":85,"column":22}},"loc":{"start":{"line":86,"column":4},"end":{"line":108,"column":11}},"line":86},"6":{"name":"(anonymous_6)","decl":{"start":{"line":92,"column":12},"end":{"line":92,"column":13}},"loc":{"start":{"line":93,"column":8},"end":{"line":106,"column":27}},"line":93},"7":{"name":"(anonymous_7)","decl":{"start":{"line":96,"column":19},"end":{"line":96,"column":20}},"loc":{"start":{"line":96,"column":25},"end":{"line":96,"column":52}},"line":96},"8":{"name":"(anonymous_8)","decl":{"start":{"line":111,"column":25},"end":{"line":111,"column":26}},"loc":{"start":{"line":112,"column":4},"end":{"line":148,"column":17}},"line":112},"9":{"name":"(anonymous_9)","decl":{"start":{"line":122,"column":35},"end":{"line":122,"column":36}},"loc":{"start":{"line":123,"column":10},"end":{"line":126,"column":17}},"line":123},"10":{"name":"(anonymous_10)","decl":{"start":{"line":132,"column":33},"end":{"line":132,"column":34}},"loc":{"start":{"line":133,"column":10},"end":{"line":145,"column":17}},"line":133},"11":{"name":"(anonymous_11)","decl":{"start":{"line":151,"column":23},"end":{"line":151,"column":24}},"loc":{"start":{"line":152,"column":4},"end":{"line":184,"column":17}},"line":152},"12":{"name":"(anonymous_12)","decl":{"start":{"line":155,"column":30},"end":{"line":155,"column":31}},"loc":{"start":{"line":156,"column":10},"end":{"line":181,"column":17}},"line":156},"13":{"name":"(anonymous_13)","decl":{"start":{"line":187,"column":32},"end":{"line":187,"column":33}},"loc":{"start":{"line":188,"column":4},"end":{"line":198,"column":17}},"line":188},"14":{"name":"(anonymous_14)","decl":{"start":{"line":191,"column":39},"end":{"line":191,"column":40}},"loc":{"start":{"line":192,"column":10},"end":{"line":195,"column":17}},"line":192},"15":{"name":"(anonymous_15)","decl":{"start":{"line":201,"column":29},"end":{"line":201,"column":30}},"loc":{"start":{"line":202,"column":4},"end":{"line":240,"column":17}},"line":202},"16":{"name":"(anonymous_16)","decl":{"start":{"line":232,"column":57},"end":{"line":232,"column":58}},"loc":{"start":{"line":233,"column":12},"end":{"line":236,"column":19}},"line":233},"17":{"name":"(anonymous_17)","decl":{"start":{"line":243,"column":24},"end":{"line":243,"column":25}},"loc":{"start":{"line":243,"column":30},"end":{"line":260,"column":3}},"line":243}},"branchMap":{"0":{"loc":{"start":{"line":41,"column":4},"end":{"line":43,"column":5}},"type":"if","locations":[{"start":{"line":41,"column":4},"end":{"line":43,"column":5}},{"start":{},"end":{}}],"line":41},"1":{"loc":{"start":{"line":41,"column":8},"end":{"line":41,"column":39}},"type":"binary-expr","locations":[{"start":{"line":41,"column":8},"end":{"line":41,"column":15}},{"start":{"line":41,"column":19},"end":{"line":41,"column":39}}],"line":41},"2":{"loc":{"start":{"line":55,"column":15},"end":{"line":55,"column":55}},"type":"binary-expr","locations":[{"start":{"line":55,"column":15},"end":{"line":55,"column":26}},{"start":{"line":55,"column":30},"end":{"line":55,"column":55}}],"line":55},"3":{"loc":{"start":{"line":95,"column":36},"end":{"line":95,"column":82}},"type":"binary-expr","locations":[{"start":{"line":95,"column":36},"end":{"line":95,"column":56}},{"start":{"line":95,"column":60},"end":{"line":95,"column":82}}],"line":95},"4":{"loc":{"start":{"line":101,"column":19},"end":{"line":101,"column":105}},"type":"cond-expr","locations":[{"start":{"line":101,"column":42},"end":{"line":101,"column":69}},{"start":{"line":101,"column":72},"end":{"line":101,"column":105}}],"line":101},"5":{"loc":{"start":{"line":103,"column":46},"end":{"line":103,"column":96}},"type":"binary-expr","locations":[{"start":{"line":103,"column":46},"end":{"line":103,"column":66}},{"start":{"line":103,"column":70},"end":{"line":103,"column":96}}],"line":103},"6":{"loc":{"start":{"line":135,"column":20},"end":{"line":135,"column":82}},"type":"cond-expr","locations":[{"start":{"line":135,"column":50},"end":{"line":135,"column":59}},{"start":{"line":135,"column":62},"end":{"line":135,"column":82}}],"line":135},"7":{"loc":{"start":{"line":137,"column":21},"end":{"line":137,"column":106}},"type":"cond-expr","locations":[{"start":{"line":137,"column":51},"end":{"line":137,"column":76}},{"start":{"line":137,"column":79},"end":{"line":137,"column":106}}],"line":137},"8":{"loc":{"start":{"line":141,"column":15},"end":{"line":143,"column":15}},"type":"binary-expr","locations":[{"start":{"line":141,"column":15},"end":{"line":141,"column":35}},{"start":{"line":142,"column":16},"end":{"line":142,"column":77}}],"line":141},"9":{"loc":{"start":{"line":160,"column":33},"end":{"line":162,"column":58}},"type":"cond-expr","locations":[{"start":{"line":160,"column":64},"end":{"line":160,"column":91}},{"start":{"line":161,"column":31},"end":{"line":162,"column":58}}],"line":160},"10":{"loc":{"start":{"line":161,"column":31},"end":{"line":162,"column":58}},"type":"cond-expr","locations":[{"start":{"line":161,"column":62},"end":{"line":161,"column":87}},{"start":{"line":162,"column":31},"end":{"line":162,"column":58}}],"line":161},"11":{"loc":{"start":{"line":165,"column":24},"end":{"line":166,"column":81}},"type":"cond-expr","locations":[{"start":{"line":165,"column":55},"end":{"line":165,"column":68}},{"start":{"line":166,"column":24},"end":{"line":166,"column":81}}],"line":165},"12":{"loc":{"start":{"line":166,"column":24},"end":{"line":166,"column":81}},"type":"cond-expr","locations":[{"start":{"line":166,"column":55},"end":{"line":166,"column":70}},{"start":{"line":166,"column":73},"end":{"line":166,"column":81}}],"line":166},"13":{"loc":{"start":{"line":244,"column":4},"end":{"line":244,"column":42}},"type":"if","locations":[{"start":{"line":244,"column":4},"end":{"line":244,"column":42}},{"start":{},"end":{}}],"line":244},"14":{"loc":{"start":{"line":245,"column":4},"end":{"line":245,"column":36}},"type":"if","locations":[{"start":{"line":245,"column":4},"end":{"line":245,"column":36}},{"start":{},"end":{}}],"line":245},"15":{"loc":{"start":{"line":246,"column":4},"end":{"line":246,"column":31}},"type":"if","locations":[{"start":{"line":246,"column":4},"end":{"line":246,"column":31}},{"start":{},"end":{}}],"line":246},"16":{"loc":{"start":{"line":248,"column":4},"end":{"line":259,"column":5}},"type":"switch","locations":[{"start":{"line":249,"column":6},"end":{"line":250,"column":32}},{"start":{"line":251,"column":6},"end":{"line":252,"column":30}},{"start":{"line":253,"column":6},"end":{"line":254,"column":39}},{"start":{"line":255,"column":6},"end":{"line":256,"column":36}},{"start":{"line":257,"column":6},"end":{"line":258,"column":20}}],"line":248}},"s":{"0":0,"1":0,"2":0,"3":0,"4":0,"5":0,"6":0,"7":0,"8":0,"9":0,"10":0,"11":0,"12":0,"13":0,"14":0,"15":0,"16":0,"17":0,"18":0,"19":0,"20":0,"21":0,"22":0,"23":0,"24":0,"25":0,"26":0,"27":0,"28":0,"29":0,"30":0,"31":0,"32":0,"33":0,"34":0,"35":0,"36":0,"37":0,"38":0,"39":0,"40":0,"41":0,"42":0,"43":0,"44":0,"45":0,"46":0,"47":0,"48":0,"49":0,"50":0,"51":0},"f":{"0":0,"1":0,"2":0,"3":0,"4":0,"5":0,"6":0,"7":0,"8":0,"9":0,"10":0,"11":0,"12":0,"13":0,"14":0,"15":0,"16":0,"17":0},"b":{"0":[0,0],"1":[0,0],"2":[0,0],"3":[0,0],"4":[0,0],"5":[0,0],"6":[0,0],"7":[0,0],"8":[0,0],"9":[0,0],"10":[0,0],"11":[0,0],"12":[0,0],"13":[0,0],"14":[0,0],"15":[0,0],"16":[0,0,0,0,0]}}
,"/Users/naz/Desktop/Android/document scanner/DocumentScanner/components/AdvancedOCRPreview.tsx": {"path":"/Users/naz/Desktop/Android/document scanner/DocumentScanner/components/AdvancedOCRPreview.tsx","statementMap":{"0":{"start":{"line":29,"column":30},"end":{"line":29,"column":70}},"1":{"start":{"line":30,"column":42},"end":{"line":30,"column":57}},"2":{"start":{"line":31,"column":36},"end":{"line":31,"column":114}},"3":{"start":{"line":32,"column":36},"end":{"line":32,"column":76}},"4":{"start":{"line":34,"column":2},"end":{"line":41,"column":9}},"5":{"start":{"line":35,"column":4},"end":{"line":35,"column":20}},"6":{"start":{"line":36,"column":4},"end":{"line":40,"column":6}},"7":{"start":{"line":37,"column":6},"end":{"line":39,"column":7}},"8":{"start":{"line":38,"column":8},"end":{"line":38,"column":30}},"9":{"start":{"line":43,"column":2},"end":{"line":47,"column":28}},"10":{"start":{"line":44,"column":4},"end":{"line":46,"column":5}},"11":{"start":{"line":45,"column":6},"end":{"line":45,"column":24}},"12":{"start":{"line":49,"column":24},"end":{"line":61,"column":3}},"13":{"start":{"line":50,"column":4},"end":{"line":60,"column":5}},"14":{"start":{"line":51,"column":21},"end":{"line":54,"column":8}},"15":{"start":{"line":55,"column":6},"end":{"line":55,"column":32}},"16":{"start":{"line":56,"column":6},"end":{"line":56,"column":27}},"17":{"start":{"line":58,"column":6},"end":{"line":58,"column":63}},"18":{"start":{"line":59,"column":6},"end":{"line":59,"column":62}},"19":{"start":{"line":63,"column":26},"end":{"line":76,"column":3}},"20":{"start":{"line":64,"column":4},"end":{"line":64,"column":27}},"21":{"start":{"line":64,"column":20},"end":{"line":64,"column":27}},"22":{"start":{"line":66,"column":4},"end":{"line":75,"column":5}},"23":{"start":{"line":67,"column":6},"end":{"line":67,"column":28}},"24":{"start":{"line":68,"column":24},"end":{"line":68,"column":65}},"25":{"start":{"line":69,"column":6},"end":{"line":69,"column":27}},"26":{"start":{"line":71,"column":6},"end":{"line":71,"column":53}},"27":{"start":{"line":72,"column":6},"end":{"line":72,"column":75}},"28":{"start":{"line":74,"column":6},"end":{"line":74,"column":29}},"29":{"start":{"line":78,"column":21},"end":{"line":82,"column":3}},"30":{"start":{"line":79,"column":4},"end":{"line":81,"column":5}},"31":{"start":{"line":80,"column":6},"end":{"line":80,"column":21}},"32":{"start":{"line":84,"column":24},"end":{"line":110,"column":3}},"33":{"start":{"line":85,"column":4},"end":{"line":85,"column":29}},"34":{"start":{"line":85,"column":17},"end":{"line":85,"column":29}},"35":{"start":{"line":87,"column":4},"end":{"line":109,"column":6}},"36":{"start":{"line":112,"column":31},"end":{"line":152,"column":3}},"37":{"start":{"line":113,"column":4},"end":{"line":113,"column":42}},"38":{"start":{"line":113,"column":30},"end":{"line":113,"column":42}},"39":{"start":{"line":115,"column":24},"end":{"line":115,"column":42}},"40":{"start":{"line":117,"column":4},"end":{"line":151,"column":6}},"41":{"start":{"line":154,"column":26},"end":{"line":197,"column":3}},"42":{"start":{"line":155,"column":4},"end":{"line":164,"column":5}},"43":{"start":{"line":156,"column":6},"end":{"line":163,"column":8}},"44":{"start":{"line":166,"column":4},"end":{"line":196,"column":6}},"45":{"start":{"line":178,"column":10},"end":{"line":193,"column":17}},"46":{"start":{"line":183,"column":18},"end":{"line":189,"column":25}},"47":{"start":{"line":185,"column":22},"end":{"line":187,"column":29}},"48":{"start":{"line":199,"column":28},"end":{"line":246,"column":3}},"49":{"start":{"line":200,"column":4},"end":{"line":209,"column":5}},"50":{"start":{"line":201,"column":6},"end":{"line":208,"column":8}},"51":{"start":{"line":211,"column":28},"end":{"line":217,"column":47}},"52":{"start":{"line":212,"column":6},"end":{"line":214,"column":7}},"53":{"start":{"line":213,"column":8},"end":{"line":213,"column":30}},"54":{"start":{"line":215,"column":6},"end":{"line":215,"column":36}},"55":{"start":{"line":216,"column":6},"end":{"line":216,"column":17}},"56":{"start":{"line":219,"column":4},"end":{"line":245,"column":6}},"57":{"start":{"line":228,"column":10},"end":{"line":242,"column":17}},"58":{"start":{"line":234,"column":16},"end":{"line":239,"column":23}},"59":{"start":{"line":248,"column":29},"end":{"line":307,"column":3}},"60":{"start":{"line":249,"column":4},"end":{"line":249,"column":40}},"61":{"start":{"line":249,"column":28},"end":{"line":249,"column":40}},"62":{"start":{"line":251,"column":22},"end":{"line":251,"column":38}},"63":{"start":{"line":253,"column":4},"end":{"line":306,"column":6}},"64":{"start":{"line":273,"column":14},"end":{"line":275,"column":21}},"65":{"start":{"line":284,"column":14},"end":{"line":286,"column":21}},"66":{"start":{"line":297,"column":12},"end":{"line":299,"column":19}},"67":{"start":{"line":309,"column":27},"end":{"line":324,"column":3}},"68":{"start":{"line":310,"column":4},"end":{"line":323,"column":5}},"69":{"start":{"line":312,"column":8},"end":{"line":312,"column":31}},"70":{"start":{"line":314,"column":8},"end":{"line":314,"column":38}},"71":{"start":{"line":316,"column":8},"end":{"line":316,"column":33}},"72":{"start":{"line":318,"column":8},"end":{"line":318,"column":35}},"73":{"start":{"line":320,"column":8},"end":{"line":320,"column":36}},"74":{"start":{"line":322,"column":8},"end":{"line":322,"column":31}},"75":{"start":{"line":326,"column":2},"end":{"line":340,"column":3}},"76":{"start":{"line":327,"column":4},"end":{"line":339,"column":6}},"77":{"start":{"line":342,"column":2},"end":{"line":408,"column":4}},"78":{"start":{"line":372,"column":10},"end":{"line":400,"column":29}},"79":{"start":{"line":378,"column":27},"end":{"line":378,"column":55}},"80":{"start":{"line":411,"column":15},"end":{"line":685,"column":2}}},"fnMap":{"0":{"name":"AdvancedOCRPreview","decl":{"start":{"line":28,"column":24},"end":{"line":28,"column":42}},"loc":{"start":{"line":28,"column":98},"end":{"line":409,"column":1}},"line":28},"1":{"name":"(anonymous_1)","decl":{"start":{"line":34,"column":12},"end":{"line":34,"column":13}},"loc":{"start":{"line":34,"column":18},"end":{"line":41,"column":3}},"line":34},"2":{"name":"(anonymous_2)","decl":{"start":{"line":36,"column":11},"end":{"line":36,"column":12}},"loc":{"start":{"line":36,"column":17},"end":{"line":40,"column":5}},"line":36},"3":{"name":"(anonymous_3)","decl":{"start":{"line":43,"column":12},"end":{"line":43,"column":13}},"loc":{"start":{"line":43,"column":18},"end":{"line":47,"column":3}},"line":43},"4":{"name":"(anonymous_4)","decl":{"start":{"line":49,"column":24},"end":{"line":49,"column":25}},"loc":{"start":{"line":49,"column":36},"end":{"line":61,"column":3}},"line":49},"5":{"name":"(anonymous_5)","decl":{"start":{"line":63,"column":26},"end":{"line":63,"column":27}},"loc":{"start":{"line":63,"column":38},"end":{"line":76,"column":3}},"line":63},"6":{"name":"(anonymous_6)","decl":{"start":{"line":78,"column":21},"end":{"line":78,"column":22}},"loc":{"start":{"line":78,"column":27},"end":{"line":82,"column":3}},"line":78},"7":{"name":"(anonymous_7)","decl":{"start":{"line":84,"column":24},"end":{"line":84,"column":25}},"loc":{"start":{"line":84,"column":30},"end":{"line":110,"column":3}},"line":84},"8":{"name":"(anonymous_8)","decl":{"start":{"line":112,"column":31},"end":{"line":112,"column":32}},"loc":{"start":{"line":112,"column":37},"end":{"line":152,"column":3}},"line":112},"9":{"name":"(anonymous_9)","decl":{"start":{"line":154,"column":26},"end":{"line":154,"column":27}},"loc":{"start":{"line":154,"column":32},"end":{"line":197,"column":3}},"line":154},"10":{"name":"(anonymous_10)","decl":{"start":{"line":177,"column":34},"end":{"line":177,"column":35}},"loc":{"start":{"line":178,"column":10},"end":{"line":193,"column":17}},"line":178},"11":{"name":"(anonymous_11)","decl":{"start":{"line":182,"column":32},"end":{"line":182,"column":33}},"loc":{"start":{"line":183,"column":18},"end":{"line":189,"column":25}},"line":183},"12":{"name":"(anonymous_12)","decl":{"start":{"line":184,"column":35},"end":{"line":184,"column":36}},"loc":{"start":{"line":185,"column":22},"end":{"line":187,"column":29}},"line":185},"13":{"name":"(anonymous_13)","decl":{"start":{"line":199,"column":28},"end":{"line":199,"column":29}},"loc":{"start":{"line":199,"column":34},"end":{"line":246,"column":3}},"line":199},"14":{"name":"(anonymous_14)","decl":{"start":{"line":211,"column":51},"end":{"line":211,"column":52}},"loc":{"start":{"line":211,"column":68},"end":{"line":217,"column":5}},"line":211},"15":{"name":"(anonymous_15)","decl":{"start":{"line":227,"column":45},"end":{"line":227,"column":46}},"loc":{"start":{"line":228,"column":10},"end":{"line":242,"column":17}},"line":228},"16":{"name":"(anonymous_16)","decl":{"start":{"line":233,"column":28},"end":{"line":233,"column":29}},"loc":{"start":{"line":234,"column":16},"end":{"line":239,"column":23}},"line":234},"17":{"name":"(anonymous_17)","decl":{"start":{"line":248,"column":29},"end":{"line":248,"column":30}},"loc":{"start":{"line":248,"column":35},"end":{"line":307,"column":3}},"line":248},"18":{"name":"(anonymous_18)","decl":{"start":{"line":272,"column":35},"end":{"line":272,"column":36}},"loc":{"start":{"line":273,"column":14},"end":{"line":275,"column":21}},"line":273},"19":{"name":"(anonymous_19)","decl":{"start":{"line":283,"column":45},"end":{"line":283,"column":46}},"loc":{"start":{"line":284,"column":14},"end":{"line":286,"column":21}},"line":284},"20":{"name":"(anonymous_20)","decl":{"start":{"line":296,"column":48},"end":{"line":296,"column":49}},"loc":{"start":{"line":297,"column":12},"end":{"line":299,"column":19}},"line":297},"21":{"name":"(anonymous_21)","decl":{"start":{"line":309,"column":27},"end":{"line":309,"column":28}},"loc":{"start":{"line":309,"column":33},"end":{"line":324,"column":3}},"line":309},"22":{"name":"(anonymous_22)","decl":{"start":{"line":371,"column":14},"end":{"line":371,"column":15}},"loc":{"start":{"line":372,"column":10},"end":{"line":400,"column":29}},"line":372},"23":{"name":"(anonymous_23)","decl":{"start":{"line":378,"column":21},"end":{"line":378,"column":22}},"loc":{"start":{"line":378,"column":27},"end":{"line":378,"column":55}},"line":378}},"branchMap":{"0":{"loc":{"start":{"line":37,"column":6},"end":{"line":39,"column":7}},"type":"if","locations":[{"start":{"line":37,"column":6},"end":{"line":39,"column":7}},{"start":{},"end":{}}],"line":37},"1":{"loc":{"start":{"line":44,"column":4},"end":{"line":46,"column":5}},"type":"if","locations":[{"start":{"line":44,"column":4},"end":{"line":46,"column":5}},{"start":{},"end":{}}],"line":44},"2":{"loc":{"start":{"line":44,"column":8},"end":{"line":44,"column":29}},"type":"binary-expr","locations":[{"start":{"line":44,"column":8},"end":{"line":44,"column":17}},{"start":{"line":44,"column":21},"end":{"line":44,"column":29}}],"line":44},"3":{"loc":{"start":{"line":64,"column":4},"end":{"line":64,"column":27}},"type":"if","locations":[{"start":{"line":64,"column":4},"end":{"line":64,"column":27}},{"start":{},"end":{}}],"line":64},"4":{"loc":{"start":{"line":79,"column":4},"end":{"line":81,"column":5}},"type":"if","locations":[{"start":{"line":79,"column":4},"end":{"line":81,"column":5}},{"start":{},"end":{}}],"line":79},"5":{"loc":{"start":{"line":79,"column":8},"end":{"line":79,"column":24}},"type":"binary-expr","locations":[{"start":{"line":79,"column":8},"end":{"line":79,"column":14}},{"start":{"line":79,"column":18},"end":{"line":79,"column":24}}],"line":79},"6":{"loc":{"start":{"line":85,"column":4},"end":{"line":85,"column":29}},"type":"if","locations":[{"start":{"line":85,"column":4},"end":{"line":85,"column":29}},{"start":{},"end":{}}],"line":85},"7":{"loc":{"start":{"line":113,"column":4},"end":{"line":113,"column":42}},"type":"if","locations":[{"start":{"line":113,"column":4},"end":{"line":113,"column":42}},{"start":{},"end":{}}],"line":113},"8":{"loc":{"start":{"line":124,"column":33},"end":{"line":124,"column":123}},"type":"cond-expr","locations":[{"start":{"line":124,"column":61},"end":{"line":124,"column":88}},{"start":{"line":124,"column":91},"end":{"line":124,"column":123}}],"line":124},"9":{"loc":{"start":{"line":127,"column":17},"end":{"line":127,"column":68}},"type":"cond-expr","locations":[{"start":{"line":127,"column":45},"end":{"line":127,"column":58}},{"start":{"line":127,"column":61},"end":{"line":127,"column":68}}],"line":127},"10":{"loc":{"start":{"line":132,"column":11},"end":{"line":137,"column":11}},"type":"binary-expr","locations":[{"start":{"line":132,"column":11},"end":{"line":132,"column":27}},{"start":{"line":133,"column":12},"end":{"line":136,"column":19}}],"line":132},"11":{"loc":{"start":{"line":155,"column":4},"end":{"line":164,"column":5}},"type":"if","locations":[{"start":{"line":155,"column":4},"end":{"line":164,"column":5}},{"start":{},"end":{}}],"line":155},"12":{"loc":{"start":{"line":155,"column":8},"end":{"line":155,"column":68}},"type":"binary-expr","locations":[{"start":{"line":155,"column":8},"end":{"line":155,"column":31}},{"start":{"line":155,"column":35},"end":{"line":155,"column":68}}],"line":155},"13":{"loc":{"start":{"line":200,"column":4},"end":{"line":209,"column":5}},"type":"if","locations":[{"start":{"line":200,"column":4},"end":{"line":209,"column":5}},{"start":{},"end":{}}],"line":200},"14":{"loc":{"start":{"line":200,"column":8},"end":{"line":200,"column":57}},"type":"binary-expr","locations":[{"start":{"line":200,"column":8},"end":{"line":200,"column":25}},{"start":{"line":200,"column":29},"end":{"line":200,"column":57}}],"line":200},"15":{"loc":{"start":{"line":212,"column":6},"end":{"line":214,"column":7}},"type":"if","locations":[{"start":{"line":212,"column":6},"end":{"line":214,"column":7}},{"start":{},"end":{}}],"line":212},"16":{"loc":{"start":{"line":249,"column":4},"end":{"line":249,"column":40}},"type":"if","locations":[{"start":{"line":249,"column":4},"end":{"line":249,"column":40}},{"start":{},"end":{}}],"line":249},"17":{"loc":{"start":{"line":262,"column":9},"end":{"line":267,"column":9}},"type":"binary-expr","locations":[{"start":{"line":262,"column":9},"end":{"line":262,"column":24}},{"start":{"line":263,"column":10},"end":{"line":266,"column":17}}],"line":262},"18":{"loc":{"start":{"line":269,"column":9},"end":{"line":278,"column":9}},"type":"binary-expr","locations":[{"start":{"line":269,"column":9},"end":{"line":269,"column":37}},{"start":{"line":270,"column":10},"end":{"line":277,"column":17}}],"line":269},"19":{"loc":{"start":{"line":280,"column":9},"end":{"line":292,"column":9}},"type":"binary-expr","locations":[{"start":{"line":280,"column":9},"end":{"line":280,"column":35}},{"start":{"line":281,"column":10},"end":{"line":291,"column":17}}],"line":280},"20":{"loc":{"start":{"line":285,"column":17},"end":{"line":285,"column":54}},"type":"cond-expr","locations":[{"start":{"line":285,"column":44},"end":{"line":285,"column":48}},{"start":{"line":285,"column":51},"end":{"line":285,"column":54}}],"line":285},"21":{"loc":{"start":{"line":288,"column":13},"end":{"line":290,"column":13}},"type":"binary-expr","locations":[{"start":{"line":288,"column":13},"end":{"line":288,"column":39}},{"start":{"line":289,"column":14},"end":{"line":289,"column":104}}],"line":288},"22":{"loc":{"start":{"line":301,"column":11},"end":{"line":303,"column":11}},"type":"binary-expr","locations":[{"start":{"line":301,"column":11},"end":{"line":301,"column":42}},{"start":{"line":302,"column":12},"end":{"line":302,"column":112}}],"line":301},"23":{"loc":{"start":{"line":310,"column":4},"end":{"line":323,"column":5}},"type":"switch","locations":[{"start":{"line":311,"column":6},"end":{"line":312,"column":31}},{"start":{"line":313,"column":6},"end":{"line":314,"column":38}},{"start":{"line":315,"column":6},"end":{"line":316,"column":33}},{"start":{"line":317,"column":6},"end":{"line":318,"column":35}},{"start":{"line":319,"column":6},"end":{"line":320,"column":36}},{"start":{"line":321,"column":6},"end":{"line":322,"column":31}}],"line":310},"24":{"loc":{"start":{"line":326,"column":2},"end":{"line":340,"column":3}},"type":"if","locations":[{"start":{"line":326,"column":2},"end":{"line":340,"column":3}},{"start":{},"end":{}}],"line":326},"25":{"loc":{"start":{"line":352,"column":9},"end":{"line":356,"column":9}},"type":"binary-expr","locations":[{"start":{"line":352,"column":9},"end":{"line":352,"column":15}},{"start":{"line":353,"column":10},"end":{"line":355,"column":29}}],"line":352},"26":{"loc":{"start":{"line":376,"column":14},"end":{"line":376,"column":61}},"type":"binary-expr","locations":[{"start":{"line":376,"column":14},"end":{"line":376,"column":35}},{"start":{"line":376,"column":39},"end":{"line":376,"column":61}}],"line":376},"27":{"loc":{"start":{"line":382,"column":16},"end":{"line":384,"column":42}},"type":"cond-expr","locations":[{"start":{"line":383,"column":20},"end":{"line":383,"column":42}},{"start":{"line":384,"column":20},"end":{"line":384,"column":42}}],"line":382},"28":{"loc":{"start":{"line":391,"column":23},"end":{"line":391,"column":90}},"type":"cond-expr","locations":[{"start":{"line":391,"column":47},"end":{"line":391,"column":54}},{"start":{"line":391,"column":57},"end":{"line":391,"column":90}}],"line":391},"29":{"loc":{"start":{"line":395,"column":16},"end":{"line":395,"column":67}},"type":"binary-expr","locations":[{"start":{"line":395,"column":16},"end":{"line":395,"column":37}},{"start":{"line":395,"column":41},"end":{"line":395,"column":67}}],"line":395}},"s":{"0":0,"1":0,"2":0,"3":0,"4":0,"5":0,"6":0,"7":0,"8":0,"9":0,"10":0,"11":0,"12":0,"13":0,"14":0,"15":0,"16":0,"17":0,"18":0,"19":0,"20":0,"21":0,"22":0,"23":0,"24":0,"25":0,"26":0,"27":0,"28":0,"29":0,"30":0,"31":0,"32":0,"33":0,"34":0,"35":0,"36":0,"37":0,"38":0,"39":0,"40":0,"41":0,"42":0,"43":0,"44":0,"45":0,"46":0,"47":0,"48":0,"49":0,"50":0,"51":0,"52":0,"53":0,"54":0,"55":0,"56":0,"57":0,"58":0,"59":0,"60":0,"61":0,"62":0,"63":0,"64":0,"65":0,"66":0,"67":0,"68":0,"69":0,"70":0,"71":0,"72":0,"73":0,"74":0,"75":0,"76":0,"77":0,"78":0,"79":0,"80":0},"f":{"0":0,"1":0,"2":0,"3":0,"4":0,"5":0,"6":0,"7":0,"8":0,"9":0,"10":0,"11":0,"12":0,"13":0,"14":0,"15":0,"16":0,"17":0,"18":0,"19":0,"20":0,"21":0,"22":0,"23":0},"b":{"0":[0,0],"1":[0,0],"2":[0,0],"3":[0,0],"4":[0,0],"5":[0,0],"6":[0,0],"7":[0,0],"8":[0,0],"9":[0,0],"10":[0,0],"11":[0,0],"12":[0,0],"13":[0,0],"14":[0,0],"15":[0,0],"16":[0,0],"17":[0,0],"18":[0,0],"19":[0,0],"20":[0,0],"21":[0,0],"22":[0,0],"23":[0,0,0,0,0,0],"24":[0,0],"25":[0,0],"26":[0,0],"27":[0,0],"28":[0,0],"29":[0,0]}}
,"/Users/naz/Desktop/Android/document scanner/DocumentScanner/components/BatchManager.tsx": {"path":"/Users/naz/Desktop/Android/document scanner/DocumentScanner/components/BatchManager.tsx","statementMap":{"0":{"start":{"line":18,"column":18},"end":{"line":18,"column":42}},"1":{"start":{"line":19,"column":18},"end":{"line":19,"column":34}},"2":{"start":{"line":31,"column":50},"end":{"line":321,"column":1}},"3":{"start":{"line":40,"column":52},"end":{"line":40,"column":84}},"4":{"start":{"line":41,"column":48},"end":{"line":41,"column":63}},"5":{"start":{"line":42,"column":52},"end":{"line":42,"column":67}},"6":{"start":{"line":44,"column":26},"end":{"line":63,"column":3}},"7":{"start":{"line":45,"column":4},"end":{"line":47,"column":5}},"8":{"start":{"line":46,"column":6},"end":{"line":46,"column":31}},"9":{"start":{"line":49,"column":4},"end":{"line":62,"column":7}},"10":{"start":{"line":50,"column":21},"end":{"line":50,"column":34}},"11":{"start":{"line":51,"column":6},"end":{"line":55,"column":7}},"12":{"start":{"line":52,"column":8},"end":{"line":52,"column":34}},"13":{"start":{"line":54,"column":8},"end":{"line":54,"column":31}},"14":{"start":{"line":57,"column":6},"end":{"line":59,"column":7}},"15":{"start":{"line":58,"column":8},"end":{"line":58,"column":34}},"16":{"start":{"line":61,"column":6},"end":{"line":61,"column":20}},"17":{"start":{"line":65,"column":20},"end":{"line":67,"column":3}},"18":{"start":{"line":66,"column":4},"end":{"line":66,"column":64}},"19":{"start":{"line":66,"column":54},"end":{"line":66,"column":60}},"20":{"start":{"line":69,"column":25},"end":{"line":72,"column":3}},"21":{"start":{"line":70,"column":4},"end":{"line":70,"column":36}},"22":{"start":{"line":71,"column":4},"end":{"line":71,"column":30}},"23":{"start":{"line":74,"column":25},"end":{"line":90,"column":3}},"24":{"start":{"line":75,"column":4},"end":{"line":89,"column":6}},"25":{"start":{"line":84,"column":12},"end":{"line":84,"column":66}},"26":{"start":{"line":84,"column":44},"end":{"line":84,"column":64}},"27":{"start":{"line":85,"column":12},"end":{"line":85,"column":29}},"28":{"start":{"line":92,"column":26},"end":{"line":99,"column":3}},"29":{"start":{"line":93,"column":25},"end":{"line":95,"column":17}},"30":{"start":{"line":94,"column":32},"end":{"line":94,"column":61}},"31":{"start":{"line":97,"column":4},"end":{"line":97,"column":30}},"32":{"start":{"line":98,"column":4},"end":{"line":98,"column":14}},"33":{"start":{"line":101,"column":23},"end":{"line":106,"column":3}},"34":{"start":{"line":102,"column":25},"end":{"line":102,"column":39}},"35":{"start":{"line":103,"column":23},"end":{"line":103,"column":56}},"36":{"start":{"line":104,"column":4},"end":{"line":104,"column":46}},"37":{"start":{"line":105,"column":4},"end":{"line":105,"column":37}},"38":{"start":{"line":108,"column":25},"end":{"line":169,"column":3}},"39":{"start":{"line":109,"column":23},"end":{"line":109,"column":52}},"40":{"start":{"line":111,"column":4},"end":{"line":168,"column":6}},"41":{"start":{"line":115,"column":10},"end":{"line":117,"column":11}},"42":{"start":{"line":116,"column":12},"end":{"line":116,"column":36}},"43":{"start":{"line":119,"column":27},"end":{"line":119,"column":50}},"44":{"start":{"line":144,"column":27},"end":{"line":144,"column":51}},"45":{"start":{"line":153,"column":27},"end":{"line":153,"column":57}},"46":{"start":{"line":162,"column":27},"end":{"line":162,"column":57}},"47":{"start":{"line":171,"column":27},"end":{"line":179,"column":3}},"48":{"start":{"line":172,"column":4},"end":{"line":178,"column":11}},"49":{"start":{"line":181,"column":2},"end":{"line":320,"column":4}},"50":{"start":{"line":209,"column":16},"end":{"line":213,"column":17}},"51":{"start":{"line":210,"column":18},"end":{"line":210,"column":35}},"52":{"start":{"line":212,"column":18},"end":{"line":212,"column":43}},"53":{"start":{"line":253,"column":34},"end":{"line":253,"column":41}},"54":{"start":{"line":264,"column":27},"end":{"line":264,"column":53}},"55":{"start":{"line":284,"column":32},"end":{"line":284,"column":59}},"56":{"start":{"line":311,"column":31},"end":{"line":311,"column":58}},"57":{"start":{"line":323,"column":15},"end":{"line":587,"column":2}}},"fnMap":{"0":{"name":"(anonymous_0)","decl":{"start":{"line":31,"column":50},"end":{"line":31,"column":51}},"loc":{"start":{"line":39,"column":6},"end":{"line":321,"column":1}},"line":39},"1":{"name":"(anonymous_1)","decl":{"start":{"line":44,"column":26},"end":{"line":44,"column":27}},"loc":{"start":{"line":44,"column":50},"end":{"line":63,"column":3}},"line":44},"2":{"name":"(anonymous_2)","decl":{"start":{"line":49,"column":25},"end":{"line":49,"column":26}},"loc":{"start":{"line":49,"column":33},"end":{"line":62,"column":5}},"line":49},"3":{"name":"(anonymous_3)","decl":{"start":{"line":65,"column":20},"end":{"line":65,"column":21}},"loc":{"start":{"line":65,"column":26},"end":{"line":67,"column":3}},"line":65},"4":{"name":"(anonymous_4)","decl":{"start":{"line":66,"column":47},"end":{"line":66,"column":48}},"loc":{"start":{"line":66,"column":54},"end":{"line":66,"column":60}},"line":66},"5":{"name":"(anonymous_5)","decl":{"start":{"line":69,"column":25},"end":{"line":69,"column":26}},"loc":{"start":{"line":69,"column":31},"end":{"line":72,"column":3}},"line":69},"6":{"name":"(anonymous_6)","decl":{"start":{"line":74,"column":25},"end":{"line":74,"column":26}},"loc":{"start":{"line":74,"column":31},"end":{"line":90,"column":3}},"line":74},"7":{"name":"(anonymous_7)","decl":{"start":{"line":83,"column":19},"end":{"line":83,"column":20}},"loc":{"start":{"line":83,"column":25},"end":{"line":86,"column":11}},"line":83},"8":{"name":"(anonymous_8)","decl":{"start":{"line":84,"column":38},"end":{"line":84,"column":39}},"loc":{"start":{"line":84,"column":44},"end":{"line":84,"column":64}},"line":84},"9":{"name":"(anonymous_9)","decl":{"start":{"line":92,"column":26},"end":{"line":92,"column":27}},"loc":{"start":{"line":92,"column":32},"end":{"line":99,"column":3}},"line":92},"10":{"name":"(anonymous_10)","decl":{"start":{"line":94,"column":25},"end":{"line":94,"column":26}},"loc":{"start":{"line":94,"column":32},"end":{"line":94,"column":61}},"line":94},"11":{"name":"(anonymous_11)","decl":{"start":{"line":101,"column":23},"end":{"line":101,"column":24}},"loc":{"start":{"line":101,"column":63},"end":{"line":106,"column":3}},"line":101},"12":{"name":"(anonymous_12)","decl":{"start":{"line":108,"column":25},"end":{"line":108,"column":26}},"loc":{"start":{"line":108,"column":93},"end":{"line":169,"column":3}},"line":108},"13":{"name":"(anonymous_13)","decl":{"start":{"line":114,"column":17},"end":{"line":114,"column":18}},"loc":{"start":{"line":114,"column":23},"end":{"line":118,"column":9}},"line":114},"14":{"name":"(anonymous_14)","decl":{"start":{"line":119,"column":21},"end":{"line":119,"column":22}},"loc":{"start":{"line":119,"column":27},"end":{"line":119,"column":50}},"line":119},"15":{"name":"(anonymous_15)","decl":{"start":{"line":144,"column":21},"end":{"line":144,"column":22}},"loc":{"start":{"line":144,"column":27},"end":{"line":144,"column":51}},"line":144},"16":{"name":"(anonymous_16)","decl":{"start":{"line":153,"column":21},"end":{"line":153,"column":22}},"loc":{"start":{"line":153,"column":27},"end":{"line":153,"column":57}},"line":153},"17":{"name":"(anonymous_17)","decl":{"start":{"line":162,"column":21},"end":{"line":162,"column":22}},"loc":{"start":{"line":162,"column":27},"end":{"line":162,"column":57}},"line":162},"18":{"name":"(anonymous_18)","decl":{"start":{"line":171,"column":27},"end":{"line":171,"column":28}},"loc":{"start":{"line":172,"column":4},"end":{"line":178,"column":11}},"line":172},"19":{"name":"(anonymous_19)","decl":{"start":{"line":208,"column":23},"end":{"line":208,"column":24}},"loc":{"start":{"line":208,"column":29},"end":{"line":214,"column":15}},"line":208},"20":{"name":"(anonymous_20)","decl":{"start":{"line":253,"column":24},"end":{"line":253,"column":25}},"loc":{"start":{"line":253,"column":34},"end":{"line":253,"column":41}},"line":253},"21":{"name":"(anonymous_21)","decl":{"start":{"line":264,"column":21},"end":{"line":264,"column":22}},"loc":{"start":{"line":264,"column":27},"end":{"line":264,"column":53}},"line":264},"22":{"name":"(anonymous_22)","decl":{"start":{"line":284,"column":26},"end":{"line":284,"column":27}},"loc":{"start":{"line":284,"column":32},"end":{"line":284,"column":59}},"line":284},"23":{"name":"(anonymous_23)","decl":{"start":{"line":311,"column":25},"end":{"line":311,"column":26}},"loc":{"start":{"line":311,"column":31},"end":{"line":311,"column":58}},"line":311}},"branchMap":{"0":{"loc":{"start":{"line":45,"column":4},"end":{"line":47,"column":5}},"type":"if","locations":[{"start":{"line":45,"column":4},"end":{"line":47,"column":5}},{"start":{},"end":{}}],"line":45},"1":{"loc":{"start":{"line":51,"column":6},"end":{"line":55,"column":7}},"type":"if","locations":[{"start":{"line":51,"column":6},"end":{"line":55,"column":7}},{"start":{"line":53,"column":13},"end":{"line":55,"column":7}}],"line":51},"2":{"loc":{"start":{"line":57,"column":6},"end":{"line":59,"column":7}},"type":"if","locations":[{"start":{"line":57,"column":6},"end":{"line":59,"column":7}},{"start":{},"end":{}}],"line":57},"3":{"loc":{"start":{"line":93,"column":25},"end":{"line":95,"column":17}},"type":"cond-expr","locations":[{"start":{"line":94,"column":8},"end":{"line":94,"column":62}},{"start":{"line":95,"column":8},"end":{"line":95,"column":17}}],"line":93},"4":{"loc":{"start":{"line":113,"column":37},"end":{"line":113,"column":70}},"type":"binary-expr","locations":[{"start":{"line":113,"column":37},"end":{"line":113,"column":47}},{"start":{"line":113,"column":51},"end":{"line":113,"column":70}}],"line":113},"5":{"loc":{"start":{"line":115,"column":10},"end":{"line":117,"column":11}},"type":"if","locations":[{"start":{"line":115,"column":10},"end":{"line":117,"column":11}},{"start":{},"end":{}}],"line":115},"6":{"loc":{"start":{"line":126,"column":13},"end":{"line":126,"column":112}},"type":"cond-expr","locations":[{"start":{"line":126,"column":37},"end":{"line":126,"column":47}},{"start":{"line":126,"column":50},"end":{"line":126,"column":112}}],"line":126},"7":{"loc":{"start":{"line":133,"column":9},"end":{"line":139,"column":9}},"type":"binary-expr","locations":[{"start":{"line":133,"column":9},"end":{"line":133,"column":19}},{"start":{"line":134,"column":10},"end":{"line":138,"column":17}}],"line":133},"8":{"loc":{"start":{"line":150,"column":9},"end":{"line":157,"column":9}},"type":"binary-expr","locations":[{"start":{"line":150,"column":9},"end":{"line":150,"column":18}},{"start":{"line":151,"column":10},"end":{"line":156,"column":29}}],"line":150},"9":{"loc":{"start":{"line":159,"column":9},"end":{"line":166,"column":9}},"type":"binary-expr","locations":[{"start":{"line":159,"column":9},"end":{"line":159,"column":37}},{"start":{"line":160,"column":10},"end":{"line":165,"column":29}}],"line":159},"10":{"loc":{"start":{"line":202,"column":44},"end":{"line":202,"column":77}},"type":"cond-expr","locations":[{"start":{"line":202,"column":69},"end":{"line":202,"column":72}},{"start":{"line":202,"column":75},"end":{"line":202,"column":77}}],"line":202},"11":{"loc":{"start":{"line":209,"column":16},"end":{"line":213,"column":17}},"type":"if","locations":[{"start":{"line":209,"column":16},"end":{"line":213,"column":17}},{"start":{"line":211,"column":23},"end":{"line":213,"column":17}}],"line":209},"12":{"loc":{"start":{"line":217,"column":22},"end":{"line":217,"column":68}},"type":"cond-expr","locations":[{"start":{"line":217,"column":40},"end":{"line":217,"column":47}},{"start":{"line":217,"column":50},"end":{"line":217,"column":68}}],"line":217},"13":{"loc":{"start":{"line":226,"column":9},"end":{"line":247,"column":9}},"type":"binary-expr","locations":[{"start":{"line":226,"column":9},"end":{"line":226,"column":24}},{"start":{"line":227,"column":10},"end":{"line":246,"column":17}}],"line":226},"14":{"loc":{"start":{"line":236,"column":13},"end":{"line":245,"column":13}},"type":"binary-expr","locations":[{"start":{"line":236,"column":13},"end":{"line":236,"column":39}},{"start":{"line":237,"column":14},"end":{"line":244,"column":33}}],"line":236},"15":{"loc":{"start":{"line":295,"column":21},"end":{"line":297,"column":66}},"type":"cond-expr","locations":[{"start":{"line":296,"column":24},"end":{"line":296,"column":77}},{"start":{"line":297,"column":24},"end":{"line":297,"column":66}}],"line":295}},"s":{"0":0,"1":0,"2":0,"3":0,"4":0,"5":0,"6":0,"7":0,"8":0,"9":0,"10":0,"11":0,"12":0,"13":0,"14":0,"15":0,"16":0,"17":0,"18":0,"19":0,"20":0,"21":0,"22":0,"23":0,"24":0,"25":0,"26":0,"27":0,"28":0,"29":0,"30":0,"31":0,"32":0,"33":0,"34":0,"35":0,"36":0,"37":0,"38":0,"39":0,"40":0,"41":0,"42":0,"43":0,"44":0,"45":0,"46":0,"47":0,"48":0,"49":0,"50":0,"51":0,"52":0,"53":0,"54":0,"55":0,"56":0,"57":0},"f":{"0":0,"1":0,"2":0,"3":0,"4":0,"5":0,"6":0,"7":0,"8":0,"9":0,"10":0,"11":0,"12":0,"13":0,"14":0,"15":0,"16":0,"17":0,"18":0,"19":0,"20":0,"21":0,"22":0,"23":0},"b":{"0":[0,0],"1":[0,0],"2":[0,0],"3":[0,0],"4":[0,0],"5":[0,0],"6":[0,0],"7":[0,0],"8":[0,0],"9":[0,0],"10":[0,0],"11":[0,0],"12":[0,0],"13":[0,0],"14":[0,0],"15":[0,0]}}
,"/Users/naz/Desktop/Android/document scanner/DocumentScanner/components/BatchScanner.tsx": {"path":"/Users/naz/Desktop/Android/document scanner/DocumentScanner/components/BatchScanner.tsx","statementMap":{"0":{"start":{"line":21,"column":26},"end":{"line":21,"column":50}},"1":{"start":{"line":44,"column":50},"end":{"line":744,"column":1}},"2":{"start":{"line":50,"column":50},"end":{"line":50,"column":81}},"3":{"start":{"line":51,"column":40},"end":{"line":51,"column":86}},"4":{"start":{"line":52,"column":38},"end":{"line":52,"column":53}},"5":{"start":{"line":53,"column":21},"end":{"line":53,"column":52}},"6":{"start":{"line":54,"column":20},"end":{"line":54,"column":44}},"7":{"start":{"line":57,"column":50},"end":{"line":57,"column":64}},"8":{"start":{"line":58,"column":42},"end":{"line":58,"column":53}},"9":{"start":{"line":59,"column":44},"end":{"line":59,"column":66}},"10":{"start":{"line":60,"column":42},"end":{"line":60,"column":62}},"11":{"start":{"line":63,"column":56},"end":{"line":63,"column":71}},"12":{"start":{"line":64,"column":40},"end":{"line":64,"column":55}},"13":{"start":{"line":65,"column":42},"end":{"line":65,"column":62}},"14":{"start":{"line":68,"column":58},"end":{"line":68,"column":72}},"15":{"start":{"line":73,"column":48},"end":{"line":73,"column":63}},"16":{"start":{"line":74,"column":40},"end":{"line":74,"column":78}},"17":{"start":{"line":78,"column":36},"end":{"line":78,"column":74}},"18":{"start":{"line":81,"column":50},"end":{"line":81,"column":65}},"19":{"start":{"line":83,"column":2},"end":{"line":97,"column":21}},"20":{"start":{"line":85,"column":4},"end":{"line":89,"column":5}},"21":{"start":{"line":86,"column":6},"end":{"line":86,"column":30}},"22":{"start":{"line":88,"column":6},"end":{"line":88,"column":31}},"23":{"start":{"line":92,"column":4},"end":{"line":96,"column":15}},"24":{"start":{"line":100,"column":32},"end":{"line":121,"column":3}},"25":{"start":{"line":101,"column":29},"end":{"line":101,"column":31}},"26":{"start":{"line":102,"column":19},"end":{"line":102,"column":21}},"27":{"start":{"line":104,"column":4},"end":{"line":117,"column":5}},"28":{"start":{"line":105,"column":6},"end":{"line":105,"column":35}},"29":{"start":{"line":106,"column":6},"end":{"line":106,"column":34}},"30":{"start":{"line":107,"column":6},"end":{"line":107,"column":56}},"31":{"start":{"line":108,"column":11},"end":{"line":117,"column":5}},"32":{"start":{"line":109,"column":6},"end":{"line":109,"column":37}},"33":{"start":{"line":110,"column":6},"end":{"line":110,"column":59}},"34":{"start":{"line":111,"column":11},"end":{"line":117,"column":5}},"35":{"start":{"line":112,"column":6},"end":{"line":112,"column":34}},"36":{"start":{"line":113,"column":6},"end":{"line":113,"column":36}},"37":{"start":{"line":115,"column":6},"end":{"line":115,"column":39}},"38":{"start":{"line":116,"column":6},"end":{"line":116,"column":45}},"39":{"start":{"line":119,"column":4},"end":{"line":119,"column":29}},"40":{"start":{"line":120,"column":4},"end":{"line":120,"column":30}},"41":{"start":{"line":123,"column":31},"end":{"line":200,"column":3}},"42":{"start":{"line":124,"column":4},"end":{"line":124,"column":49}},"43":{"start":{"line":124,"column":42},"end":{"line":124,"column":49}},"44":{"start":{"line":126,"column":4},"end":{"line":199,"column":5}},"45":{"start":{"line":127,"column":6},"end":{"line":127,"column":26}},"46":{"start":{"line":130,"column":30},"end":{"line":130,"column":43}},"47":{"start":{"line":131,"column":6},"end":{"line":131,"column":57}},"48":{"start":{"line":132,"column":6},"end":{"line":132,"column":45}},"49":{"start":{"line":135,"column":6},"end":{"line":135,"column":61}},"50":{"start":{"line":135,"column":35},"end":{"line":135,"column":59}},"51":{"start":{"line":138,"column":20},"end":{"line":142,"column":8}},"52":{"start":{"line":145,"column":26},"end":{"line":145,"column":50}},"53":{"start":{"line":146,"column":26},"end":{"line":146,"column":30}},"54":{"start":{"line":147,"column":27},"end":{"line":147,"column":64}},"55":{"start":{"line":150,"column":27},"end":{"line":154,"column":7}},"56":{"start":{"line":157,"column":26},"end":{"line":157,"column":44}},"57":{"start":{"line":158,"column":27},"end":{"line":158,"column":46}},"58":{"start":{"line":161,"column":24},"end":{"line":161,"column":58}},"59":{"start":{"line":162,"column":25},"end":{"line":162,"column":61}},"60":{"start":{"line":165,"column":22},"end":{"line":165,"column":76}},"61":{"start":{"line":166,"column":22},"end":{"line":166,"column":78}},"62":{"start":{"line":168,"column":29},"end":{"line":172,"column":7}},"63":{"start":{"line":174,"column":43},"end":{"line":179,"column":7}},"64":{"start":{"line":181,"column":6},"end":{"line":181,"column":58}},"65":{"start":{"line":181,"column":34},"end":{"line":181,"column":56}},"66":{"start":{"line":184,"column":6},"end":{"line":193,"column":7}},"67":{"start":{"line":185,"column":8},"end":{"line":185,"column":31}},"68":{"start":{"line":188,"column":26},"end":{"line":188,"column":53}},"69":{"start":{"line":189,"column":8},"end":{"line":192,"column":9}},"70":{"start":{"line":191,"column":10},"end":{"line":191,"column":17}},"71":{"start":{"line":195,"column":6},"end":{"line":195,"column":53}},"72":{"start":{"line":196,"column":6},"end":{"line":196,"column":54}},"73":{"start":{"line":198,"column":6},"end":{"line":198,"column":27}},"74":{"start":{"line":202,"column":29},"end":{"line":224,"column":3}},"75":{"start":{"line":203,"column":41},"end":{"line":208,"column":5}},"76":{"start":{"line":210,"column":4},"end":{"line":210,"column":56}},"77":{"start":{"line":210,"column":32},"end":{"line":210,"column":54}},"78":{"start":{"line":211,"column":4},"end":{"line":211,"column":25}},"79":{"start":{"line":214,"column":4},"end":{"line":223,"column":5}},"80":{"start":{"line":215,"column":6},"end":{"line":215,"column":29}},"81":{"start":{"line":218,"column":24},"end":{"line":218,"column":51}},"82":{"start":{"line":219,"column":6},"end":{"line":222,"column":7}},"83":{"start":{"line":221,"column":8},"end":{"line":221,"column":15}},"84":{"start":{"line":226,"column":31},"end":{"line":228,"column":3}},"85":{"start":{"line":227,"column":4},"end":{"line":227,"column":75}},"86":{"start":{"line":227,"column":32},"end":{"line":227,"column":73}},"87":{"start":{"line":227,"column":51},"end":{"line":227,"column":72}},"88":{"start":{"line":230,"column":30},"end":{"line":237,"column":3}},"89":{"start":{"line":231,"column":4},"end":{"line":234,"column":5}},"90":{"start":{"line":232,"column":6},"end":{"line":232,"column":100}},"91":{"start":{"line":233,"column":6},"end":{"line":233,"column":13}},"92":{"start":{"line":236,"column":4},"end":{"line":236,"column":33}},"93":{"start":{"line":239,"column":24},"end":{"line":245,"column":3}},"94":{"start":{"line":240,"column":4},"end":{"line":244,"column":5}},"95":{"start":{"line":241,"column":6},"end":{"line":241,"column":30}},"96":{"start":{"line":243,"column":6},"end":{"line":243,"column":31}},"97":{"start":{"line":247,"column":29},"end":{"line":250,"column":3}},"98":{"start":{"line":248,"column":4},"end":{"line":248,"column":59}},"99":{"start":{"line":248,"column":41},"end":{"line":248,"column":59}},"100":{"start":{"line":249,"column":4},"end":{"line":249,"column":64}},"101":{"start":{"line":252,"column":26},"end":{"line":256,"column":3}},"102":{"start":{"line":253,"column":18},"end":{"line":253,"column":48}},"103":{"start":{"line":254,"column":20},"end":{"line":254,"column":43}},"104":{"start":{"line":255,"column":4},"end":{"line":255,"column":33}},"105":{"start":{"line":259,"column":29},"end":{"line":266,"column":3}},"106":{"start":{"line":260,"column":4},"end":{"line":260,"column":42}},"107":{"start":{"line":260,"column":35},"end":{"line":260,"column":40}},"108":{"start":{"line":261,"column":4},"end":{"line":265,"column":5}},"109":{"start":{"line":262,"column":6},"end":{"line":262,"column":28}},"110":{"start":{"line":264,"column":6},"end":{"line":264,"column":27}},"111":{"start":{"line":268,"column":30},"end":{"line":295,"column":3}},"112":{"start":{"line":269,"column":4},"end":{"line":269,"column":25}},"113":{"start":{"line":270,"column":4},"end":{"line":270,"column":36}},"114":{"start":{"line":273,"column":4},"end":{"line":294,"column":13}},"115":{"start":{"line":274,"column":23},"end":{"line":274,"column":65}},"116":{"start":{"line":275,"column":28},"end":{"line":275,"column":81}},"117":{"start":{"line":276,"column":6},"end":{"line":276,"column":51}},"118":{"start":{"line":279,"column":6},"end":{"line":293,"column":7}},"119":{"start":{"line":280,"column":8},"end":{"line":287,"column":16}},"120":{"start":{"line":281,"column":10},"end":{"line":281,"column":33}},"121":{"start":{"line":282,"column":10},"end":{"line":282,"column":39}},"122":{"start":{"line":283,"column":10},"end":{"line":286,"column":19}},"123":{"start":{"line":284,"column":12},"end":{"line":284,"column":34}},"124":{"start":{"line":285,"column":12},"end":{"line":285,"column":32}},"125":{"start":{"line":289,"column":8},"end":{"line":292,"column":17}},"126":{"start":{"line":290,"column":10},"end":{"line":290,"column":32}},"127":{"start":{"line":291,"column":10},"end":{"line":291,"column":30}},"128":{"start":{"line":297,"column":29},"end":{"line":300,"column":3}},"129":{"start":{"line":298,"column":4},"end":{"line":298,"column":26}},"130":{"start":{"line":299,"column":4},"end":{"line":299,"column":24}},"131":{"start":{"line":303,"column":29},"end":{"line":321,"column":3}},"132":{"start":{"line":304,"column":4},"end":{"line":320,"column":5}},"133":{"start":{"line":306,"column":6},"end":{"line":306,"column":61}},"134":{"start":{"line":306,"column":35},"end":{"line":306,"column":59}},"135":{"start":{"line":308,"column":25},"end":{"line":308,"column":50}},"136":{"start":{"line":309,"column":6},"end":{"line":309,"column":59}},"137":{"start":{"line":311,"column":6},"end":{"line":314,"column":7}},"138":{"start":{"line":312,"column":8},"end":{"line":312,"column":46}},"139":{"start":{"line":313,"column":8},"end":{"line":313,"column":28}},"140":{"start":{"line":316,"column":6},"end":{"line":316,"column":18}},"141":{"start":{"line":318,"column":6},"end":{"line":318,"column":62}},"142":{"start":{"line":319,"column":6},"end":{"line":319,"column":18}},"143":{"start":{"line":323,"column":30},"end":{"line":329,"column":3}},"144":{"start":{"line":324,"column":4},"end":{"line":324,"column":43}},"145":{"start":{"line":324,"column":36},"end":{"line":324,"column":41}},"146":{"start":{"line":325,"column":4},"end":{"line":328,"column":5}},"147":{"start":{"line":326,"column":6},"end":{"line":326,"column":36}},"148":{"start":{"line":327,"column":6},"end":{"line":327,"column":32}},"149":{"start":{"line":332,"column":25},"end":{"line":345,"column":3}},"150":{"start":{"line":333,"column":4},"end":{"line":333,"column":38}},"151":{"start":{"line":333,"column":31},"end":{"line":333,"column":36}},"152":{"start":{"line":334,"column":4},"end":{"line":344,"column":5}},"153":{"start":{"line":336,"column":6},"end":{"line":341,"column":9}},"154":{"start":{"line":343,"column":6},"end":{"line":343,"column":27}},"155":{"start":{"line":347,"column":27},"end":{"line":357,"column":3}},"156":{"start":{"line":348,"column":4},"end":{"line":348,"column":29}},"157":{"start":{"line":348,"column":22},"end":{"line":348,"column":29}},"158":{"start":{"line":350,"column":4},"end":{"line":356,"column":7}},"159":{"start":{"line":351,"column":6},"end":{"line":351,"column":29}},"160":{"start":{"line":351,"column":17},"end":{"line":351,"column":29}},"161":{"start":{"line":352,"column":6},"end":{"line":355,"column":8}},"162":{"start":{"line":359,"column":20},"end":{"line":366,"column":3}},"163":{"start":{"line":360,"column":4},"end":{"line":365,"column":7}},"164":{"start":{"line":369,"column":22},"end":{"line":378,"column":3}},"165":{"start":{"line":370,"column":4},"end":{"line":377,"column":7}},"166":{"start":{"line":371,"column":6},"end":{"line":376,"column":7}},"167":{"start":{"line":372,"column":20},"end":{"line":372,"column":32}},"168":{"start":{"line":373,"column":19},"end":{"line":373,"column":33}},"169":{"start":{"line":374,"column":21},"end":{"line":374,"column":34}},"170":{"start":{"line":375,"column":17},"end":{"line":375,"column":30}},"171":{"start":{"line":380,"column":32},"end":{"line":400,"column":3}},"172":{"start":{"line":381,"column":4},"end":{"line":399,"column":11}},"173":{"start":{"line":395,"column":23},"end":{"line":395,"column":51}},"174":{"start":{"line":402,"column":21},"end":{"line":406,"column":3}},"175":{"start":{"line":403,"column":20},"end":{"line":403,"column":43}},"176":{"start":{"line":404,"column":16},"end":{"line":404,"column":46}},"177":{"start":{"line":405,"column":4},"end":{"line":405,"column":25}},"178":{"start":{"line":408,"column":21},"end":{"line":415,"column":3}},"179":{"start":{"line":409,"column":4},"end":{"line":413,"column":5}},"180":{"start":{"line":410,"column":23},"end":{"line":410,"column":73}},"181":{"start":{"line":410,"column":52},"end":{"line":410,"column":72}},"182":{"start":{"line":411,"column":22},"end":{"line":411,"column":71}},"183":{"start":{"line":411,"column":51},"end":{"line":411,"column":70}},"184":{"start":{"line":412,"column":6},"end":{"line":412,"column":33}},"185":{"start":{"line":414,"column":4},"end":{"line":414,"column":40}},"186":{"start":{"line":417,"column":2},"end":{"line":743,"column":4}},"187":{"start":{"line":459,"column":31},"end":{"line":459,"column":77}},"188":{"start":{"line":505,"column":33},"end":{"line":505,"column":57}},"189":{"start":{"line":512,"column":33},"end":{"line":512,"column":57}},"190":{"start":{"line":519,"column":33},"end":{"line":519,"column":57}},"191":{"start":{"line":526,"column":33},"end":{"line":526,"column":57}},"192":{"start":{"line":555,"column":29},"end":{"line":555,"column":67}},"193":{"start":{"line":677,"column":22},"end":{"line":679,"column":29}},"194":{"start":{"line":715,"column":36},"end":{"line":715,"column":43}},"195":{"start":{"line":746,"column":15},"end":{"line":1193,"column":2}}},"fnMap":{"0":{"name":"(anonymous_0)","decl":{"start":{"line":44,"column":50},"end":{"line":44,"column":51}},"loc":{"start":{"line":49,"column":6},"end":{"line":744,"column":1}},"line":49},"1":{"name":"(anonymous_1)","decl":{"start":{"line":83,"column":12},"end":{"line":83,"column":13}},"loc":{"start":{"line":83,"column":18},"end":{"line":97,"column":3}},"line":83},"2":{"name":"(anonymous_2)","decl":{"start":{"line":100,"column":32},"end":{"line":100,"column":33}},"loc":{"start":{"line":100,"column":53},"end":{"line":121,"column":3}},"line":100},"3":{"name":"(anonymous_3)","decl":{"start":{"line":123,"column":31},"end":{"line":123,"column":32}},"loc":{"start":{"line":123,"column":43},"end":{"line":200,"column":3}},"line":123},"4":{"name":"(anonymous_4)","decl":{"start":{"line":135,"column":24},"end":{"line":135,"column":25}},"loc":{"start":{"line":135,"column":35},"end":{"line":135,"column":59}},"line":135},"5":{"name":"(anonymous_5)","decl":{"start":{"line":181,"column":26},"end":{"line":181,"column":27}},"loc":{"start":{"line":181,"column":34},"end":{"line":181,"column":56}},"line":181},"6":{"name":"(anonymous_6)","decl":{"start":{"line":202,"column":29},"end":{"line":202,"column":30}},"loc":{"start":{"line":202,"column":51},"end":{"line":224,"column":3}},"line":202},"7":{"name":"(anonymous_7)","decl":{"start":{"line":210,"column":24},"end":{"line":210,"column":25}},"loc":{"start":{"line":210,"column":32},"end":{"line":210,"column":54}},"line":210},"8":{"name":"(anonymous_8)","decl":{"start":{"line":226,"column":31},"end":{"line":226,"column":32}},"loc":{"start":{"line":226,"column":55},"end":{"line":228,"column":3}},"line":226},"9":{"name":"(anonymous_9)","decl":{"start":{"line":227,"column":24},"end":{"line":227,"column":25}},"loc":{"start":{"line":227,"column":32},"end":{"line":227,"column":73}},"line":227},"10":{"name":"(anonymous_10)","decl":{"start":{"line":227,"column":44},"end":{"line":227,"column":45}},"loc":{"start":{"line":227,"column":51},"end":{"line":227,"column":72}},"line":227},"11":{"name":"(anonymous_11)","decl":{"start":{"line":230,"column":30},"end":{"line":230,"column":31}},"loc":{"start":{"line":230,"column":36},"end":{"line":237,"column":3}},"line":230},"12":{"name":"(anonymous_12)","decl":{"start":{"line":239,"column":24},"end":{"line":239,"column":25}},"loc":{"start":{"line":239,"column":30},"end":{"line":245,"column":3}},"line":239},"13":{"name":"(anonymous_13)","decl":{"start":{"line":247,"column":29},"end":{"line":247,"column":30}},"loc":{"start":{"line":247,"column":35},"end":{"line":250,"column":3}},"line":247},"14":{"name":"(anonymous_14)","decl":{"start":{"line":252,"column":26},"end":{"line":252,"column":27}},"loc":{"start":{"line":252,"column":32},"end":{"line":256,"column":3}},"line":252},"15":{"name":"(anonymous_15)","decl":{"start":{"line":259,"column":29},"end":{"line":259,"column":30}},"loc":{"start":{"line":259,"column":35},"end":{"line":266,"column":3}},"line":259},"16":{"name":"(anonymous_16)","decl":{"start":{"line":260,"column":27},"end":{"line":260,"column":28}},"loc":{"start":{"line":260,"column":35},"end":{"line":260,"column":40}},"line":260},"17":{"name":"(anonymous_17)","decl":{"start":{"line":268,"column":30},"end":{"line":268,"column":31}},"loc":{"start":{"line":268,"column":36},"end":{"line":295,"column":3}},"line":268},"18":{"name":"(anonymous_18)","decl":{"start":{"line":273,"column":15},"end":{"line":273,"column":16}},"loc":{"start":{"line":273,"column":21},"end":{"line":294,"column":5}},"line":273},"19":{"name":"(anonymous_19)","decl":{"start":{"line":280,"column":19},"end":{"line":280,"column":20}},"loc":{"start":{"line":280,"column":25},"end":{"line":287,"column":9}},"line":280},"20":{"name":"(anonymous_20)","decl":{"start":{"line":283,"column":21},"end":{"line":283,"column":22}},"loc":{"start":{"line":283,"column":27},"end":{"line":286,"column":11}},"line":283},"21":{"name":"(anonymous_21)","decl":{"start":{"line":289,"column":19},"end":{"line":289,"column":20}},"loc":{"start":{"line":289,"column":25},"end":{"line":292,"column":9}},"line":289},"22":{"name":"(anonymous_22)","decl":{"start":{"line":297,"column":29},"end":{"line":297,"column":30}},"loc":{"start":{"line":297,"column":35},"end":{"line":300,"column":3}},"line":297},"23":{"name":"(anonymous_23)","decl":{"start":{"line":303,"column":29},"end":{"line":303,"column":30}},"loc":{"start":{"line":303,"column":87},"end":{"line":321,"column":3}},"line":303},"24":{"name":"(anonymous_24)","decl":{"start":{"line":306,"column":24},"end":{"line":306,"column":25}},"loc":{"start":{"line":306,"column":35},"end":{"line":306,"column":59}},"line":306},"25":{"name":"(anonymous_25)","decl":{"start":{"line":323,"column":30},"end":{"line":323,"column":31}},"loc":{"start":{"line":323,"column":36},"end":{"line":329,"column":3}},"line":323},"26":{"name":"(anonymous_26)","decl":{"start":{"line":324,"column":28},"end":{"line":324,"column":29}},"loc":{"start":{"line":324,"column":36},"end":{"line":324,"column":41}},"line":324},"27":{"name":"(anonymous_27)","decl":{"start":{"line":332,"column":25},"end":{"line":332,"column":26}},"loc":{"start":{"line":332,"column":31},"end":{"line":345,"column":3}},"line":332},"28":{"name":"(anonymous_28)","decl":{"start":{"line":333,"column":23},"end":{"line":333,"column":24}},"loc":{"start":{"line":333,"column":31},"end":{"line":333,"column":36}},"line":333},"29":{"name":"(anonymous_29)","decl":{"start":{"line":347,"column":27},"end":{"line":347,"column":28}},"loc":{"start":{"line":347,"column":84},"end":{"line":357,"column":3}},"line":347},"30":{"name":"(anonymous_30)","decl":{"start":{"line":350,"column":19},"end":{"line":350,"column":20}},"loc":{"start":{"line":350,"column":27},"end":{"line":356,"column":5}},"line":350},"31":{"name":"(anonymous_31)","decl":{"start":{"line":359,"column":20},"end":{"line":359,"column":21}},"loc":{"start":{"line":359,"column":26},"end":{"line":366,"column":3}},"line":359},"32":{"name":"(anonymous_32)","decl":{"start":{"line":369,"column":22},"end":{"line":369,"column":23}},"loc":{"start":{"line":369,"column":28},"end":{"line":378,"column":3}},"line":369},"33":{"name":"(anonymous_33)","decl":{"start":{"line":370,"column":17},"end":{"line":370,"column":18}},"loc":{"start":{"line":370,"column":25},"end":{"line":377,"column":5}},"line":370},"34":{"name":"(anonymous_34)","decl":{"start":{"line":380,"column":32},"end":{"line":380,"column":33}},"loc":{"start":{"line":381,"column":4},"end":{"line":399,"column":11}},"line":381},"35":{"name":"(anonymous_35)","decl":{"start":{"line":395,"column":17},"end":{"line":395,"column":18}},"loc":{"start":{"line":395,"column":23},"end":{"line":395,"column":51}},"line":395},"36":{"name":"(anonymous_36)","decl":{"start":{"line":402,"column":21},"end":{"line":402,"column":22}},"loc":{"start":{"line":402,"column":27},"end":{"line":406,"column":3}},"line":402},"37":{"name":"(anonymous_37)","decl":{"start":{"line":408,"column":21},"end":{"line":408,"column":22}},"loc":{"start":{"line":408,"column":27},"end":{"line":415,"column":3}},"line":408},"38":{"name":"(anonymous_38)","decl":{"start":{"line":410,"column":45},"end":{"line":410,"column":46}},"loc":{"start":{"line":410,"column":52},"end":{"line":410,"column":72}},"line":410},"39":{"name":"(anonymous_39)","decl":{"start":{"line":411,"column":44},"end":{"line":411,"column":45}},"loc":{"start":{"line":411,"column":51},"end":{"line":411,"column":70}},"line":411},"40":{"name":"(anonymous_40)","decl":{"start":{"line":459,"column":25},"end":{"line":459,"column":26}},"loc":{"start":{"line":459,"column":31},"end":{"line":459,"column":77}},"line":459},"41":{"name":"(anonymous_41)","decl":{"start":{"line":505,"column":27},"end":{"line":505,"column":28}},"loc":{"start":{"line":505,"column":33},"end":{"line":505,"column":57}},"line":505},"42":{"name":"(anonymous_42)","decl":{"start":{"line":512,"column":27},"end":{"line":512,"column":28}},"loc":{"start":{"line":512,"column":33},"end":{"line":512,"column":57}},"line":512},"43":{"name":"(anonymous_43)","decl":{"start":{"line":519,"column":27},"end":{"line":519,"column":28}},"loc":{"start":{"line":519,"column":33},"end":{"line":519,"column":57}},"line":519},"44":{"name":"(anonymous_44)","decl":{"start":{"line":526,"column":27},"end":{"line":526,"column":28}},"loc":{"start":{"line":526,"column":33},"end":{"line":526,"column":57}},"line":526},"45":{"name":"(anonymous_45)","decl":{"start":{"line":555,"column":23},"end":{"line":555,"column":24}},"loc":{"start":{"line":555,"column":29},"end":{"line":555,"column":67}},"line":555},"46":{"name":"(anonymous_46)","decl":{"start":{"line":676,"column":51},"end":{"line":676,"column":52}},"loc":{"start":{"line":677,"column":22},"end":{"line":679,"column":29}},"line":677},"47":{"name":"(anonymous_47)","decl":{"start":{"line":715,"column":26},"end":{"line":715,"column":27}},"loc":{"start":{"line":715,"column":36},"end":{"line":715,"column":43}},"line":715}},"branchMap":{"0":{"loc":{"start":{"line":85,"column":4},"end":{"line":89,"column":5}},"type":"if","locations":[{"start":{"line":85,"column":4},"end":{"line":89,"column":5}},{"start":{"line":87,"column":11},"end":{"line":89,"column":5}}],"line":85},"1":{"loc":{"start":{"line":104,"column":4},"end":{"line":117,"column":5}},"type":"if","locations":[{"start":{"line":104,"column":4},"end":{"line":117,"column":5}},{"start":{"line":108,"column":11},"end":{"line":117,"column":5}}],"line":104},"2":{"loc":{"start":{"line":108,"column":11},"end":{"line":117,"column":5}},"type":"if","locations":[{"start":{"line":108,"column":11},"end":{"line":117,"column":5}},{"start":{"line":111,"column":11},"end":{"line":117,"column":5}}],"line":108},"3":{"loc":{"start":{"line":111,"column":11},"end":{"line":117,"column":5}},"type":"if","locations":[{"start":{"line":111,"column":11},"end":{"line":117,"column":5}},{"start":{"line":114,"column":11},"end":{"line":117,"column":5}}],"line":111},"4":{"loc":{"start":{"line":124,"column":4},"end":{"line":124,"column":49}},"type":"if","locations":[{"start":{"line":124,"column":4},"end":{"line":124,"column":49}},{"start":{},"end":{}}],"line":124},"5":{"loc":{"start":{"line":124,"column":8},"end":{"line":124,"column":40}},"type":"binary-expr","locations":[{"start":{"line":124,"column":8},"end":{"line":124,"column":26}},{"start":{"line":124,"column":30},"end":{"line":124,"column":40}}],"line":124},"6":{"loc":{"start":{"line":184,"column":6},"end":{"line":193,"column":7}},"type":"if","locations":[{"start":{"line":184,"column":6},"end":{"line":193,"column":7}},{"start":{"line":186,"column":13},"end":{"line":193,"column":7}}],"line":184},"7":{"loc":{"start":{"line":184,"column":10},"end":{"line":184,"column":67}},"type":"binary-expr","locations":[{"start":{"line":184,"column":10},"end":{"line":184,"column":40}},{"start":{"line":184,"column":44},"end":{"line":184,"column":67}}],"line":184},"8":{"loc":{"start":{"line":189,"column":8},"end":{"line":192,"column":9}},"type":"if","locations":[{"start":{"line":189,"column":8},"end":{"line":192,"column":9}},{"start":{},"end":{}}],"line":189},"9":{"loc":{"start":{"line":189,"column":26},"end":{"line":189,"column":56}},"type":"binary-expr","locations":[{"start":{"line":189,"column":26},"end":{"line":189,"column":51}},{"start":{"line":189,"column":55},"end":{"line":189,"column":56}}],"line":189},"10":{"loc":{"start":{"line":214,"column":4},"end":{"line":223,"column":5}},"type":"if","locations":[{"start":{"line":214,"column":4},"end":{"line":223,"column":5}},{"start":{"line":216,"column":11},"end":{"line":223,"column":5}}],"line":214},"11":{"loc":{"start":{"line":214,"column":8},"end":{"line":214,"column":65}},"type":"binary-expr","locations":[{"start":{"line":214,"column":8},"end":{"line":214,"column":38}},{"start":{"line":214,"column":42},"end":{"line":214,"column":65}}],"line":214},"12":{"loc":{"start":{"line":219,"column":6},"end":{"line":222,"column":7}},"type":"if","locations":[{"start":{"line":219,"column":6},"end":{"line":222,"column":7}},{"start":{},"end":{}}],"line":219},"13":{"loc":{"start":{"line":219,"column":24},"end":{"line":219,"column":54}},"type":"binary-expr","locations":[{"start":{"line":219,"column":24},"end":{"line":219,"column":49}},{"start":{"line":219,"column":53},"end":{"line":219,"column":54}}],"line":219},"14":{"loc":{"start":{"line":231,"column":4},"end":{"line":234,"column":5}},"type":"if","locations":[{"start":{"line":231,"column":4},"end":{"line":234,"column":5}},{"start":{},"end":{}}],"line":231},"15":{"loc":{"start":{"line":240,"column":4},"end":{"line":244,"column":5}},"type":"if","locations":[{"start":{"line":240,"column":4},"end":{"line":244,"column":5}},{"start":{"line":242,"column":11},"end":{"line":244,"column":5}}],"line":240},"16":{"loc":{"start":{"line":248,"column":4},"end":{"line":248,"column":59}},"type":"if","locations":[{"start":{"line":248,"column":4},"end":{"line":248,"column":59}},{"start":{},"end":{}}],"line":248},"17":{"loc":{"start":{"line":249,"column":11},"end":{"line":249,"column":63}},"type":"cond-expr","locations":[{"start":{"line":249,"column":37},"end":{"line":249,"column":49}},{"start":{"line":249,"column":52},"end":{"line":249,"column":63}}],"line":249},"18":{"loc":{"start":{"line":253,"column":18},"end":{"line":253,"column":48}},"type":"binary-expr","locations":[{"start":{"line":253,"column":18},"end":{"line":253,"column":43}},{"start":{"line":253,"column":47},"end":{"line":253,"column":48}}],"line":253},"19":{"loc":{"start":{"line":261,"column":4},"end":{"line":265,"column":5}},"type":"if","locations":[{"start":{"line":261,"column":4},"end":{"line":265,"column":5}},{"start":{"line":263,"column":11},"end":{"line":265,"column":5}}],"line":261},"20":{"loc":{"start":{"line":279,"column":6},"end":{"line":293,"column":7}},"type":"if","locations":[{"start":{"line":279,"column":6},"end":{"line":293,"column":7}},{"start":{"line":288,"column":13},"end":{"line":293,"column":7}}],"line":279},"21":{"loc":{"start":{"line":279,"column":10},"end":{"line":279,"column":99}},"type":"binary-expr","locations":[{"start":{"line":279,"column":10},"end":{"line":279,"column":37}},{"start":{"line":279,"column":41},"end":{"line":279,"column":71}},{"start":{"line":279,"column":75},"end":{"line":279,"column":99}}],"line":279},"22":{"loc":{"start":{"line":311,"column":6},"end":{"line":314,"column":7}},"type":"if","locations":[{"start":{"line":311,"column":6},"end":{"line":314,"column":7}},{"start":{},"end":{}}],"line":311},"23":{"loc":{"start":{"line":325,"column":4},"end":{"line":328,"column":5}},"type":"if","locations":[{"start":{"line":325,"column":4},"end":{"line":328,"column":5}},{"start":{},"end":{}}],"line":325},"24":{"loc":{"start":{"line":334,"column":4},"end":{"line":344,"column":5}},"type":"if","locations":[{"start":{"line":334,"column":4},"end":{"line":344,"column":5}},{"start":{"line":342,"column":11},"end":{"line":344,"column":5}}],"line":334},"25":{"loc":{"start":{"line":348,"column":4},"end":{"line":348,"column":29}},"type":"if","locations":[{"start":{"line":348,"column":4},"end":{"line":348,"column":29}},{"start":{},"end":{}}],"line":348},"26":{"loc":{"start":{"line":351,"column":6},"end":{"line":351,"column":29}},"type":"if","locations":[{"start":{"line":351,"column":6},"end":{"line":351,"column":29}},{"start":{},"end":{}}],"line":351},"27":{"loc":{"start":{"line":371,"column":6},"end":{"line":376,"column":7}},"type":"switch","locations":[{"start":{"line":372,"column":8},"end":{"line":372,"column":32}},{"start":{"line":373,"column":8},"end":{"line":373,"column":33}},{"start":{"line":374,"column":8},"end":{"line":374,"column":34}},{"start":{"line":375,"column":8},"end":{"line":375,"column":30}}],"line":371},"28":{"loc":{"start":{"line":386,"column":11},"end":{"line":386,"column":110}},"type":"cond-expr","locations":[{"start":{"line":386,"column":35},"end":{"line":386,"column":45}},{"start":{"line":386,"column":48},"end":{"line":386,"column":110}}],"line":386},"29":{"loc":{"start":{"line":404,"column":16},"end":{"line":404,"column":46}},"type":"binary-expr","locations":[{"start":{"line":404,"column":16},"end":{"line":404,"column":41}},{"start":{"line":404,"column":45},"end":{"line":404,"column":46}}],"line":404},"30":{"loc":{"start":{"line":409,"column":4},"end":{"line":413,"column":5}},"type":"if","locations":[{"start":{"line":409,"column":4},"end":{"line":413,"column":5}},{"start":{},"end":{}}],"line":409},"31":{"loc":{"start":{"line":412,"column":13},"end":{"line":412,"column":32}},"type":"binary-expr","locations":[{"start":{"line":412,"column":13},"end":{"line":412,"column":21}},{"start":{"line":412,"column":25},"end":{"line":412,"column":32}}],"line":412},"32":{"loc":{"start":{"line":450,"column":41},"end":{"line":450,"column":71}},"type":"cond-expr","locations":[{"start":{"line":450,"column":66},"end":{"line":450,"column":67}},{"start":{"line":450,"column":70},"end":{"line":450,"column":71}}],"line":450},"33":{"loc":{"start":{"line":472,"column":11},"end":{"line":486,"column":11}},"type":"binary-expr","locations":[{"start":{"line":472,"column":11},"end":{"line":472,"column":30}},{"start":{"line":472,"column":34},"end":{"line":472,"column":46}},{"start":{"line":473,"column":12},"end":{"line":485,"column":19}}],"line":472},"34":{"loc":{"start":{"line":479,"column":24},"end":{"line":479,"column":64}},"type":"cond-expr","locations":[{"start":{"line":479,"column":38},"end":{"line":479,"column":43}},{"start":{"line":479,"column":46},"end":{"line":479,"column":64}}],"line":479},"35":{"loc":{"start":{"line":489,"column":11},"end":{"line":540,"column":11}},"type":"binary-expr","locations":[{"start":{"line":489,"column":11},"end":{"line":489,"column":26}},{"start":{"line":489,"column":30},"end":{"line":489,"column":41}},{"start":{"line":490,"column":12},"end":{"line":539,"column":19}}],"line":489},"36":{"loc":{"start":{"line":562,"column":24},"end":{"line":562,"column":70}},"type":"cond-expr","locations":[{"start":{"line":562,"column":43},"end":{"line":562,"column":57}},{"start":{"line":562,"column":60},"end":{"line":562,"column":70}}],"line":562},"37":{"loc":{"start":{"line":570,"column":13},"end":{"line":649,"column":13}},"type":"binary-expr","locations":[{"start":{"line":570,"column":13},"end":{"line":570,"column":29}},{"start":{"line":571,"column":14},"end":{"line":648,"column":21}}],"line":570},"38":{"loc":{"start":{"line":579,"column":28},"end":{"line":579,"column":110}},"type":"cond-expr","locations":[{"start":{"line":579,"column":50},"end":{"line":579,"column":61}},{"start":{"line":579,"column":64},"end":{"line":579,"column":110}}],"line":579},"39":{"loc":{"start":{"line":579,"column":64},"end":{"line":579,"column":110}},"type":"cond-expr","locations":[{"start":{"line":579,"column":85},"end":{"line":579,"column":92}},{"start":{"line":579,"column":95},"end":{"line":579,"column":110}}],"line":579},"40":{"loc":{"start":{"line":584,"column":23},"end":{"line":584,"column":87}},"type":"cond-expr","locations":[{"start":{"line":584,"column":45},"end":{"line":584,"column":50}},{"start":{"line":584,"column":53},"end":{"line":584,"column":87}}],"line":584},"41":{"loc":{"start":{"line":584,"column":53},"end":{"line":584,"column":87}},"type":"cond-expr","locations":[{"start":{"line":584,"column":74},"end":{"line":584,"column":78}},{"start":{"line":584,"column":81},"end":{"line":584,"column":87}}],"line":584},"42":{"loc":{"start":{"line":592,"column":28},"end":{"line":594,"column":73}},"type":"cond-expr","locations":[{"start":{"line":593,"column":24},"end":{"line":593,"column":71}},{"start":{"line":594,"column":24},"end":{"line":594,"column":73}}],"line":592},"43":{"loc":{"start":{"line":599,"column":28},"end":{"line":599,"column":68}},"type":"cond-expr","locations":[{"start":{"line":599,"column":51},"end":{"line":599,"column":56}},{"start":{"line":599,"column":59},"end":{"line":599,"column":68}}],"line":599},"44":{"loc":{"start":{"line":604,"column":23},"end":{"line":604,"column":63}},"type":"cond-expr","locations":[{"start":{"line":604,"column":46},"end":{"line":604,"column":52}},{"start":{"line":604,"column":55},"end":{"line":604,"column":63}}],"line":604},"45":{"loc":{"start":{"line":612,"column":28},"end":{"line":614,"column":73}},"type":"cond-expr","locations":[{"start":{"line":613,"column":24},"end":{"line":613,"column":71}},{"start":{"line":614,"column":24},"end":{"line":614,"column":73}}],"line":612},"46":{"loc":{"start":{"line":619,"column":28},"end":{"line":619,"column":67}},"type":"cond-expr","locations":[{"start":{"line":619,"column":50},"end":{"line":619,"column":55}},{"start":{"line":619,"column":58},"end":{"line":619,"column":67}}],"line":619},"47":{"loc":{"start":{"line":624,"column":23},"end":{"line":624,"column":63}},"type":"cond-expr","locations":[{"start":{"line":624,"column":45},"end":{"line":624,"column":52}},{"start":{"line":624,"column":55},"end":{"line":624,"column":63}}],"line":624},"48":{"loc":{"start":{"line":632,"column":28},"end":{"line":634,"column":73}},"type":"cond-expr","locations":[{"start":{"line":633,"column":24},"end":{"line":633,"column":71}},{"start":{"line":634,"column":24},"end":{"line":634,"column":73}}],"line":632},"49":{"loc":{"start":{"line":639,"column":28},"end":{"line":639,"column":69}},"type":"cond-expr","locations":[{"start":{"line":639,"column":46},"end":{"line":639,"column":52}},{"start":{"line":639,"column":55},"end":{"line":639,"column":69}}],"line":639},"50":{"loc":{"start":{"line":644,"column":23},"end":{"line":644,"column":56}},"type":"cond-expr","locations":[{"start":{"line":644,"column":41},"end":{"line":644,"column":47}},{"start":{"line":644,"column":50},"end":{"line":644,"column":56}}],"line":644},"51":{"loc":{"start":{"line":653,"column":11},"end":{"line":688,"column":11}},"type":"binary-expr","locations":[{"start":{"line":653,"column":11},"end":{"line":653,"column":27}},{"start":{"line":654,"column":12},"end":{"line":687,"column":19}}],"line":653},"52":{"loc":{"start":{"line":669,"column":41},"end":{"line":669,"column":114}},"type":"cond-expr","locations":[{"start":{"line":669,"column":61},"end":{"line":669,"column":70}},{"start
[...]
oc":{"start":{"line":49,"column":59},"end":{"line":77,"column":3}},"line":49},"3":{"name":"(anonymous_3)","decl":{"start":{"line":82,"column":2},"end":{"line":82,"column":3}},"loc":{"start":{"line":82,"column":60},"end":{"line":106,"column":3}},"line":82},"4":{"name":"(anonymous_4)","decl":{"start":{"line":111,"column":2},"end":{"line":111,"column":3}},"loc":{"start":{"line":111,"column":72},"end":{"line":139,"column":3}},"line":111},"5":{"name":"(anonymous_5)","decl":{"start":{"line":144,"column":2},"end":{"line":144,"column":3}},"loc":{"start":{"line":144,"column":94},"end":{"line":164,"column":3}},"line":144},"6":{"name":"(anonymous_6)","decl":{"start":{"line":169,"column":2},"end":{"line":169,"column":3}},"loc":{"start":{"line":169,"column":65},"end":{"line":220,"column":3}},"line":169},"7":{"name":"(anonymous_7)","decl":{"start":{"line":225,"column":2},"end":{"line":225,"column":3}},"loc":{"start":{"line":225,"column":71},"end":{"line":245,"column":3}},"line":225},"8":{"name":"(anonymous_8)","decl":{"start":{"line":250,"column":2},"end":{"line":250,"column":3}},"loc":{"start":{"line":250,"column":71},"end":{"line":268,"column":3}},"line":250},"9":{"name":"(anonymous_9)","decl":{"start":{"line":273,"column":2},"end":{"line":273,"column":3}},"loc":{"start":{"line":273,"column":56},"end":{"line":294,"column":3}},"line":273},"10":{"name":"(anonymous_10)","decl":{"start":{"line":299,"column":2},"end":{"line":299,"column":3}},"loc":{"start":{"line":299,"column":62},"end":{"line":318,"column":3}},"line":299}},"branchMap":{"0":{"loc":{"start":{"line":15,"column":4},"end":{"line":18,"column":5}},"type":"if","locations":[{"start":{"line":15,"column":4},"end":{"line":18,"column":5}},{"start":{},"end":{}}],"line":15},"1":{"loc":{"start":{"line":15,"column":8},"end":{"line":15,"column":39}},"type":"binary-expr","locations":[{"start":{"line":15,"column":8},"end":{"line":15,"column":12}},{"start":{"line":15,"column":16},"end":{"line":15,"column":39}}],"line":15},"2":{"loc":{"start":{"line":21,"column":4},"end":{"line":23,"column":5}},"type":"if","locations":[{"start":{"line":21,"column":4},"end":{"line":23,"column":5}},{"start":{},"end":{}}],"line":21},"3":{"loc":{"start":{"line":21,"column":8},"end":{"line":21,"column":95}},"type":"binary-expr","locations":[{"start":{"line":21,"column":8},"end":{"line":21,"column":34}},{"start":{"line":21,"column":38},"end":{"line":21,"column":68}},{"start":{"line":21,"column":72},"end":{"line":21,"column":95}}],"line":21},"4":{"loc":{"start":{"line":31,"column":4},"end":{"line":33,"column":5}},"type":"if","locations":[{"start":{"line":31,"column":4},"end":{"line":33,"column":5}},{"start":{},"end":{}}],"line":31},"5":{"loc":{"start":{"line":31,"column":8},"end":{"line":31,"column":60}},"type":"binary-expr","locations":[{"start":{"line":31,"column":8},"end":{"line":31,"column":26}},{"start":{"line":31,"column":30},"end":{"line":31,"column":60}}],"line":31},"6":{"loc":{"start":{"line":36,"column":4},"end":{"line":38,"column":5}},"type":"if","locations":[{"start":{"line":36,"column":4},"end":{"line":38,"column":5}},{"start":{},"end":{}}],"line":36},"7":{"loc":{"start":{"line":52,"column":4},"end":{"line":55,"column":5}},"type":"if","locations":[{"start":{"line":52,"column":4},"end":{"line":55,"column":5}},{"start":{},"end":{}}],"line":52},"8":{"loc":{"start":{"line":52,"column":8},"end":{"line":52,"column":41}},"type":"binary-expr","locations":[{"start":{"line":52,"column":8},"end":{"line":52,"column":13}},{"start":{"line":52,"column":17},"end":{"line":52,"column":41}}],"line":52},"9":{"loc":{"start":{"line":57,"column":4},"end":{"line":59,"column":5}},"type":"if","locations":[{"start":{"line":57,"column":4},"end":{"line":59,"column":5}},{"start":{},"end":{}}],"line":57},"10":{"loc":{"start":{"line":57,"column":8},"end":{"line":57,"column":47}},"type":"binary-expr","locations":[{"start":{"line":57,"column":8},"end":{"line":57,"column":16}},{"start":{"line":57,"column":20},"end":{"line":57,"column":47}}],"line":57},"11":{"loc":{"start":{"line":61,"column":4},"end":{"line":63,"column":5}},"type":"if","locations":[{"start":{"line":61,"column":4},"end":{"line":63,"column":5}},{"start":{},"end":{}}],"line":61},"12":{"loc":{"start":{"line":61,"column":8},"end":{"line":61,"column":51}},"type":"binary-expr","locations":[{"start":{"line":61,"column":8},"end":{"line":61,"column":18}},{"start":{"line":61,"column":22},"end":{"line":61,"column":51}}],"line":61},"13":{"loc":{"start":{"line":65,"column":4},"end":{"line":67,"column":5}},"type":"if","locations":[{"start":{"line":65,"column":4},"end":{"line":67,"column":5}},{"start":{},"end":{}}],"line":65},"14":{"loc":{"start":{"line":65,"column":8},"end":{"line":65,"column":69}},"type":"binary-expr","locations":[{"start":{"line":65,"column":8},"end":{"line":65,"column":44}},{"start":{"line":65,"column":48},"end":{"line":65,"column":69}}],"line":65},"15":{"loc":{"start":{"line":69,"column":4},"end":{"line":71,"column":5}},"type":"if","locations":[{"start":{"line":69,"column":4},"end":{"line":71,"column":5}},{"start":{},"end":{}}],"line":69},"16":{"loc":{"start":{"line":69,"column":8},"end":{"line":69,"column":94}},"type":"binary-expr","locations":[{"start":{"line":69,"column":8},"end":{"line":69,"column":25}},{"start":{"line":69,"column":30},"end":{"line":69,"column":67}},{"start":{"line":69,"column":71},"end":{"line":69,"column":93}}],"line":69},"17":{"loc":{"start":{"line":85,"column":4},"end":{"line":88,"column":5}},"type":"if","locations":[{"start":{"line":85,"column":4},"end":{"line":88,"column":5}},{"start":{},"end":{}}],"line":85},"18":{"loc":{"start":{"line":85,"column":8},"end":{"line":85,"column":47}},"type":"binary-expr","locations":[{"start":{"line":85,"column":8},"end":{"line":85,"column":16}},{"start":{"line":85,"column":20},"end":{"line":85,"column":47}}],"line":85},"19":{"loc":{"start":{"line":90,"column":4},"end":{"line":92,"column":5}},"type":"if","locations":[{"start":{"line":90,"column":4},"end":{"line":92,"column":5}},{"start":{},"end":{}}],"line":90},"20":{"loc":{"start":{"line":90,"column":8},"end":{"line":90,"column":64}},"type":"binary-expr","locations":[{"start":{"line":90,"column":8},"end":{"line":90,"column":24}},{"start":{"line":90,"column":28},"end":{"line":90,"column":64}}],"line":90},"21":{"loc":{"start":{"line":94,"column":4},"end":{"line":96,"column":5}},"type":"if","locations":[{"start":{"line":94,"column":4},"end":{"line":96,"column":5}},{"start":{},"end":{}}],"line":94},"22":{"loc":{"start":{"line":94,"column":8},"end":{"line":94,"column":122}},"type":"binary-expr","locations":[{"start":{"line":94,"column":8},"end":{"line":94,"column":26}},{"start":{"line":94,"column":31},"end":{"line":94,"column":69}},{"start":{"line":94,"column":73},"end":{"line":94,"column":95}},{"start":{"line":94,"column":99},"end":{"line":94,"column":121}}],"line":94},"23":{"loc":{"start":{"line":98,"column":4},"end":{"line":100,"column":5}},"type":"if","locations":[{"start":{"line":98,"column":4},"end":{"line":100,"column":5}},{"start":{},"end":{}}],"line":98},"24":{"loc":{"start":{"line":98,"column":8},"end":{"line":98,"column":88}},"type":"binary-expr","locations":[{"start":{"line":98,"column":8},"end":{"line":98,"column":23}},{"start":{"line":98,"column":28},"end":{"line":98,"column":63}},{"start":{"line":98,"column":67},"end":{"line":98,"column":87}}],"line":98},"25":{"loc":{"start":{"line":114,"column":4},"end":{"line":117,"column":5}},"type":"if","locations":[{"start":{"line":114,"column":4},"end":{"line":117,"column":5}},{"start":{},"end":{}}],"line":114},"26":{"loc":{"start":{"line":114,"column":8},"end":{"line":114,"column":47}},"type":"binary-expr","locations":[{"start":{"line":114,"column":8},"end":{"line":114,"column":16}},{"start":{"line":114,"column":20},"end":{"line":114,"column":47}}],"line":114},"27":{"loc":{"start":{"line":119,"column":4},"end":{"line":121,"column":5}},"type":"if","locations":[{"start":{"line":119,"column":4},"end":{"line":121,"column":5}},{"start":{},"end":{}}],"line":119},"28":{"loc":{"start":{"line":119,"column":8},"end":{"line":119,"column":114}},"type":"binary-expr","locations":[{"start":{"line":119,"column":8},"end":{"line":119,"column":24}},{"start":{"line":119,"column":29},"end":{"line":119,"column":65}},{"start":{"line":119,"column":69},"end":{"line":119,"column":89}},{"start":{"line":119,"column":93},"end":{"line":119,"column":113}}],"line":119},"29":{"loc":{"start":{"line":123,"column":4},"end":{"line":125,"column":5}},"type":"if","locations":[{"start":{"line":123,"column":4},"end":{"line":125,"column":5}},{"start":{},"end":{}}],"line":123},"30":{"loc":{"start":{"line":123,"column":8},"end":{"line":123,"column":123}},"type":"binary-expr","locations":[{"start":{"line":123,"column":8},"end":{"line":123,"column":26}},{"start":{"line":123,"column":31},"end":{"line":123,"column":69}},{"start":{"line":123,"column":73},"end":{"line":123,"column":96}},{"start":{"line":123,"column":100},"end":{"line":123,"column":122}}],"line":123},"31":{"loc":{"start":{"line":127,"column":4},"end":{"line":129,"column":5}},"type":"if","locations":[{"start":{"line":127,"column":4},"end":{"line":129,"column":5}},{"start":{},"end":{}}],"line":127},"32":{"loc":{"start":{"line":127,"column":8},"end":{"line":127,"column":122}},"type":"binary-expr","locations":[{"start":{"line":127,"column":8},"end":{"line":127,"column":26}},{"start":{"line":127,"column":31},"end":{"line":127,"column":69}},{"start":{"line":127,"column":73},"end":{"line":127,"column":95}},{"start":{"line":127,"column":99},"end":{"line":127,"column":121}}],"line":127},"33":{"loc":{"start":{"line":131,"column":4},"end":{"line":133,"column":5}},"type":"if","locations":[{"start":{"line":131,"column":4},"end":{"line":133,"column":5}},{"start":{},"end":{}}],"line":131},"34":{"loc":{"start":{"line":131,"column":8},"end":{"line":131,"column":112}},"type":"binary-expr","locations":[{"start":{"line":131,"column":8},"end":{"line":131,"column":23}},{"start":{"line":131,"column":28},"end":{"line":131,"column":63}},{"start":{"line":131,"column":67},"end":{"line":131,"column":88}},{"start":{"line":131,"column":92},"end":{"line":131,"column":111}}],"line":131},"35":{"loc":{"start":{"line":144,"column":40},"end":{"line":144,"column":74}},"type":"default-arg","locations":[{"start":{"line":144,"column":58},"end":{"line":144,"column":74}}],"line":144},"36":{"loc":{"start":{"line":147,"column":4},"end":{"line":150,"column":5}},"type":"if","locations":[{"start":{"line":147,"column":4},"end":{"line":150,"column":5}},{"start":{},"end":{}}],"line":147},"37":{"loc":{"start":{"line":147,"column":8},"end":{"line":147,"column":44}},"type":"binary-expr","locations":[{"start":{"line":147,"column":8},"end":{"line":147,"column":32}},{"start":{"line":147,"column":36},"end":{"line":147,"column":44}}],"line":147},"38":{"loc":{"start":{"line":152,"column":4},"end":{"line":154,"column":5}},"type":"if","locations":[{"start":{"line":152,"column":4},"end":{"line":154,"column":5}},{"start":{},"end":{}}],"line":152},"39":{"loc":{"start":{"line":156,"column":4},"end":{"line":158,"column":5}},"type":"if","locations":[{"start":{"line":156,"column":4},"end":{"line":158,"column":5}},{"start":{},"end":{}}],"line":156},"40":{"loc":{"start":{"line":172,"column":4},"end":{"line":175,"column":5}},"type":"if","locations":[{"start":{"line":172,"column":4},"end":{"line":175,"column":5}},{"start":{},"end":{}}],"line":172},"41":{"loc":{"start":{"line":172,"column":8},"end":{"line":172,"column":47}},"type":"binary-expr","locations":[{"start":{"line":172,"column":8},"end":{"line":172,"column":16}},{"start":{"line":172,"column":20},"end":{"line":172,"column":47}}],"line":172},"42":{"loc":{"start":{"line":180,"column":6},"end":{"line":183,"column":7}},"type":"if","locations":[{"start":{"line":180,"column":6},"end":{"line":183,"column":7}},{"start":{},"end":{}}],"line":180},"43":{"loc":{"start":{"line":180,"column":10},"end":{"line":180,"column":65}},"type":"binary-expr","locations":[{"start":{"line":180,"column":10},"end":{"line":180,"column":26}},{"start":{"line":180,"column":30},"end":{"line":180,"column":65}}],"line":180},"44":{"loc":{"start":{"line":186,"column":6},"end":{"line":188,"column":7}},"type":"if","locations":[{"start":{"line":186,"column":6},"end":{"line":188,"column":7}},{"start":{},"end":{}}],"line":186},"45":{"loc":{"start":{"line":186,"column":10},"end":{"line":186,"column":56}},"type":"binary-expr","locations":[{"start":{"line":186,"column":10},"end":{"line":186,"column":31}},{"start":{"line":186,"column":35},"end":{"line":186,"column":56}}],"line":186},"46":{"loc":{"start":{"line":190,"column":6},"end":{"line":192,"column":7}},"type":"if","locations":[{"start":{"line":190,"column":6},"end":{"line":192,"column":7}},{"start":{},"end":{}}],"line":190},"47":{"loc":{"start":{"line":190,"column":10},"end":{"line":190,"column":24}},"type":"binary-expr","locations":[{"start":{"line":190,"column":10},"end":{"line":190,"column":15}},{"start":{"line":190,"column":19},"end":{"line":190,"column":24}}],"line":190},"48":{"loc":{"start":{"line":196,"column":4},"end":{"line":214,"column":5}},"type":"if","locations":[{"start":{"line":196,"column":4},"end":{"line":214,"column":5}},{"start":{},"end":{}}],"line":196},"49":{"loc":{"start":{"line":196,"column":8},"end":{"line":196,"column":88}},"type":"binary-expr","locations":[{"start":{"line":196,"column":8},"end":{"line":196,"column":23}},{"start":{"line":196,"column":27},"end":{"line":196,"column":43}},{"start":{"line":196,"column":47},"end":{"line":196,"column":65}},{"start":{"line":196,"column":69},"end":{"line":196,"column":88}}],"line":196},"50":{"loc":{"start":{"line":199,"column":6},"end":{"line":201,"column":7}},"type":"if","locations":[{"start":{"line":199,"column":6},"end":{"line":201,"column":7}},{"start":{},"end":{}}],"line":199},"51":{"loc":{"start":{"line":203,"column":6},"end":{"line":205,"column":7}},"type":"if","locations":[{"start":{"line":203,"column":6},"end":{"line":205,"column":7}},{"start":{},"end":{}}],"line":203},"52":{"loc":{"start":{"line":207,"column":6},"end":{"line":209,"column":7}},"type":"if","locations":[{"start":{"line":207,"column":6},"end":{"line":209,"column":7}},{"start":{},"end":{}}],"line":207},"53":{"loc":{"start":{"line":211,"column":6},"end":{"line":213,"column":7}},"type":"if","locations":[{"start":{"line":211,"column":6},"end":{"line":213,"column":7}},{"start":{},"end":{}}],"line":211},"54":{"loc":{"start":{"line":228,"column":4},"end":{"line":231,"column":5}},"type":"if","locations":[{"start":{"line":228,"column":4},"end":{"line":231,"column":5}},{"start":{},"end":{}}],"line":228},"55":{"loc":{"start":{"line":228,"column":8},"end":{"line":228,"column":55}},"type":"binary-expr","locations":[{"start":{"line":228,"column":8},"end":{"line":228,"column":20}},{"start":{"line":228,"column":24},"end":{"line":228,"column":55}}],"line":228},"56":{"loc":{"start":{"line":233,"column":4},"end":{"line":235,"column":5}},"type":"if","locations":[{"start":{"line":233,"column":4},"end":{"line":235,"column":5}},{"start":{},"end":{}}],"line":233},"57":{"loc":{"start":{"line":233,"column":8},"end":{"line":233,"column":69}},"type":"binary-expr","locations":[{"start":{"line":233,"column":8},"end":{"line":233,"column":27}},{"start":{"line":233,"column":31},"end":{"line":233,"column":69}}],"line":233},"58":{"loc":{"start":{"line":237,"column":4},"end":{"line":239,"column":5}},"type":"if","locations":[{"start":{"line":237,"column":4},"end":{"line":239,"column":5}},{"start":{},"end":{}}],"line":237},"59":{"loc":{"start":{"line":237,"column":8},"end":{"line":237,"column":97}},"type":"binary-expr","locations":[{"start":{"line":237,"column":8},"end":{"line":237,"column":26}},{"start":{"line":237,"column":30},"end":{"line":237,"column":97}}],"line":237},"60":{"loc":{"start":{"line":250,"column":36},"end":{"line":250,"column":61}},"type":"default-arg","locations":[{"start":{"line":250,"column":56},"end":{"line":250,"column":61}}],"line":250},"61":{"loc":{"start":{"line":251,"column":4},"end":{"line":253,"column":5}},"type":"if","locations":[{"start":{"line":251,"column":4},"end":{"line":253,"column":5}},{"start":{},"end":{}}],"line":251},"62":{"loc":{"start":{"line":263,"column":4},"end":{"line":265,"column":5}},"type":"if","locations":[{"start":{"line":263,"column":4},"end":{"line":265,"column":5}},{"start":{},"end":{}}],"line":263},"63":{"loc":{"start":{"line":276,"column":4},"end":{"line":279,"column":5}},"type":"if","locations":[{"start":{"line":276,"column":4},"end":{"line":279,"column":5}},{"start":{},"end":{}}],"line":276},"64":{"loc":{"start":{"line":276,"column":8},"end":{"line":276,"column":43}},"type":"binary-expr","locations":[{"start":{"line":276,"column":8},"end":{"line":276,"column":14}},{"start":{"line":276,"column":18},"end":{"line":276,"column":43}}],"line":276},"65":{"loc":{"start":{"line":282,"column":4},"end":{"line":284,"column":5}},"type":"if","locations":[{"start":{"line":282,"column":4},"end":{"line":284,"column":5}},{"start":{},"end":{}}],"line":282},"66":{"loc":{"start":{"line":286,"column":4},"end":{"line":288,"column":5}},"type":"if","locations":[{"start":{"line":286,"column":4},"end":{"line":288,"column":5}},{"start":{},"end":{}}],"line":286},"67":{"loc":{"start":{"line":302,"column":4},"end":{"line":305,"column":5}},"type":"if","locations":[{"start":{"line":302,"column":4},"end":{"line":305,"column":5}},{"start":{},"end":{}}],"line":302},"68":{"loc":{"start":{"line":302,"column":8},"end":{"line":302,"column":43}},"type":"binary-expr","locations":[{"start":{"line":302,"column":8},"end":{"line":302,"column":14}},{"start":{"line":302,"column":18},"end":{"line":302,"column":43}}],"line":302},"69":{"loc":{"start":{"line":310,"column":4},"end":{"line":312,"column":5}},"type":"if","locations":[{"start":{"line":310,"column":4},"end":{"line":312,"column":5}},{"start":{},"end":{}}],"line":310},"70":{"loc":{"start":{"line":310,"column":8},"end":{"line":310,"column":56}},"type":"binary-expr","locations":[{"start":{"line":310,"column":8},"end":{"line":310,"column":30}},{"start":{"line":310,"column":34},"end":{"line":310,"column":56}}],"line":310}},"s":{"0":10,"1":10,"2":1,"3":1,"4":9,"5":2,"6":9,"7":9,"8":37,"9":9,"10":4,"11":9,"12":0,"13":9,"14":9,"15":9,"16":2,"17":2,"18":7,"19":1,"20":7,"21":1,"22":7,"23":4,"24":7,"25":0,"26":7,"27":2,"28":2,"29":0,"30":0,"31":2,"32":0,"33":2,"34":1,"35":2,"36":0,"37":2,"38":2,"39":2,"40":0,"41":0,"42":2,"43":1,"44":2,"45":1,"46":2,"47":1,"48":2,"49":0,"50":2,"51":5,"52":5,"53":0,"54":0,"55":5,"56":1,"57":5,"58":0,"59":5,"60":2,"61":2,"62":0,"63":0,"64":2,"65":2,"66":8,"67":1,"68":1,"69":7,"70":7,"71":0,"72":7,"73":0,"74":2,"75":1,"76":1,"77":0,"78":1,"79":0,"80":1,"81":0,"82":1,"83":0,"84":2,"85":2,"86":2,"87":0,"88":0,"89":2,"90":2,"91":2,"92":0,"93":2,"94":0,"95":0,"96":0,"97":0,"98":0,"99":0,"100":8,"101":8,"102":0,"103":0,"104":8,"105":8,"106":3,"107":8,"108":0,"109":8,"110":8,"111":8,"112":0,"113":0,"114":8,"115":8,"116":2,"117":8},"f":{"0":10,"1":37,"2":9,"3":2,"4":2,"5":5,"6":2,"7":2,"8":0,"9":8,"10":8},"b":{"0":[1,9],"1":[10,9],"2":[2,7],"3":[9,4,3],"4":[4,5],"5":[9,5],"6":[0,9],"7":[2,7],"8":[9,8],"9":[1,6],"10":[7,6],"11":[1,6],"12":[7,6],"13":[4,3],"14":[7,4],"15":[0,7],"16":[7,1,1],"17":[0,2],"18":[2,2],"19":[0,2],"20":[2,2],"21":[1,1],"22":[2,2,2,2],"23":[0,2],"24":[2,0,0],"25":[0,2],"26":[2,2],"27":[1,1],"28":[2,2,2,1],"29":[1,1],"30":[2,2,2,2],"31":[1,1],"32":[2,2,2,2],"33":[0,2],"34":[2,0,0,0],"35":[5],"36":[0,5],"37":[5,5],"38":[1,4],"39":[0,5],"40":[0,2],"41":[2,2],"42":[1,7],"43":[8,7],"44":[0,7],"45":[7,7],"46":[0,7],"47":[7,7],"48":[1,1],"49":[2,2,2,2],"50":[0,1],"51":[0,1],"52":[0,1],"53":[0,1],"54":[0,2],"55":[2,2],"56":[2,0],"57":[2,0],"58":[0,2],"59":[2,0],"60":[0],"61":[0,0],"62":[0,0],"63":[0,8],"64":[8,8],"65":[3,5],"66":[0,8],"67":[0,8],"68":[8,8],"69":[2,6],"70":[8,6]},"_coverageSchema":"1a1c01bbd47fc00a2c39e90264f33305004495a9","hash":"5f594c3da878008da73446c633375601ac7aa8ea"}
}
