TN:
SF:components/AIInsightsModal.tsx
FN:29,AIInsightsModal
FN:40,(anonymous_1)
FN:46,(anonymous_2)
FN:61,(anonymous_3)
FN:68,(anonymous_4)
FN:85,(anonymous_5)
FN:92,(anonymous_6)
FN:96,(anonymous_7)
FN:111,(anonymous_8)
FN:122,(anonymous_9)
FN:132,(anonymous_10)
FN:151,(anonymous_11)
FN:155,(anonymous_12)
FN:187,(anonymous_13)
FN:191,(anonymous_14)
FN:201,(anonymous_15)
FN:232,(anonymous_16)
FN:243,(anonymous_17)
FNF:18
FNH:0
FNDA:0,AIInsightsModal
FNDA:0,(anonymous_1)
FNDA:0,(anonymous_2)
FNDA:0,(anonymous_3)
FNDA:0,(anonymous_4)
FNDA:0,(anonymous_5)
FNDA:0,(anonymous_6)
FNDA:0,(anonymous_7)
FNDA:0,(anonymous_8)
FNDA:0,(anonymous_9)
FNDA:0,(anonymous_10)
FNDA:0,(anonymous_11)
FNDA:0,(anonymous_12)
FNDA:0,(anonymous_13)
FNDA:0,(anonymous_14)
FNDA:0,(anonymous_15)
FNDA:0,(anonymous_16)
FNDA:0,(anonymous_17)
DA:35,0
DA:36,0
DA:37,0
DA:38,0
DA:40,0
DA:41,0
DA:42,0
DA:46,0
DA:47,0
DA:48,0
DA:50,0
DA:51,0
DA:52,0
DA:54,0
DA:55,0
DA:57,0
DA:61,0
DA:62,0
DA:68,0
DA:69,0
DA:85,0
DA:86,0
DA:93,0
DA:96,0
DA:111,0
DA:112,0
DA:123,0
DA:133,0
DA:151,0
DA:152,0
DA:156,0
DA:187,0
DA:188,0
DA:192,0
DA:201,0
DA:202,0
DA:233,0
DA:243,0
DA:244,0
DA:245,0
DA:246,0
DA:248,0
DA:250,0
DA:252,0
DA:254,0
DA:256,0
DA:258,0
DA:262,0
DA:292,0
LF:49
LH:0
BRDA:41,0,0,0
BRDA:41,0,1,0
BRDA:41,1,0,0
BRDA:41,1,1,0
BRDA:55,2,0,0
BRDA:55,2,1,0
BRDA:95,3,0,0
BRDA:95,3,1,0
BRDA:101,4,0,0
BRDA:101,4,1,0
BRDA:103,5,0,0
BRDA:103,5,1,0
BRDA:135,6,0,0
BRDA:135,6,1,0
BRDA:137,7,0,0
BRDA:137,7,1,0
BRDA:141,8,0,0
BRDA:141,8,1,0
BRDA:160,9,0,0
BRDA:160,9,1,0
BRDA:161,10,0,0
BRDA:161,10,1,0
BRDA:165,11,0,0
BRDA:165,11,1,0
BRDA:166,12,0,0
BRDA:166,12,1,0
BRDA:244,13,0,0
BRDA:244,13,1,0
BRDA:245,14,0,0
BRDA:245,14,1,0
BRDA:246,15,0,0
BRDA:246,15,1,0
BRDA:248,16,0,0
BRDA:248,16,1,0
BRDA:248,16,2,0
BRDA:248,16,3,0
BRDA:248,16,4,0
BRF:37
BRH:0
end_of_record
TN:
SF:components/AdvancedOCRPreview.tsx
FN:28,AdvancedOCRPreview
FN:34,(anonymous_1)
FN:36,(anonymous_2)
FN:43,(anonymous_3)
FN:49,(anonymous_4)
FN:63,(anonymous_5)
FN:78,(anonymous_6)
FN:84,(anonymous_7)
FN:112,(anonymous_8)
FN:154,(anonymous_9)
FN:177,(anonymous_10)
FN:182,(anonymous_11)
FN:184,(anonymous_12)
FN:199,(anonymous_13)
FN:211,(anonymous_14)
FN:227,(anonymous_15)
FN:233,(anonymous_16)
FN:248,(anonymous_17)
FN:272,(anonymous_18)
FN:283,(anonymous_19)
FN:296,(anonymous_20)
FN:309,(anonymous_21)
FN:371,(anonymous_22)
FN:378,(anonymous_23)
FNF:24
FNH:0
FNDA:0,AdvancedOCRPreview
FNDA:0,(anonymous_1)
FNDA:0,(anonymous_2)
FNDA:0,(anonymous_3)
FNDA:0,(anonymous_4)
FNDA:0,(anonymous_5)
FNDA:0,(anonymous_6)
FNDA:0,(anonymous_7)
FNDA:0,(anonymous_8)
FNDA:0,(anonymous_9)
FNDA:0,(anonymous_10)
FNDA:0,(anonymous_11)
FNDA:0,(anonymous_12)
FNDA:0,(anonymous_13)
FNDA:0,(anonymous_14)
FNDA:0,(anonymous_15)
FNDA:0,(anonymous_16)
FNDA:0,(anonymous_17)
FNDA:0,(anonymous_18)
FNDA:0,(anonymous_19)
FNDA:0,(anonymous_20)
FNDA:0,(anonymous_21)
FNDA:0,(anonymous_22)
FNDA:0,(anonymous_23)
DA:29,0
DA:30,0
DA:31,0
DA:32,0
DA:34,0
DA:35,0
DA:36,0
DA:37,0
DA:38,0
DA:43,0
DA:44,0
DA:45,0
DA:49,0
DA:50,0
DA:51,0
DA:55,0
DA:56,0
DA:58,0
DA:59,0
DA:63,0
DA:64,0
DA:66,0
DA:67,0
DA:68,0
DA:69,0
DA:71,0
DA:72,0
DA:74,0
DA:78,0
DA:79,0
DA:80,0
DA:84,0
DA:85,0
DA:87,0
DA:112,0
DA:113,0
DA:115,0
DA:117,0
DA:154,0
DA:155,0
DA:156,0
DA:166,0
DA:178,0
DA:183,0
DA:185,0
DA:199,0
DA:200,0
DA:201,0
DA:211,0
DA:212,0
DA:213,0
DA:215,0
DA:216,0
DA:219,0
DA:228,0
DA:234,0
DA:248,0
DA:249,0
DA:251,0
DA:253,0
DA:273,0
DA:284,0
DA:297,0
DA:309,0
DA:310,0
DA:312,0
DA:314,0
DA:316,0
DA:318,0
DA:320,0
DA:322,0
DA:326,0
DA:327,0
DA:342,0
DA:372,0
DA:378,0
DA:411,0
LF:77
LH:0
BRDA:37,0,0,0
BRDA:37,0,1,0
BRDA:44,1,0,0
BRDA:44,1,1,0
BRDA:44,2,0,0
BRDA:44,2,1,0
BRDA:64,3,0,0
BRDA:64,3,1,0
BRDA:79,4,0,0
BRDA:79,4,1,0
BRDA:79,5,0,0
BRDA:79,5,1,0
BRDA:85,6,0,0
BRDA:85,6,1,0
BRDA:113,7,0,0
BRDA:113,7,1,0
BRDA:124,8,0,0
BRDA:124,8,1,0
BRDA:127,9,0,0
BRDA:127,9,1,0
BRDA:132,10,0,0
BRDA:132,10,1,0
BRDA:155,11,0,0
BRDA:155,11,1,0
BRDA:155,12,0,0
BRDA:155,12,1,0
BRDA:200,13,0,0
BRDA:200,13,1,0
BRDA:200,14,0,0
BRDA:200,14,1,0
BRDA:212,15,0,0
BRDA:212,15,1,0
BRDA:249,16,0,0
BRDA:249,16,1,0
BRDA:262,17,0,0
BRDA:262,17,1,0
BRDA:269,18,0,0
BRDA:269,18,1,0
BRDA:280,19,0,0
BRDA:280,19,1,0
BRDA:285,20,0,0
BRDA:285,20,1,0
BRDA:288,21,0,0
BRDA:288,21,1,0
BRDA:301,22,0,0
BRDA:301,22,1,0
BRDA:310,23,0,0
BRDA:310,23,1,0
BRDA:310,23,2,0
BRDA:310,23,3,0
BRDA:310,23,4,0
BRDA:310,23,5,0
BRDA:326,24,0,0
BRDA:326,24,1,0
BRDA:352,25,0,0
BRDA:352,25,1,0
BRDA:376,26,0,0
BRDA:376,26,1,0
BRDA:382,27,0,0
BRDA:382,27,1,0
BRDA:391,28,0,0
BRDA:391,28,1,0
BRDA:395,29,0,0
BRDA:395,29,1,0
BRF:64
BRH:0
end_of_record
TN:
SF:components/BatchManager.tsx
FN:31,(anonymous_0)
FN:44,(anonymous_1)
FN:49,(anonymous_2)
FN:65,(anonymous_3)
FN:66,(anonymous_4)
FN:69,(anonymous_5)
FN:74,(anonymous_6)
FN:83,(anonymous_7)
FN:84,(anonymous_8)
FN:92,(anonymous_9)
FN:94,(anonymous_10)
FN:101,(anonymous_11)
FN:108,(anonymous_12)
FN:114,(anonymous_13)
FN:119,(anonymous_14)
FN:144,(anonymous_15)
FN:153,(anonymous_16)
FN:162,(anonymous_17)
FN:171,(anonymous_18)
FN:208,(anonymous_19)
FN:253,(anonymous_20)
FN:264,(anonymous_21)
FN:284,(anonymous_22)
FN:311,(anonymous_23)
FNF:24
FNH:0
FNDA:0,(anonymous_0)
FNDA:0,(anonymous_1)
FNDA:0,(anonymous_2)
FNDA:0,(anonymous_3)
FNDA:0,(anonymous_4)
FNDA:0,(anonymous_5)
FNDA:0,(anonymous_6)
FNDA:0,(anonymous_7)
FNDA:0,(anonymous_8)
FNDA:0,(anonymous_9)
FNDA:0,(anonymous_10)
FNDA:0,(anonymous_11)
FNDA:0,(anonymous_12)
FNDA:0,(anonymous_13)
FNDA:0,(anonymous_14)
FNDA:0,(anonymous_15)
FNDA:0,(anonymous_16)
FNDA:0,(anonymous_17)
FNDA:0,(anonymous_18)
FNDA:0,(anonymous_19)
FNDA:0,(anonymous_20)
FNDA:0,(anonymous_21)
FNDA:0,(anonymous_22)
FNDA:0,(anonymous_23)
DA:18,0
DA:19,0
DA:31,0
DA:40,0
DA:41,0
DA:42,0
DA:44,0
DA:45,0
DA:46,0
DA:49,0
DA:50,0
DA:51,0
DA:52,0
DA:54,0
DA:57,0
DA:58,0
DA:61,0
DA:65,0
DA:66,0
DA:69,0
DA:70,0
DA:71,0
DA:74,0
DA:75,0
DA:84,0
DA:85,0
DA:92,0
DA:93,0
DA:94,0
DA:97,0
DA:98,0
DA:101,0
DA:102,0
DA:103,0
DA:104,0
DA:105,0
DA:108,0
DA:109,0
DA:111,0
DA:115,0
DA:116,0
DA:119,0
DA:144,0
DA:153,0
DA:162,0
DA:171,0
DA:172,0
DA:181,0
DA:209,0
DA:210,0
DA:212,0
DA:253,0
DA:264,0
DA:284,0
DA:311,0
DA:323,0
LF:56
LH:0
BRDA:45,0,0,0
BRDA:45,0,1,0
BRDA:51,1,0,0
BRDA:51,1,1,0
BRDA:57,2,0,0
BRDA:57,2,1,0
BRDA:93,3,0,0
BRDA:93,3,1,0
BRDA:113,4,0,0
BRDA:113,4,1,0
BRDA:115,5,0,0
BRDA:115,5,1,0
BRDA:126,6,0,0
BRDA:126,6,1,0
BRDA:133,7,0,0
BRDA:133,7,1,0
BRDA:150,8,0,0
BRDA:150,8,1,0
BRDA:159,9,0,0
BRDA:159,9,1,0
BRDA:202,10,0,0
BRDA:202,10,1,0
BRDA:209,11,0,0
BRDA:209,11,1,0
BRDA:217,12,0,0
BRDA:217,12,1,0
BRDA:226,13,0,0
BRDA:226,13,1,0
BRDA:236,14,0,0
BRDA:236,14,1,0
BRDA:295,15,0,0
BRDA:295,15,1,0
BRF:32
BRH:0
end_of_record
TN:
SF:components/BatchScanner.tsx
FN:44,(anonymous_0)
FN:83,(anonymous_1)
FN:100,(anonymous_2)
FN:123,(anonymous_3)
FN:135,(anonymous_4)
FN:181,(anonymous_5)
FN:202,(anonymous_6)
FN:210,(anonymous_7)
FN:226,(anonymous_8)
FN:227,(anonymous_9)
FN:227,(anonymous_10)
FN:230,(anonymous_11)
FN:239,(anonymous_12)
FN:247,(anonymous_13)
FN:252,(anonymous_14)
FN:259,(anonymous_15)
FN:260,(anonymous_16)
FN:268,(anonymous_17)
FN:273,(anonymous_18)
FN:280,(anonymous_19)
FN:283,(anonymous_20)
FN:289,(anonymous_21)
FN:297,(anonymous_22)
FN:303,(anonymous_23)
FN:306,(anonymous_24)
FN:323,(anonymous_25)
FN:324,(anonymous_26)
FN:332,(anonymous_27)
FN:333,(anonymous_28)
FN:347,(anonymous_29)
FN:350,(anonymous_30)
FN:359,(anonymous_31)
FN:369,(anonymous_32)
FN:370,(anonymous_33)
FN:380,(anonymous_34)
FN:395,(anonymous_35)
FN:402,(anonymous_36)
FN:408,(anonymous_37)
FN:410,(anonymous_38)
FN:411,(anonymous_39)
FN:459,(anonymous_40)
FN:505,(anonymous_41)
FN:512,(anonymous_42)
FN:519,(anonymous_43)
FN:526,(anonymous_44)
FN:555,(anonymous_45)
FN:676,(anonymous_46)
FN:715,(anonymous_47)
FNF:48
FNH:0
FNDA:0,(anonymous_0)
FNDA:0,(anonymous_1)
FNDA:0,(anonymous_2)
FNDA:0,(anonymous_3)
FNDA:0,(anonymous_4)
FNDA:0,(anonymous_5)
FNDA:0,(anonymous_6)
FNDA:0,(anonymous_7)
FNDA:0,(anonymous_8)
FNDA:0,(anonymous_9)
FNDA:0,(anonymous_10)
FNDA:0,(anonymous_11)
FNDA:0,(anonymous_12)
FNDA:0,(anonymous_13)
FNDA:0,(anonymous_14)
FNDA:0,(anonymous_15)
FNDA:0,(anonymous_16)
FNDA:0,(anonymous_17)
FNDA:0,(anonymous_18)
FNDA:0,(anonymous_19)
FNDA:0,(anonymous_20)
FNDA:0,(anonymous_21)
FNDA:0,(anonymous_22)
FNDA:0,(anonymous_23)
FNDA:0,(anonymous_24)
FNDA:0,(anonymous_25)
FNDA:0,(anonymous_26)
FNDA:0,(anonymous_27)
FNDA:0,(anonymous_28)
FNDA:0,(anonymous_29)
FNDA:0,(anonymous_30)
FNDA:0,(anonymous_31)
FNDA:0,(anonymous_32)
FNDA:0,(anonymous_33)
FNDA:0,(anonymous_34)
FNDA:0,(anonymous_35)
FNDA:0,(anonymous_36)
FNDA:0,(anonymous_37)
FNDA:0,(anonymous_38)
FNDA:0,(anonymous_39)
FNDA:0,(anonymous_40)
FNDA:0,(anonymous_41)
FNDA:0,(anonymous_42)
FNDA:0,(anonymous_43)
FNDA:0,(anonymous_44)
FNDA:0,(anonymous_45)
FNDA:0,(anonymous_46)
FNDA:0,(anonymous_47)
DA:21,0
DA:44,0
DA:50,0
DA:51,0
DA:52,0
DA:53,0
DA:54,0
DA:57,0
DA:58,0
DA:59,0
DA:60,0
DA:63,0
DA:64,0
DA:65,0
DA:68,0
DA:73,0
DA:74,0
DA:78,0
DA:81,0
DA:83,0
DA:85,0
DA:86,0
DA:88,0
DA:92,0
DA:100,0
DA:101,0
DA:102,0
DA:104,0
DA:105,0
DA:106,0
DA:107,0
DA:108,0
DA:109,0
DA:110,0
DA:111,0
DA:112,0
DA:113,0
DA:115,0
DA:116,0
DA:119,0
DA:120,0
DA:123,0
DA:124,0
DA:126,0
DA:127,0
DA:130,0
DA:131,0
DA:132,0
DA:135,0
DA:138,0
DA:145,0
DA:146,0
DA:147,0
DA:150,0
DA:157,0
DA:158,0
DA:161,0
DA:162,0
DA:165,0
DA:166,0
DA:168,0
DA:174,0
DA:181,0
DA:184,0
DA:185,0
DA:188,0
DA:189,0
DA:191,0
DA:195,0
DA:196,0
DA:198,0
DA:202,0
DA:203,0
DA:210,0
DA:211,0
DA:214,0
DA:215,0
DA:218,0
DA:219,0
DA:221,0
DA:226,0
DA:227,0
DA:230,0
DA:231,0
DA:232,0
DA:233,0
DA:236,0
DA:239,0
DA:240,0
DA:241,0
DA:243,0
DA:247,0
DA:248,0
DA:249,0
DA:252,0
DA:253,0
DA:254,0
DA:255,0
DA:259,0
DA:260,0
DA:261,0
DA:262,0
DA:264,0
DA:268,0
DA:269,0
DA:270,0
DA:273,0
DA:274,0
DA:275,0
DA:276,0
DA:279,0
DA:280,0
DA:281,0
DA:282,0
DA:283,0
DA:284,0
DA:285,0
DA:289,0
DA:290,0
DA:291,0
DA:297,0
DA:298,0
DA:299,0
DA:303,0
DA:304,0
DA:306,0
DA:308,0
DA:309,0
DA:311,0
DA:312,0
DA:313,0
DA:316,0
DA:318,0
DA:319,0
DA:323,0
DA:324,0
DA:325,0
DA:326,0
DA:327,0
DA:332,0
DA:333,0
DA:334,0
DA:336,0
DA:343,0
DA:347,0
DA:348,0
DA:350,0
DA:351,0
DA:352,0
DA:359,0
DA:360,0
DA:369,0
DA:370,0
DA:371,0
DA:372,0
DA:373,0
DA:374,0
DA:375,0
DA:380,0
DA:381,0
DA:395,0
DA:402,0
DA:403,0
DA:404,0
DA:405,0
DA:408,0
DA:409,0
DA:410,0
DA:411,0
DA:412,0
DA:414,0
DA:417,0
DA:459,0
DA:505,0
DA:512,0
DA:519,0
DA:526,0
DA:555,0
DA:677,0
DA:715,0
DA:746,0
LF:181
LH:0
BRDA:85,0,0,0
BRDA:85,0,1,0
BRDA:104,1,0,0
BRDA:104,1,1,0
BRDA:108,2,0,0
BRDA:108,2,1,0
BRDA:111,3,0,0
BRDA:111,3,1,0
BRDA:124,4,0,0
BRDA:124,4,1,0
BRDA:124,5,0,0
BRDA:124,5,1,0
BRDA:184,6,0,0
BRDA:184,6,1,0
BRDA:184,7,0,0
BRDA:184,7,1,0
BRDA:189,8,0,0
BRDA:189,8,1,0
BRDA:189,9,0,0
BRDA:189,9,1,0
BRDA:214,10,0,0
BRDA:214,10,1,0
BRDA:214,11,0,0
BRDA:214,11,1,0
BRDA:219,12,0,0
BRDA:219,12,1,0
BRDA:219,13,0,0
BRDA:219,13,1,0
BRDA:231,14,0,0
BRDA:231,14,1,0
BRDA:240,15,0,0
BRDA:240,15,1,0
BRDA:248,16,0,0
BRDA:248,16,1,0
BRDA:249,17,0,0
BRDA:249,17,1,0
BRDA:253,18,0,0
BRDA:253,18,1,0
BRDA:261,19,0,0
BRDA:261,19,1,0
BRDA:279,20,0,0
BRDA:279,20,1,0
BRDA:279,21,0,0
BRDA:279,21,1,0
BRDA:279,21,2,0
BRDA:311,22,0,0
BRDA:311,22,1,0
BRDA:325,23,0,0
BRDA:325,23,1,0
BRDA:334,24,0,0
BRDA:334,24,1,0
BRDA:348,25,0,0
BRDA:348,25,1,0
BRDA:351,26,0,0
BRDA:351,26,1,0
BRDA:371,27,0,0
BRDA:371,27,1,0
BRDA:371,27,2,0
BRDA:371,27,3,0
BRDA:386,28,0,0
BRDA:386,28,1,0
BRDA:404,29,0,0
BRDA:404,29,1,0
BRDA:409,30,0,0
BRDA:409,30,1,0
BRDA:412,31,0,0
BRDA:412,31,1,0
BRDA:450,32,0,0
BRDA:450,32,1,0
BRDA:472,33,0,0
BRDA:472,33,1,0
BRDA:472,33,2,0
BRDA:479,34,0,0
BRDA:479,34,1,0
BRDA:489,35,0,0
BRDA:489,35,1,0
BRDA:489,35,2,0
BRDA:562,36,0,0
BRDA:562,36,1,0
BRDA:570,37,0,0
BRDA:570,37,1,0
BRDA:579,38,0,0
BRDA:579,38,1,0
BRDA:579,39,0,0
BRDA:579,39,1,0
BRDA:584,40,0,0
BRDA:584,40,1,0
BRDA:584,41,0,0
BRDA:584,41,1,0
BRDA:592,42,0,0
BRDA:592,42,1,0
BRDA:599,43,0,0
BRDA:599,43,1,0
BRDA:604,44,0,0
BRDA:604,44,1,0
BRDA:612,45,0,0
BRDA:612,45,1,0
BRDA:619,46,0,0
BRDA:619,46,1,0
BRDA:624,47,0,0
BRDA:624,47,1,0
BRDA:632,48,0,0
BRDA:632,48,1,0
BRDA:639,49,0,0
BRDA:639,49,1,0
BRDA:644,50,0,0
BRDA:644,50,1,0
BRDA:653,51,0,0
BRDA:653,51,1,0
BRDA:669,52,0,0
BRDA:669,52,1,0
BRDA:669,53,0,0
BRDA:669,53,1,0
BRDA:674,54,0,0
BRDA:674,54,1,0
BRDA:683,55,0,0
BRDA:683,55,1,0
BRDA:702,56,0,0
BRDA:702,56,1,0
BRDA:709,57,0,0
BRDA:709,57,1,0
BRDA:725,58,0,0
BRDA:725,58,1,0
BRDA:725,58,2,0
BRDA:732,59,0,0
BRDA:732,59,1,0
BRF:126
BRH:0
end_of_record
TN:
SF:components/DocumentClassificationModal.tsx
FN:30,DocumentClassificationModal
FN:43,(anonymous_1)
FN:49,(anonymous_2)
FN:64,(anonymous_3)
FN:72,(anonymous_4)
FN:76,(anonymous_5)
FN:85,(anonymous_6)
FN:92,(anonymous_7)
FN:109,(anonymous_8)
FN:151,(anonymous_9)
FN:188,(anonymous_10)
FN:201,(anonymous_11)
FN:208,(anonymous_12)
FN:256,(anonymous_13)
FN:263,(anonymous_14)
FN:282,(anonymous_15)
FNF:16
FNH:0
FNDA:0,DocumentClassificationModal
FNDA:0,(anonymous_1)
FNDA:0,(anonymous_2)
FNDA:0,(anonymous_3)
FNDA:0,(anonymous_4)
FNDA:0,(anonymous_5)
FNDA:0,(anonymous_6)
FNDA:0,(anonymous_7)
FNDA:0,(anonymous_8)
FNDA:0,(anonymous_9)
FNDA:0,(anonymous_10)
FNDA:0,(anonymous_11)
FNDA:0,(anonymous_12)
FNDA:0,(anonymous_13)
FNDA:0,(anonymous_14)
FNDA:0,(anonymous_15)
DA:38,0
DA:39,0
DA:40,0
DA:41,0
DA:43,0
DA:44,0
DA:45,0
DA:49,0
DA:50,0
DA:51,0
DA:53,0
DA:54,0
DA:55,0
DA:57,0
DA:58,0
DA:60,0
DA:64,0
DA:65,0
DA:66,0
DA:69,0
DA:72,0
DA:76,0
DA:77,0
DA:78,0
DA:85,0
DA:86,0
DA:92,0
DA:93,0
DA:109,0
DA:110,0
DA:112,0
DA:152,0
DA:189,0
DA:202,0
DA:208,0
DA:257,0
DA:263,0
DA:282,0
DA:283,0
DA:284,0
DA:285,0
DA:288,0
DA:317,0
LF:43
LH:0
BRDA:44,0,0,0
BRDA:44,0,1,0
BRDA:44,1,0,0
BRDA:44,1,1,0
BRDA:58,2,0,0
BRDA:58,2,1,0
BRDA:110,3,0,0
BRDA:110,3,1,0
BRDA:131,4,0,0
BRDA:131,4,1,0
BRDA:132,5,0,0
BRDA:132,5,1,0
BRDA:147,6,0,0
BRDA:147,6,1,0
BRDA:165,7,0,0
BRDA:165,7,1,0
BRDA:166,8,0,0
BRDA:166,8,1,0
BRDA:167,9,0,0
BRDA:167,9,1,0
BRDA:171,10,0,0
BRDA:171,10,1,0
BRDA:172,11,0,0
BRDA:172,11,1,0
BRDA:173,12,0,0
BRDA:173,12,1,0
BRDA:186,13,0,0
BRDA:186,13,1,0
BRDA:198,14,0,0
BRDA:198,14,1,0
BRDA:206,15,0,0
BRDA:206,15,1,0
BRDA:213,16,0,0
BRDA:213,16,1,0
BRDA:214,17,0,0
BRDA:214,17,1,0
BRDA:215,18,0,0
BRDA:215,18,1,0
BRDA:216,19,0,0
BRDA:216,19,1,0
BRDA:229,20,0,0
BRDA:229,20,1,0
BRDA:261,21,0,0
BRDA:261,21,1,0
BRDA:270,22,0,0
BRDA:270,22,1,0
BRDA:283,23,0,0
BRDA:283,23,1,0
BRDA:284,24,0,0
BRDA:284,24,1,0
BRF:50
BRH:0
end_of_record
TN:
SF:components/DocumentList.tsx
FN:34,(anonymous_0)
FN:49,(anonymous_1)
FN:71,(anonymous_2)
FN:93,(anonymous_3)
FN:98,(anonymous_4)
FN:114,(anonymous_5)
FN:118,(anonymous_6)
FN:123,(anonymous_7)
FN:127,(anonymous_8)
FN:131,(anonymous_9)
FN:141,(anonymous_10)
FN:169,(anonymous_11)
FN:174,(anonymous_12)
FN:196,(anonymous_13)
FN:203,(anonymous_14)
FN:222,(anonymous_15)
FN:234,(anonymous_16)
FN:335,(anonymous_17)
FN:403,(anonymous_18)
FN:416,(anonymous_19)
FN:428,(anonymous_20)
FNF:21
FNH:0
FNDA:0,(anonymous_0)
FNDA:0,(anonymous_1)
FNDA:0,(anonymous_2)
FNDA:0,(anonymous_3)
FNDA:0,(anonymous_4)
FNDA:0,(anonymous_5)
FNDA:0,(anonymous_6)
FNDA:0,(anonymous_7)
FNDA:0,(anonymous_8)
FNDA:0,(anonymous_9)
FNDA:0,(anonymous_10)
FNDA:0,(anonymous_11)
FNDA:0,(anonymous_12)
FNDA:0,(anonymous_13)
FNDA:0,(anonymous_14)
FNDA:0,(anonymous_15)
FNDA:0,(anonymous_16)
FNDA:0,(anonymous_17)
FNDA:0,(anonymous_18)
FNDA:0,(anonymous_19)
FNDA:0,(anonymous_20)
DA:24,0
DA:25,0
DA:34,0
DA:35,0
DA:36,0
DA:37,0
DA:40,0
DA:41,0
DA:42,0
DA:45,0
DA:46,0
DA:47,0
DA:49,0
DA:51,0
DA:71,0
DA:72,0
DA:88,0
DA:89,0
DA:90,0
DA:93,0
DA:94,0
DA:95,0
DA:98,0
DA:99,0
DA:100,0
DA:101,0
DA:103,0
DA:106,0
DA:107,0
DA:110,0
DA:114,0
DA:115,0
DA:118,0
DA:119,0
DA:120,0
DA:123,0
DA:124,0
DA:127,0
DA:128,0
DA:130,0
DA:131,0
DA:132,0
DA:135,0
DA:136,0
DA:137,0
DA:141,0
DA:142,0
DA:145,0
DA:146,0
DA:148,0
DA:149,0
DA:152,0
DA:153,0
DA:156,0
DA:159,0
DA:160,0
DA:162,0
DA:163,0
DA:165,0
DA:169,0
DA:171,0
DA:174,0
DA:175,0
DA:177,0
DA:197,0
DA:198,0
DA:200,0
DA:203,0
DA:222,0
DA:234,0
DA:235,0
DA:249,0
DA:336,0
DA:337,0
DA:339,0
DA:403,0
DA:416,0
DA:428,0
DA:447,0
LF:79
LH:0
BRDA:94,0,0,0
BRDA:94,0,1,0
BRDA:100,1,0,0
BRDA:100,1,1,0
BRDA:106,2,0,0
BRDA:106,2,1,0
BRDA:135,3,0,0
BRDA:135,3,1,0
BRDA:148,4,0,0
BRDA:148,4,1,0
BRDA:152,5,0,0
BRDA:152,5,1,0
BRDA:181,6,0,0
BRDA:181,6,1,0
BRDA:197,7,0,0
BRDA:197,7,1,0
BRDA:211,8,0,0
BRDA:211,8,1,0
BRDA:329,9,0,0
BRDA:329,9,1,0
BRDA:332,10,0,0
BRDA:332,10,1,0
BRDA:336,11,0,0
BRDA:336,11,1,0
BRDA:345,12,0,0
BRDA:345,12,1,0
BRDA:357,13,0,0
BRDA:357,13,1,0
BRDA:383,14,0,0
BRDA:383,14,1,0
BRDA:489,15,0,0
BRDA:489,15,1,0
BRF:32
BRH:0
end_of_record
TN:
SF:components/DocumentScanner.tsx
FN:38,(anonymous_0)
FN:66,(anonymous_1)
FN:88,(anonymous_2)
FN:160,(anonymous_3)
FN:168,(anonymous_4)
FN:181,(anonymous_5)
FN:223,(anonymous_6)
FN:228,(anonymous_7)
FN:232,(anonymous_8)
FN:256,(anonymous_9)
FN:270,(anonymous_10)
FN:296,(anonymous_11)
FN:344,(anonymous_12)
FN:345,(anonymous_13)
FN:355,(anonymous_14)
FN:356,(anonymous_15)
FN:359,(anonymous_16)
FN:403,(anonymous_17)
FN:565,(anonymous_18)
FN:577,(anonymous_19)
FN:581,(anonymous_20)
FNF:21
FNH:0
FNDA:0,(anonymous_0)
FNDA:0,(anonymous_1)
FNDA:0,(anonymous_2)
FNDA:0,(anonymous_3)
FNDA:0,(anonymous_4)
FNDA:0,(anonymous_5)
FNDA:0,(anonymous_6)
FNDA:0,(anonymous_7)
FNDA:0,(anonymous_8)
FNDA:0,(anonymous_9)
FNDA:0,(anonymous_10)
FNDA:0,(anonymous_11)
FNDA:0,(anonymous_12)
FNDA:0,(anonymous_13)
FNDA:0,(anonymous_14)
FNDA:0,(anonymous_15)
FNDA:0,(anonymous_16)
FNDA:0,(anonymous_17)
FNDA:0,(anonymous_18)
FNDA:0,(anonymous_19)
FNDA:0,(anonymous_20)
DA:23,0
DA:38,0
DA:39,0
DA:40,0
DA:41,0
DA:42,0
DA:43,0
DA:44,0
DA:46,0
DA:47,0
DA:50,0
DA:51,0
DA:52,0
DA:53,0
DA:54,0
DA:55,0
DA:58,0
DA:59,0
DA:60,0
DA:63,0
DA:64,0
DA:66,0
DA:68,0
DA:88,0
DA:89,0
DA:105,0
DA:106,0
DA:107,0
DA:110,0
DA:124,0
DA:127,0
DA:141,0
DA:144,0
DA:158,0
DA:160,0
DA:161,0
DA:162,0
DA:163,0
DA:168,0
DA:169,0
DA:171,0
DA:173,0
DA:178,0
DA:181,0
DA:190,0
DA:198,0
DA:199,0
DA:219,0
DA:221,0
DA:222,0
DA:223,0
DA:226,0
DA:227,0
DA:228,0
DA:229,0
DA:230,0
DA:232,0
DA:233,0
DA:234,0
DA:238,0
DA:241,0
DA:244,0
DA:247,0
DA:248,0
DA:252,0
DA:253,0
DA:256,0
DA:257,0
DA:258,0
DA:259,0
DA:260,0
DA:264,0
DA:265,0
DA:270,0
DA:271,0
DA:274,0
DA:275,0
DA:278,0
DA:279,0
DA:283,0
DA:284,0
DA:288,0
DA:289,0
DA:290,0
DA:293,0
DA:296,0
DA:297,0
DA:299,0
DA:300,0
DA:301,0
DA:308,0
DA:309,0
DA:310,0
DA:313,0
DA:320,0
DA:321,0
DA:324,0
DA:325,0
DA:328,0
DA:329,0
DA:331,0
DA:337,0
DA:339,0
DA:340,0
DA:344,0
DA:345,0
DA:346,0
DA:347,0
DA:348,0
DA:349,0
DA:350,0
DA:355,0
DA:356,0
DA:359,0
DA:360,0
DA:362,0
DA:364,0
DA:403,0
DA:404,0
DA:409,0
DA:414,0
DA:565,0
DA:578,0
DA:582,0
DA:583,0
DA:646,0
LF:126
LH:0
BRDA:169,0,0,0
BRDA:169,0,1,0
BRDA:169,1,0,0
BRDA:169,1,1,0
BRDA:221,2,0,0
BRDA:221,2,1,0
BRDA:227,3,0,0
BRDA:227,3,1,0
BRDA:229,4,0,0
BRDA:229,4,1,0
BRDA:233,5,0,0
BRDA:233,5,1,0
BRDA:233,6,0,0
BRDA:233,6,1,0
BRDA:252,7,0,0
BRDA:252,7,1,0
BRDA:278,8,0,0
BRDA:278,8,1,0
BRDA:278,9,0,0
BRDA:278,9,1,0
BRDA:283,10,0,0
BRDA:283,10,1,0
BRDA:283,11,0,0
BRDA:283,11,1,0
BRDA:289,12,0,0
BRDA:289,12,1,0
BRDA:289,13,0,0
BRDA:289,13,1,0
BRDA:297,14,0,0
BRDA:297,14,1,0
BRDA:297,15,0,0
BRDA:297,15,1,0
BRDA:346,16,0,0
BRDA:346,16,1,0
BRDA:346,16,2,0
BRDA:346,16,3,0
BRDA:356,17,0,0
BRDA:356,17,1,0
BRDA:360,18,0,0
BRDA:360,18,1,0
BRDA:495,19,0,0
BRDA:495,19,1,0
BRDA:508,20,0,0
BRDA:508,20,1,0
BRDA:524,21,0,0
BRDA:524,21,1,0
BRDA:524,22,0,0
BRDA:524,22,1,0
BRDA:529,23,0,0
BRDA:529,23,1,0
BRDA:529,24,0,0
BRDA:529,24,1,0
BRDA:544,25,0,0
BRDA:544,25,1,0
BRDA:570,26,0,0
BRDA:570,26,1,0
BRDA:574,27,0,0
BRDA:574,27,1,0
BRDA:588,28,0,0
BRDA:588,28,1,0
BRDA:620,29,0,0
BRDA:620,29,1,0
BRDA:625,30,0,0
BRDA:625,30,1,0
BRDA:635,31,0,0
BRDA:635,31,1,0
BRDA:712,32,0,0
BRDA:712,32,1,0
BRF:68
BRH:0
end_of_record
TN:
SF:components/DocumentTypeSelector.tsx
FN:26,(anonymous_0)
FN:34,(anonymous_1)
FN:39,(anonymous_2)
FN:45,(anonymous_3)
FN:108,(anonymous_4)
FN:118,(anonymous_5)
FN:131,(anonymous_6)
FN:150,(anonymous_7)
FN:151,(anonymous_8)
FNF:9
FNH:0
FNDA:0,(anonymous_0)
FNDA:0,(anonymous_1)
FNDA:0,(anonymous_2)
FNDA:0,(anonymous_3)
FNDA:0,(anonymous_4)
FNDA:0,(anonymous_5)
FNDA:0,(anonymous_6)
FNDA:0,(anonymous_7)
FNDA:0,(anonymous_8)
DA:16,0
DA:17,0
DA:26,0
DA:32,0
DA:34,0
DA:35,0
DA:36,0
DA:39,0
DA:40,0
DA:42,0
DA:45,0
DA:80,0
DA:108,0
DA:119,0
DA:132,0
DA:133,0
DA:134,0
DA:150,0
DA:151,0
DA:154,0
LF:20
LH:0
BRDA:32,0,0,0
BRDA:32,0,1,0
BRDA:44,1,0,0
BRDA:44,1,1,0
BRDA:48,2,0,0
BRDA:48,2,1,0
BRDA:52,3,0,0
BRDA:52,3,1,0
BRDA:56,4,0,0
BRDA:56,4,1,0
BRDA:60,5,0,0
BRDA:60,5,1,0
BRDA:64,6,0,0
BRDA:64,6,1,0
BRDA:71,7,0,0
BRDA:71,7,1,0
BRDA:115,8,0,0
BRDA:115,8,1,0
BRDA:127,9,0,0
BRDA:127,9,1,0
BRDA:133,10,0,0
BRDA:133,10,1,0
BRF:22
BRH:0
end_of_record
TN:
SF:components/ExportOptionsModal.tsx
FN:29,ExportOptionsModal
FN:51,(anonymous_1)
FN:53,(anonymous_2)
FN:56,(anonymous_3)
FN:57,(anonymous_4)
FN:63,(anonymous_5)
FN:64,(anonymous_6)
FN:67,(anonymous_7)
FN:88,(anonymous_8)
FN:98,(anonymous_9)
FN:109,(anonymous_10)
FN:125,(anonymous_11)
FN:132,(anonymous_12)
FN:154,(anonymous_13)
FN:168,(anonymous_14)
FN:175,(anonymous_15)
FN:255,(anonymous_16)
FN:268,(anonymous_17)
FN:281,(anonymous_18)
FN:294,(anonymous_19)
FN:307,(anonymous_20)
FNF:21
FNH:0
FNDA:0,ExportOptionsModal
FNDA:0,(anonymous_1)
FNDA:0,(anonymous_2)
FNDA:0,(anonymous_3)
FNDA:0,(anonymous_4)
FNDA:0,(anonymous_5)
FNDA:0,(anonymous_6)
FNDA:0,(anonymous_7)
FNDA:0,(anonymous_8)
FNDA:0,(anonymous_9)
FNDA:0,(anonymous_10)
FNDA:0,(anonymous_11)
FNDA:0,(anonymous_12)
FNDA:0,(anonymous_13)
FNDA:0,(anonymous_14)
FNDA:0,(anonymous_15)
FNDA:0,(anonymous_16)
FNDA:0,(anonymous_17)
FNDA:0,(anonymous_18)
FNDA:0,(anonymous_19)
FNDA:0,(anonymous_20)
DA:35,0
DA:36,0
DA:37,0
DA:47,0
DA:49,0
DA:51,0
DA:52,0
DA:53,0
DA:56,0
DA:57,0
DA:63,0
DA:64,0
DA:67,0
DA:68,0
DA:70,0
DA:71,0
DA:73,0
DA:79,0
DA:82,0
DA:89,0
DA:90,0
DA:92,0
DA:99,0
DA:100,0
DA:101,0
DA:103,0
DA:110,0
DA:111,0
DA:118,0
DA:119,0
DA:121,0
DA:125,0
DA:126,0
DA:128,0
DA:132,0
DA:154,0
DA:155,0
DA:156,0
DA:157,0
DA:158,0
DA:159,0
DA:160,0
DA:161,0
DA:162,0
DA:163,0
DA:164,0
DA:168,0
DA:169,0
DA:171,0
DA:175,0
DA:187,0
DA:255,0
DA:268,0
DA:281,0
DA:294,0
DA:307,0
DA:342,0
LF:57
LH:0
BRDA:68,0,0,0
BRDA:68,0,1,0
BRDA:75,1,0,0
BRDA:75,1,1,0
BRDA:76,2,0,0
BRDA:76,2,1,0
BRDA:131,3,0,0
BRDA:131,3,1,0
BRDA:138,4,0,0
BRDA:138,4,1,0
BRDA:142,5,0,0
BRDA:142,5,1,0
BRDA:147,6,0,0
BRDA:147,6,1,0
BRDA:155,7,0,0
BRDA:155,7,1,0
BRDA:155,7,2,0
BRDA:155,7,3,0
BRDA:155,7,4,0
BRDA:155,7,5,0
BRDA:155,7,6,0
BRDA:155,7,7,0
BRDA:155,7,8,0
BRDA:174,8,0,0
BRDA:174,8,1,0
BRDA:177,9,0,0
BRDA:177,9,1,0
BRDA:180,10,0,0
BRDA:180,10,1,0
BRDA:210,11,0,0
BRDA:210,11,1,0
BRDA:257,12,0,0
BRDA:257,12,1,0
BRDA:270,13,0,0
BRDA:270,13,1,0
BRDA:283,14,0,0
BRDA:283,14,1,0
BRDA:296,15,0,0
BRDA:296,15,1,0
BRDA:309,16,0,0
BRDA:309,16,1,0
BRDA:318,17,0,0
BRDA:318,17,1,0
BRDA:326,18,0,0
BRDA:326,18,1,0
BRDA:332,19,0,0
BRDA:332,19,1,0
BRF:47
BRH:0
end_of_record
TN:
SF:components/ImagePreview.tsx
FN:44,(anonymous_0)
FN:66,(anonymous_1)
FN:88,(anonymous_2)
FN:110,(anonymous_3)
FN:173,(anonymous_4)
FN:184,(anonymous_5)
FN:189,(anonymous_6)
FN:207,(anonymous_7)
FN:217,(anonymous_8)
FN:233,(anonymous_9)
FN:237,(anonymous_10)
FN:277,(anonymous_11)
FN:319,(anonymous_12)
FN:336,(anonymous_13)
FN:343,(anonymous_14)
FN:442,(anonymous_15)
FN:575,(anonymous_16)
FN:583,(anonymous_17)
FN:625,(anonymous_18)
FN:633,(anonymous_19)
FN:674,(anonymous_20)
FN:676,(anonymous_21)
FN:685,(anonymous_22)
FN:715,(anonymous_23)
FN:719,(anonymous_24)
FNF:25
FNH:0
FNDA:0,(anonymous_0)
FNDA:0,(anonymous_1)
FNDA:0,(anonymous_2)
FNDA:0,(anonymous_3)
FNDA:0,(anonymous_4)
FNDA:0,(anonymous_5)
FNDA:0,(anonymous_6)
FNDA:0,(anonymous_7)
FNDA:0,(anonymous_8)
FNDA:0,(anonymous_9)
FNDA:0,(anonymous_10)
FNDA:0,(anonymous_11)
FNDA:0,(anonymous_12)
FNDA:0,(anonymous_13)
FNDA:0,(anonymous_14)
FNDA:0,(anonymous_15)
FNDA:0,(anonymous_16)
FNDA:0,(anonymous_17)
FNDA:0,(anonymous_18)
FNDA:0,(anonymous_19)
FNDA:0,(anonymous_20)
FNDA:0,(anonymous_21)
FNDA:0,(anonymous_22)
FNDA:0,(anonymous_23)
FNDA:0,(anonymous_24)
DA:32,0
DA:44,0
DA:45,0
DA:46,0
DA:47,0
DA:48,0
DA:49,0
DA:50,0
DA:51,0
DA:52,0
DA:53,0
DA:54,0
DA:57,0
DA:58,0
DA:59,0
DA:62,0
DA:63,0
DA:64,0
DA:66,0
DA:68,0
DA:88,0
DA:89,0
DA:105,0
DA:106,0
DA:107,0
DA:110,0
DA:111,0
DA:113,0
DA:114,0
DA:116,0
DA:117,0
DA:121,0
DA:123,0
DA:129,0
DA:131,0
DA:132,0
DA:134,0
DA:141,0
DA:143,0
DA:148,0
DA:150,0
DA:156,0
DA:158,0
DA:159,0
DA:160,0
DA:163,0
DA:164,0
DA:166,0
DA:167,0
DA:169,0
DA:173,0
DA:174,0
DA:175,0
DA:176,0
DA:177,0
DA:179,0
DA:180,0
DA:184,0
DA:186,0
DA:189,0
DA:190,0
DA:192,0
DA:193,0
DA:195,0
DA:196,0
DA:197,0
DA:198,0
DA:200,0
DA:201,0
DA:203,0
DA:207,0
DA:208,0
DA:209,0
DA:210,0
DA:212,0
DA:213,0
DA:217,0
DA:218,0
DA:219,0
DA:220,0
DA:225,0
DA:228,0
DA:229,0
DA:233,0
DA:234,0
DA:237,0
DA:238,0
DA:239,0
DA:240,0
DA:269,0
DA:270,0
DA:272,0
DA:273,0
DA:277,0
DA:278,0
DA:319,0
DA:320,0
DA:329,0
DA:337,0
DA:343,0
DA:359,0
DA:442,0
DA:575,0
DA:583,0
DA:625,0
DA:633,0
DA:674,0
DA:677,0
DA:678,0
DA:685,0
DA:716,0
DA:717,0
DA:720,0
DA:727,0
LF:114
LH:0
BRDA:111,0,0,0
BRDA:111,0,1,0
BRDA:121,1,0,0
BRDA:121,1,1,0
BRDA:121,1,2,0
BRDA:121,1,3,0
BRDA:121,1,4,0
BRDA:121,1,5,0
BRDA:190,2,0,0
BRDA:190,2,1,0
BRDA:219,3,0,0
BRDA:219,3,1,0
BRDA:240,4,0,0
BRDA:240,4,1,0
BRDA:283,5,0,0
BRDA:283,5,1,0
BRDA:341,6,0,0
BRDA:341,6,1,0
BRDA:472,7,0,0
BRDA:472,7,1,0
BRDA:483,8,0,0
BRDA:483,8,1,0
BRDA:540,9,0,0
BRDA:540,9,1,0
BRDA:590,10,0,0
BRDA:590,10,1,0
BRDA:640,11,0,0
BRDA:640,11,1,0
BRDA:687,12,0,0
BRDA:687,12,1,0
BRDA:769,13,0,0
BRDA:769,13,1,0
BRF:32
BRH:0
end_of_record
TN:
SF:components/QuickExportModal.tsx
FN:33,QuickExportModal
FN:42,(anonymous_1)
FN:69,(anonymous_2)
FN:79,(anonymous_3)
FN:90,(anonymous_4)
FN:107,(anonymous_5)
FN:114,(anonymous_6)
FNF:7
FNH:0
FNDA:0,QuickExportModal
FNDA:0,(anonymous_1)
FNDA:0,(anonymous_2)
FNDA:0,(anonymous_3)
FNDA:0,(anonymous_4)
FNDA:0,(anonymous_5)
FNDA:0,(anonymous_6)
DA:26,0
DA:39,0
DA:40,0
DA:42,0
DA:43,0
DA:45,0
DA:46,0
DA:47,0
DA:49,0
DA:60,0
DA:63,0
DA:70,0
DA:71,0
DA:73,0
DA:80,0
DA:81,0
DA:82,0
DA:84,0
DA:91,0
DA:92,0
DA:99,0
DA:100,0
DA:102,0
DA:103,0
DA:107,0
DA:108,0
DA:110,0
DA:114,0
DA:143,0
DA:207,0
LF:30
LH:0
BRDA:43,0,0,0
BRDA:43,0,1,0
BRDA:57,1,0,0
BRDA:57,1,1,0
BRDA:113,2,0,0
BRDA:113,2,1,0
BRDA:118,3,0,0
BRDA:118,3,1,0
BRDA:124,4,0,0
BRDA:124,4,1,0
BRDA:129,5,0,0
BRDA:129,5,1,0
BRDA:132,6,0,0
BRDA:132,6,1,0
BRDA:133,7,0,0
BRDA:133,7,1,0
BRDA:136,8,0,0
BRDA:136,8,1,0
BRDA:165,9,0,0
BRDA:165,9,1,0
BRF:20
BRH:0
end_of_record
TN:
SF:components/SmartOrganizationModal.tsx
FN:28,SmartOrganizationModal
FN:41,(anonymous_1)
FN:47,(anonymous_2)
FN:62,(anonymous_3)
FN:70,(anonymous_4)
FN:76,(anonymous_5)
FN:85,(anonymous_6)
FN:90,(anonymous_7)
FN:100,(anonymous_8)
FN:107,(anonymous_9)
FN:124,(anonymous_10)
FN:130,(anonymous_11)
FN:134,(anonymous_12)
FN:149,(anonymous_13)
FN:165,(anonymous_14)
FN:177,(anonymous_15)
FN:189,(anonymous_16)
FN:211,(anonymous_17)
FN:228,(anonymous_18)
FN:249,(anonymous_19)
FN:273,(anonymous_20)
FN:285,(anonymous_21)
FNF:22
FNH:0
FNDA:0,SmartOrganizationModal
FNDA:0,(anonymous_1)
FNDA:0,(anonymous_2)
FNDA:0,(anonymous_3)
FNDA:0,(anonymous_4)
FNDA:0,(anonymous_5)
FNDA:0,(anonymous_6)
FNDA:0,(anonymous_7)
FNDA:0,(anonymous_8)
FNDA:0,(anonymous_9)
FNDA:0,(anonymous_10)
FNDA:0,(anonymous_11)
FNDA:0,(anonymous_12)
FNDA:0,(anonymous_13)
FNDA:0,(anonymous_14)
FNDA:0,(anonymous_15)
FNDA:0,(anonymous_16)
FNDA:0,(anonymous_17)
FNDA:0,(anonymous_18)
FNDA:0,(anonymous_19)
FNDA:0,(anonymous_20)
FNDA:0,(anonymous_21)
DA:35,0
DA:36,0
DA:37,0
DA:38,0
DA:39,0
DA:41,0
DA:42,0
DA:43,0
DA:47,0
DA:48,0
DA:49,0
DA:51,0
DA:52,0
DA:53,0
DA:55,0
DA:56,0
DA:58,0
DA:62,0
DA:63,0
DA:71,0
DA:73,0
DA:74,0
DA:76,0
DA:85,0
DA:86,0
DA:87,0
DA:90,0
DA:91,0
DA:92,0
DA:93,0
DA:95,0
DA:97,0
DA:100,0
DA:101,0
DA:107,0
DA:108,0
DA:124,0
DA:125,0
DA:131,0
DA:134,0
DA:149,0
DA:150,0
DA:166,0
DA:177,0
DA:178,0
DA:189,0
DA:190,0
DA:211,0
DA:228,0
DA:229,0
DA:249,0
DA:250,0
DA:273,0
DA:274,0
DA:285,0
DA:286,0
DA:287,0
DA:288,0
DA:290,0
DA:292,0
DA:294,0
DA:296,0
DA:298,0
DA:302,0
DA:332,0
LF:65
LH:0
BRDA:42,0,0,0
BRDA:42,0,1,0
BRDA:42,1,0,0
BRDA:42,1,1,0
BRDA:56,2,0,0
BRDA:56,2,1,0
BRDA:73,3,0,0
BRDA:73,3,1,0
BRDA:92,4,0,0
BRDA:92,4,1,0
BRDA:133,5,0,0
BRDA:133,5,1,0
BRDA:139,6,0,0
BRDA:139,6,1,0
BRDA:141,7,0,0
BRDA:141,7,1,0
BRDA:170,8,0,0
BRDA:170,8,1,0
BRDA:193,9,0,0
BRDA:193,9,1,0
BRDA:194,10,0,0
BRDA:194,10,1,0
BRDA:195,11,0,0
BRDA:195,11,1,0
BRDA:196,12,0,0
BRDA:196,12,1,0
BRDA:236,13,0,0
BRDA:236,13,1,0
BRDA:256,14,0,0
BRDA:256,14,1,0
BRDA:258,15,0,0
BRDA:258,15,1,0
BRDA:260,16,0,0
BRDA:260,16,1,0
BRDA:267,17,0,0
BRDA:267,17,1,0
BRDA:286,18,0,0
BRDA:286,18,1,0
BRDA:287,19,0,0
BRDA:287,19,1,0
BRDA:288,20,0,0
BRDA:288,20,1,0
BRDA:290,21,0,0
BRDA:290,21,1,0
BRDA:290,21,2,0
BRDA:290,21,3,0
BRF:46
BRH:0
end_of_record
TN:
SF:components/SmartScanner.tsx
FN:45,(anonymous_0)
FN:128,(anonymous_1)
FN:134,(anonymous_2)
FN:156,(anonymous_3)
FN:192,(anonymous_4)
FN:198,(anonymous_5)
FN:216,(anonymous_6)
FN:268,(anonymous_7)
FN:286,(anonymous_8)
FN:355,(anonymous_9)
FN:356,(anonymous_10)
FN:366,(anonymous_11)
FN:367,(anonymous_12)
FN:370,(anonymous_13)
FN:377,(anonymous_14)
FN:395,(anonymous_15)
FN:399,(anonymous_16)
FN:423,(anonymous_17)
FN:459,(anonymous_18)
FN:493,(anonymous_19)
FN:533,(anonymous_20)
FNF:21
FNH:0
FNDA:0,(anonymous_0)
FNDA:0,(anonymous_1)
FNDA:0,(anonymous_2)
FNDA:0,(anonymous_3)
FNDA:0,(anonymous_4)
FNDA:0,(anonymous_5)
FNDA:0,(anonymous_6)
FNDA:0,(anonymous_7)
FNDA:0,(anonymous_8)
FNDA:0,(anonymous_9)
FNDA:0,(anonymous_10)
FNDA:0,(anonymous_11)
FNDA:0,(anonymous_12)
FNDA:0,(anonymous_13)
FNDA:0,(anonymous_14)
FNDA:0,(anonymous_15)
FNDA:0,(anonymous_16)
FNDA:0,(anonymous_17)
FNDA:0,(anonymous_18)
FNDA:0,(anonymous_19)
FNDA:0,(anonymous_20)
DA:25,0
DA:45,0
DA:53,0
DA:54,0
DA:55,0
DA:56,0
DA:57,0
DA:60,0
DA:61,0
DA:62,0
DA:63,0
DA:64,0
DA:67,0
DA:68,0
DA:69,0
DA:70,0
DA:71,0
DA:74,0
DA:75,0
DA:76,0
DA:79,0
DA:80,0
DA:84,0
DA:128,0
DA:129,0
DA:130,0
DA:134,0
DA:135,0
DA:137,0
DA:138,0
DA:139,0
DA:140,0
DA:143,0
DA:150,0
DA:152,0
DA:156,0
DA:158,0
DA:174,0
DA:189,0
DA:190,0
DA:192,0
DA:193,0
DA:194,0
DA:198,0
DA:199,0
DA:213,0
DA:216,0
DA:217,0
DA:220,0
DA:221,0
DA:222,0
DA:225,0
DA:227,0
DA:228,0
DA:231,0
DA:234,0
DA:235,0
DA:236,0
DA:239,0
DA:241,0
DA:243,0
DA:246,0
DA:247,0
DA:248,0
DA:251,0
DA:254,0
DA:255,0
DA:258,0
DA:259,0
DA:267,0
DA:268,0
DA:269,0
DA:270,0
DA:276,0
DA:278,0
DA:279,0
DA:280,0
DA:282,0
DA:286,0
DA:287,0
DA:289,0
DA:290,0
DA:291,0
DA:297,0
DA:300,0
DA:301,0
DA:302,0
DA:306,0
DA:307,0
DA:309,0
DA:314,0
DA:315,0
DA:316,0
DA:319,0
DA:326,0
DA:327,0
DA:330,0
DA:331,0
DA:334,0
DA:335,0
DA:337,0
DA:343,0
DA:344,0
DA:350,0
DA:351,0
DA:355,0
DA:356,0
DA:357,0
DA:358,0
DA:359,0
DA:360,0
DA:361,0
DA:366,0
DA:367,0
DA:370,0
DA:371,0
DA:373,0
DA:377,0
DA:396,0
DA:400,0
DA:401,0
DA:423,0
DA:424,0
DA:426,0
DA:459,0
DA:460,0
DA:462,0
DA:469,0
DA:493,0
DA:494,0
DA:496,0
DA:499,0
DA:500,0
DA:503,0
DA:511,0
DA:533,0
DA:534,0
DA:549,0
DA:552,0
DA:553,0
DA:577,0
DA:701,0
LF:142
LH:0
BRDA:51,0,0,0
BRDA:79,1,0,0
BRDA:79,1,1,0
BRDA:79,2,0,0
BRDA:79,2,1,0
BRDA:79,2,2,0
BRDA:129,3,0,0
BRDA:129,3,1,0
BRDA:129,4,0,0
BRDA:129,4,1,0
BRDA:135,5,0,0
BRDA:135,5,1,0
BRDA:217,6,0,0
BRDA:217,6,1,0
BRDA:217,7,0,0
BRDA:217,7,1,0
BRDA:220,8,0,0
BRDA:220,8,1,0
BRDA:220,9,0,0
BRDA:220,9,1,0
BRDA:234,10,0,0
BRDA:234,10,1,0
BRDA:241,11,0,0
BRDA:241,11,1,0
BRDA:241,12,0,0
BRDA:241,12,1,0
BRDA:246,13,0,0
BRDA:246,13,1,0
BRDA:258,14,0,0
BRDA:258,14,1,0
BRDA:258,15,0,0
BRDA:258,15,1,0
BRDA:267,16,0,0
BRDA:267,16,1,0
BRDA:267,17,0,0
BRDA:267,17,1,0
BRDA:269,18,0,0
BRDA:269,18,1,0
BRDA:269,19,0,0
BRDA:269,19,1,0
BRDA:287,20,0,0
BRDA:287,20,1,0
BRDA:287,21,0,0
BRDA:287,21,1,0
BRDA:300,22,0,0
BRDA:300,22,1,0
BRDA:304,23,0,0
BRDA:304,23,1,0
BRDA:343,24,0,0
BRDA:343,24,1,0
BRDA:357,25,0,0
BRDA:357,25,1,0
BRDA:357,25,2,0
BRDA:357,25,3,0
BRDA:367,26,0,0
BRDA:367,26,1,0
BRDA:371,27,0,0
BRDA:371,27,1,0
BRDA:385,28,0,0
BRDA:385,28,1,0
BRDA:389,29,0,0
BRDA:389,29,1,0
BRDA:405,30,0,0
BRDA:405,30,1,0
BRDA:424,31,0,0
BRDA:424,31,1,0
BRDA:424,32,0,0
BRDA:424,32,1,0
BRDA:434,33,0,0
BRDA:434,33,1,0
BRDA:452,34,0,0
BRDA:452,34,1,0
BRDA:460,35,0,0
BRDA:460,35,1,0
BRDA:477,36,0,0
BRDA:477,36,1,0
BRDA:478,37,0,0
BRDA:478,37,1,0
BRDA:479,38,0,0
BRDA:479,38,1,0
BRDA:485,39,0,0
BRDA:485,39,1,0
BRDA:494,40,0,0
BRDA:494,40,1,0
BRDA:499,41,0,0
BRDA:499,41,1,0
BRDA:499,42,0,0
BRDA:499,42,1,0
BRDA:499,42,2,0
BRDA:499,42,3,0
BRDA:499,42,4,0
BRDA:507,43,0,0
BRDA:507,43,1,0
BRDA:526,44,0,0
BRDA:526,44,1,0
BRDA:549,45,0,0
BRDA:549,45,1,0
BRDA:552,46,0,0
BRDA:552,46,1,0
BRDA:552,47,0,0
BRDA:552,47,1,0
BRDA:552,47,2,0
BRDA:552,47,3,0
BRDA:611,48,0,0
BRDA:611,48,1,0
BRDA:612,49,0,0
BRDA:612,49,1,0
BRDA:634,50,0,0
BRDA:634,50,1,0
BRDA:634,51,0,0
BRDA:634,51,1,0
BRDA:639,52,0,0
BRDA:639,52,1,0
BRDA:639,53,0,0
BRDA:639,53,1,0
BRDA:668,54,0,0
BRDA:668,54,1,0
BRDA:670,55,0,0
BRDA:670,55,1,0
BRDA:673,56,0,0
BRDA:673,56,1,0
BRDA:673,57,0,0
BRDA:673,57,1,0
BRDA:679,58,0,0
BRDA:679,58,1,0
BRDA:689,59,0,0
BRDA:689,59,1,0
BRDA:690,60,0,0
BRDA:690,60,1,0
BRF:129
BRH:0
end_of_record
TN:
SF:components/UnifiedScanner.tsx
FN:42,(anonymous_0)
FN:99,(anonymous_1)
FN:118,(anonymous_2)
FN:170,(anonymous_3)
FN:177,(anonymous_4)
FN:181,(anonymous_5)
FN:188,(anonymous_6)
FN:212,(anonymous_7)
FN:233,(anonymous_8)
FN:256,(anonymous_9)
FN:317,(anonymous_10)
FN:337,(anonymous_11)
FN:338,(anonymous_12)
FN:348,(anonymous_13)
FN:349,(anonymous_14)
FN:353,(anonymous_15)
FN:354,(anonymous_16)
FN:362,(anonymous_17)
FN:367,(anonymous_18)
FN:374,(anonymous_19)
FN:377,(anonymous_20)
FN:383,(anonymous_21)
FN:391,(anonymous_22)
FN:397,(anonymous_23)
FN:400,(anonymous_24)
FN:421,(anonymous_25)
FN:422,(anonymous_26)
FN:430,(anonymous_27)
FN:431,(anonymous_28)
FN:445,(anonymous_29)
FN:448,(anonymous_30)
FN:457,(anonymous_31)
FN:466,(anonymous_32)
FN:475,(anonymous_33)
FN:483,(anonymous_34)
FN:484,(anonymous_35)
FN:484,(anonymous_36)
FN:487,(anonymous_37)
FN:504,(anonymous_38)
FN:509,(anonymous_39)
FN:516,(anonymous_40)
FN:523,(anonymous_41)
FN:526,(anonymous_42)
FN:527,(anonymous_43)
FN:533,(anonymous_44)
FN:577,(anonymous_45)
FN:588,(anonymous_46)
FN:601,(anonymous_47)
FN:691,(anonymous_48)
FN:698,(anonymous_49)
FN:705,(anonymous_50)
FN:712,(anonymous_51)
FN:762,(anonymous_52)
FN:883,(anonymous_53)
FN:905,(anonymous_54)
FN:909,(anonymous_55)
FN:951,(anonymous_56)
FN:998,(anonymous_57)
FNF:58
FNH:0
FNDA:0,(anonymous_0)
FNDA:0,(anonymous_1)
FNDA:0,(anonymous_2)
FNDA:0,(anonymous_3)
FNDA:0,(anonymous_4)
FNDA:0,(anonymous_5)
FNDA:0,(anonymous_6)
FNDA:0,(anonymous_7)
FNDA:0,(anonymous_8)
FNDA:0,(anonymous_9)
FNDA:0,(anonymous_10)
FNDA:0,(anonymous_11)
FNDA:0,(anonymous_12)
FNDA:0,(anonymous_13)
FNDA:0,(anonymous_14)
FNDA:0,(anonymous_15)
FNDA:0,(anonymous_16)
FNDA:0,(anonymous_17)
FNDA:0,(anonymous_18)
FNDA:0,(anonymous_19)
FNDA:0,(anonymous_20)
FNDA:0,(anonymous_21)
FNDA:0,(anonymous_22)
FNDA:0,(anonymous_23)
FNDA:0,(anonymous_24)
FNDA:0,(anonymous_25)
FNDA:0,(anonymous_26)
FNDA:0,(anonymous_27)
FNDA:0,(anonymous_28)
FNDA:0,(anonymous_29)
FNDA:0,(anonymous_30)
FNDA:0,(anonymous_31)
FNDA:0,(anonymous_32)
FNDA:0,(anonymous_33)
FNDA:0,(anonymous_34)
FNDA:0,(anonymous_35)
FNDA:0,(anonymous_36)
FNDA:0,(anonymous_37)
FNDA:0,(anonymous_38)
FNDA:0,(anonymous_39)
FNDA:0,(anonymous_40)
FNDA:0,(anonymous_41)
FNDA:0,(anonymous_42)
FNDA:0,(anonymous_43)
FNDA:0,(anonymous_44)
FNDA:0,(anonymous_45)
FNDA:0,(anonymous_46)
FNDA:0,(anonymous_47)
FNDA:0,(anonymous_48)
FNDA:0,(anonymous_49)
FNDA:0,(anonymous_50)
FNDA:0,(anonymous_51)
FNDA:0,(anonymous_52)
FNDA:0,(anonymous_53)
FNDA:0,(anonymous_54)
FNDA:0,(anonymous_55)
FNDA:0,(anonymous_56)
FNDA:0,(anonymous_57)
DA:24,0
DA:42,0
DA:50,0
DA:51,0
DA:52,0
DA:53,0
DA:54,0
DA:55,0
DA:57,0
DA:61,0
DA:62,0
DA:63,0
DA:64,0
DA:67,0
DA:68,0
DA:69,0
DA:72,0
DA:73,0
DA:74,0
DA:77,0
DA:78,0
DA:82,0
DA:85,0
DA:86,0
DA:90,0
DA:91,0
DA:92,0
DA:93,0
DA:96,0
DA:97,0
DA:99,0
DA:100,0
DA:102,0
DA:103,0
DA:104,0
DA:105,0
DA:108,0
DA:114,0
DA:118,0
DA:120,0
DA:134,0
DA:137,0
DA:151,0
DA:154,0
DA:168,0
DA:170,0
DA:171,0
DA:172,0
DA:173,0
DA:177,0
DA:178,0
DA:180,0
DA:181,0
DA:183,0
DA:184,0
DA:188,0
DA:191,0
DA:192,0
DA:195,0
DA:197,0
DA:198,0
DA:201,0
DA:202,0
DA:204,0
DA:205,0
DA:206,0
DA:208,0
DA:211,0
DA:212,0
DA:213,0
DA:214,0
DA:215,0
DA:219,0
DA:222,0
DA:225,0
DA:227,0
DA:228,0
DA:233,0
DA:234,0
DA:235,0
DA:237,0
DA:238,0
DA:239,0
DA:240,0
DA:241,0
DA:242,0
DA:243,0
DA:244,0
DA:245,0
DA:246,0
DA:248,0
DA:249,0
DA:252,0
DA:253,0
DA:256,0
DA:257,0
DA:259,0
DA:260,0
DA:261,0
DA:268,0
DA:269,0
DA:270,0
DA:273,0
DA:280,0
DA:281,0
DA:284,0
DA:285,0
DA:288,0
DA:289,0
DA:291,0
DA:298,0
DA:299,0
DA:300,0
DA:301,0
DA:302,0
DA:306,0
DA:307,0
DA:310,0
DA:317,0
DA:320,0
DA:321,0
DA:324,0
DA:325,0
DA:327,0
DA:332,0
DA:333,0
DA:337,0
DA:338,0
DA:339,0
DA:340,0
DA:341,0
DA:342,0
DA:343,0
DA:348,0
DA:349,0
DA:353,0
DA:354,0
DA:355,0
DA:356,0
DA:358,0
DA:362,0
DA:363,0
DA:364,0
DA:367,0
DA:368,0
DA:369,0
DA:370,0
DA:373,0
DA:374,0
DA:375,0
DA:376,0
DA:377,0
DA:378,0
DA:379,0
DA:383,0
DA:384,0
DA:385,0
DA:391,0
DA:392,0
DA:393,0
DA:397,0
DA:398,0
DA:400,0
DA:402,0
DA:403,0
DA:404,0
DA:406,0
DA:408,0
DA:409,0
DA:410,0
DA:411,0
DA:414,0
DA:416,0
DA:417,0
DA:421,0
DA:422,0
DA:423,0
DA:424,0
DA:425,0
DA:430,0
DA:431,0
DA:432,0
DA:434,0
DA:441,0
DA:445,0
DA:446,0
DA:448,0
DA:449,0
DA:450,0
DA:457,0
DA:458,0
DA:466,0
DA:467,0
DA:468,0
DA:470,0
DA:471,0
DA:475,0
DA:476,0
DA:477,0
DA:478,0
DA:480,0
DA:483,0
DA:484,0
DA:487,0
DA:488,0
DA:489,0
DA:495,0
DA:496,0
DA:497,0
DA:499,0
DA:500,0
DA:504,0
DA:505,0
DA:506,0
DA:509,0
DA:510,0
DA:511,0
DA:512,0
DA:513,0
DA:516,0
DA:517,0
DA:518,0
DA:519,0
DA:520,0
DA:523,0
DA:524,0
DA:525,0
DA:526,0
DA:527,0
DA:528,0
DA:530,0
DA:533,0
DA:534,0
DA:536,0
DA:538,0
DA:577,0
DA:578,0
DA:583,0
DA:588,0
DA:589,0
DA:601,0
DA:608,0
DA:610,0
DA:691,0
DA:698,0
DA:705,0
DA:712,0
DA:762,0
DA:884,0
DA:906,0
DA:909,0
DA:951,0
DA:998,0
DA:1024,0
LF:254
LH:0
BRDA:48,0,0,0
BRDA:100,1,0,0
BRDA:100,1,1,0
BRDA:103,2,0,0
BRDA:103,2,1,0
BRDA:178,3,0,0
BRDA:178,3,1,0
BRDA:195,4,0,0
BRDA:195,4,1,0
BRDA:204,5,0,0
BRDA:204,5,1,0
BRDA:211,6,0,0
BRDA:211,6,1,0
BRDA:213,7,0,0
BRDA:213,7,1,0
BRDA:213,8,0,0
BRDA:213,8,1,0
BRDA:237,9,0,0
BRDA:237,9,1,0
BRDA:241,10,0,0
BRDA:241,10,1,0
BRDA:244,11,0,0
BRDA:244,11,1,0
BRDA:257,12,0,0
BRDA:257,12,1,0
BRDA:257,13,0,0
BRDA:257,13,1,0
BRDA:299,14,0,0
BRDA:299,14,1,0
BRDA:301,15,0,0
BRDA:301,15,1,0
BRDA:306,16,0,0
BRDA:306,16,1,0
BRDA:320,17,0,0
BRDA:320,17,1,0
BRDA:320,18,0,0
BRDA:320,18,1,0
BRDA:325,19,0,0
BRDA:325,19,1,0
BRDA:325,20,0,0
BRDA:325,20,1,0
BRDA:339,21,0,0
BRDA:339,21,1,0
BRDA:339,21,2,0
BRDA:339,21,3,0
BRDA:349,22,0,0
BRDA:349,22,1,0
BRDA:355,23,0,0
BRDA:355,23,1,0
BRDA:373,24,0,0
BRDA:373,24,1,0
BRDA:373,25,0,0
BRDA:373,25,1,0
BRDA:373,25,2,0
BRDA:408,26,0,0
BRDA:408,26,1,0
BRDA:423,27,0,0
BRDA:423,27,1,0
BRDA:432,28,0,0
BRDA:432,28,1,0
BRDA:446,29,0,0
BRDA:446,29,1,0
BRDA:449,30,0,0
BRDA:449,30,1,0
BRDA:470,31,0,0
BRDA:470,31,1,0
BRDA:471,32,0,0
BRDA:471,32,1,0
BRDA:476,33,0,0
BRDA:476,33,1,0
BRDA:505,34,0,0
BRDA:505,34,1,0
BRDA:506,35,0,0
BRDA:506,35,1,0
BRDA:510,36,0,0
BRDA:510,36,1,0
BRDA:511,37,0,0
BRDA:511,37,1,0
BRDA:517,38,0,0
BRDA:517,38,1,0
BRDA:519,39,0,0
BRDA:519,39,1,0
BRDA:524,40,0,0
BRDA:524,40,1,0
BRDA:525,41,0,0
BRDA:525,41,1,0
BRDA:528,42,0,0
BRDA:528,42,1,0
BRDA:534,43,0,0
BRDA:534,43,1,0
BRDA:593,44,0,0
BRDA:593,44,1,0
BRDA:608,45,0,0
BRDA:608,45,1,0
BRDA:643,46,0,0
BRDA:643,46,1,0
BRDA:646,47,0,0
BRDA:646,47,1,0
BRDA:648,48,0,0
BRDA:648,48,1,0
BRDA:675,49,0,0
BRDA:675,49,1,0
BRDA:675,49,2,0
BRDA:733,50,0,0
BRDA:733,50,1,0
BRDA:733,50,2,0
BRDA:740,51,0,0
BRDA:740,51,1,0
BRDA:750,52,0,0
BRDA:750,52,1,0
BRDA:769,53,0,0
BRDA:769,53,1,0
BRDA:777,54,0,0
BRDA:777,54,1,0
BRDA:786,55,0,0
BRDA:786,55,1,0
BRDA:786,56,0,0
BRDA:786,56,1,0
BRDA:791,57,0,0
BRDA:791,57,1,0
BRDA:791,58,0,0
BRDA:791,58,1,0
BRDA:799,59,0,0
BRDA:799,59,1,0
BRDA:806,60,0,0
BRDA:806,60,1,0
BRDA:811,61,0,0
BRDA:811,61,1,0
BRDA:819,62,0,0
BRDA:819,62,1,0
BRDA:826,63,0,0
BRDA:826,63,1,0
BRDA:831,64,0,0
BRDA:831,64,1,0
BRDA:839,65,0,0
BRDA:839,65,1,0
BRDA:846,66,0,0
BRDA:846,66,1,0
BRDA:851,67,0,0
BRDA:851,67,1,0
BRDA:860,68,0,0
BRDA:860,68,1,0
BRDA:876,69,0,0
BRDA:876,69,1,0
BRDA:876,70,0,0
BRDA:876,70,1,0
BRDA:881,71,0,0
BRDA:881,71,1,0
BRDA:890,72,0,0
BRDA:890,72,1,0
BRDA:912,73,0,0
BRDA:912,73,1,0
BRDA:926,74,0,0
BRDA:926,74,1,0
BRDA:926,74,2,0
BRDA:935,75,0,0
BRDA:935,75,1,0
BRDA:935,75,2,0
BRDA:945,76,0,0
BRDA:945,76,1,0
BRDA:945,76,2,0
BRDA:966,77,0,0
BRDA:966,77,1,0
BRDA:970,78,0,0
BRDA:970,78,1,0
BRDA:977,79,0,0
BRDA:977,79,1,0
BRDA:987,80,0,0
BRDA:987,80,1,0
BRDA:993,81,0,0
BRDA:993,81,1,0
BRDA:995,82,0,0
BRDA:995,82,1,0
BRDA:995,82,2,0
BRDA:998,83,0,0
BRDA:998,83,1,0
BRDA:1005,84,0,0
BRDA:1005,84,1,0
BRF:178
BRH:0
end_of_record
TN:
SF:config/appConfig.ts
FN:147,(anonymous_0)
FN:155,(anonymous_1)
FN:210,(anonymous_2)
FN:225,(anonymous_3)
FN:226,(anonymous_4)
FNF:5
FNH:0
FNDA:0,(anonymous_0)
FNDA:0,(anonymous_1)
FNDA:0,(anonymous_2)
FNDA:0,(anonymous_3)
FNDA:0,(anonymous_4)
DA:60,0
DA:111,0
DA:129,0
DA:147,0
DA:148,0
DA:149,0
DA:151,0
DA:155,0
DA:156,0
DA:158,0
DA:159,0
DA:162,0
DA:163,0
DA:166,0
DA:167,0
DA:171,0
DA:172,0
DA:175,0
DA:176,0
DA:179,0
DA:180,0
DA:184,0
DA:185,0
DA:188,0
DA:189,0
DA:192,0
DA:194,0
DA:195,0
DA:210,0
DA:211,0
DA:213,0
DA:225,0
DA:226,0
DA:229,0
LF:34
LH:0
BRDA:148,0,0,0
BRDA:148,0,1,0
BRDA:158,1,0,0
BRDA:158,1,1,0
BRDA:158,2,0,0
BRDA:158,2,1,0
BRDA:162,3,0,0
BRDA:162,3,1,0
BRDA:162,4,0,0
BRDA:162,4,1,0
BRDA:166,5,0,0
BRDA:166,5,1,0
BRDA:166,6,0,0
BRDA:166,6,1,0
BRDA:171,7,0,0
BRDA:171,7,1,0
BRDA:171,8,0,0
BRDA:171,8,1,0
BRDA:175,9,0,0
BRDA:175,9,1,0
BRDA:175,10,0,0
BRDA:175,10,1,0
BRDA:179,11,0,0
BRDA:179,11,1,0
BRDA:179,12,0,0
BRDA:179,12,1,0
BRDA:184,13,0,0
BRDA:184,13,1,0
BRDA:184,14,0,0
BRDA:184,14,1,0
BRDA:188,15,0,0
BRDA:188,15,1,0
BRDA:188,16,0,0
BRDA:188,16,1,0
BRF:34
BRH:0
end_of_record
TN:
SF:config/designSystem.ts
FN:298,(anonymous_0)
FN:304,(anonymous_1)
FN:310,(anonymous_2)
FN:315,(anonymous_3)
FNF:4
FNH:0
FNDA:0,(anonymous_0)
FNDA:0,(anonymous_1)
FNDA:0,(anonymous_2)
FNDA:0,(anonymous_3)
DA:1,0
DA:298,0
DA:304,0
DA:310,0
DA:315,0
DA:316,0
LF:6
LH:0
BRDA:298,0,0,0
BRDA:300,1,0,0
BRDA:300,1,1,0
BRDA:301,2,0,0
BRDA:301,2,1,0
BRDA:304,3,0,0
BRF:6
BRH:0
end_of_record
TN:
SF:config/documentTypes.ts
FN:105,(anonymous_0)
FN:106,(anonymous_1)
FN:109,(anonymous_2)
FNF:3
FNH:0
FNDA:0,(anonymous_0)
FNDA:0,(anonymous_1)
FNDA:0,(anonymous_2)
DA:12,0
DA:105,0
DA:106,0
DA:109,0
DA:110,0
DA:111,0
LF:6
LH:0
BRDA:111,0,0,0
BRDA:111,0,1,0
BRF:2
BRH:0
end_of_record
TN:
SF:utils/advancedOCR.ts
FN:85,(anonymous_0)
FN:89,(anonymous_1)
FN:102,(anonymous_2)
FN:138,(anonymous_3)
FN:145,(anonymous_4)
FN:150,(anonymous_5)
FN:168,(anonymous_6)
FN:178,(anonymous_7)
FN:182,(anonymous_8)
FN:184,(anonymous_9)
FN:192,(anonymous_10)
FN:211,(anonymous_11)
FN:251,(anonymous_12)
FN:262,(anonymous_13)
FN:268,(anonymous_14)
FN:272,(anonymous_15)
FN:287,(anonymous_16)
FN:312,(anonymous_17)
FN:315,(anonymous_18)
FN:317,(anonymous_19)
FN:323,(anonymous_20)
FN:340,(anonymous_21)
FN:351,(anonymous_22)
FN:438,(anonymous_23)
FN:448,(anonymous_24)
FN:456,(anonymous_25)
FN:462,(anonymous_26)
FN:467,(anonymous_27)
FN:473,(anonymous_28)
FN:482,(anonymous_29)
FN:493,(anonymous_30)
FN:519,(anonymous_31)
FN:536,(anonymous_32)
FN:553,(anonymous_33)
FN:570,(anonymous_34)
FN:587,(anonymous_35)
FN:604,(anonymous_36)
FN:621,(anonymous_37)
FN:638,(anonymous_38)
FN:655,(anonymous_39)
FN:670,(anonymous_40)
FN:697,(anonymous_41)
FN:704,createAdvancedOCREngine
FN:713,(anonymous_43)
FN:742,(anonymous_44)
FN:743,(anonymous_45)
FN:744,(anonymous_46)
FN:752,(anonymous_47)
FN:756,(anonymous_48)
FN:758,(anonymous_49)
FN:771,(anonymous_50)
FN:772,(anonymous_51)
FN:778,(anonymous_52)
FN:790,(anonymous_53)
FN:798,(anonymous_54)
FNF:55
FNH:50
FNDA:14,(anonymous_0)
FNDA:14,(anonymous_1)
FNDA:11,(anonymous_2)
FNDA:10,(anonymous_3)
FNDA:15,(anonymous_4)
FNDA:15,(anonymous_5)
FNDA:10,(anonymous_6)
FNDA:50,(anonymous_7)
FNDA:15,(anonymous_8)
FNDA:15,(anonymous_9)
FNDA:10,(anonymous_10)
FNDA:10,(anonymous_11)
FNDA:14,(anonymous_12)
FNDA:2,(anonymous_13)
FNDA:6,(anonymous_14)
FNDA:18,(anonymous_15)
FNDA:6,(anonymous_16)
FNDA:6,(anonymous_17)
FNDA:9,(anonymous_18)
FNDA:9,(anonymous_19)
FNDA:18,(anonymous_20)
FNDA:2,(anonymous_21)
FNDA:10,(anonymous_22)
FNDA:14,(anonymous_23)
FNDA:0,(anonymous_24)
FNDA:14,(anonymous_25)
FNDA:0,(anonymous_26)
FNDA:0,(anonymous_27)
FNDA:14,(anonymous_28)
FNDA:0,(anonymous_29)
FNDA:10,(anonymous_30)
FNDA:10,(anonymous_31)
FNDA:10,(anonymous_32)
FNDA:10,(anonymous_33)
FNDA:10,(anonymous_34)
FNDA:10,(anonymous_35)
FNDA:10,(anonymous_36)
FNDA:10,(anonymous_37)
FNDA:10,(anonymous_38)
FNDA:12,(anonymous_39)
FNDA:10,(anonymous_40)
FNDA:13,(anonymous_41)
FNDA:14,createAdvancedOCREngine
FNDA:1,(anonymous_43)
FNDA:1,(anonymous_44)
FNDA:1,(anonymous_45)
FNDA:2,(anonymous_46)
FNDA:1,(anonymous_47)
FNDA:1,(anonymous_48)
FNDA:2,(anonymous_49)
FNDA:2,(anonymous_50)
FNDA:2,(anonymous_51)
FNDA:2,(anonymous_52)
FNDA:0,(anonymous_53)
FNDA:1,(anonymous_54)
DA:83,14
DA:86,14
DA:90,14
DA:92,13
DA:93,13
DA:94,13
DA:95,13
DA:97,0
DA:98,0
DA:103,11
DA:104,1
DA:107,11
DA:109,11
DA:111,11
DA:114,10
DA:121,10
DA:123,10
DA:133,1
DA:134,1
DA:139,10
DA:141,10
DA:142,10
DA:145,10
DA:146,15
DA:149,10
DA:150,15
DA:157,0
DA:158,0
DA:170,10
DA:178,50
DA:179,10
DA:184,15
DA:185,15
DA:187,15
DA:193,10
DA:194,10
DA:196,10
DA:202,0
DA:203,0
DA:212,10
DA:213,10
DA:216,10
DA:217,10
DA:219,10
DA:220,14
DA:222,14
DA:223,6
DA:224,2
DA:226,6
DA:228,8
DA:230,0
DA:231,0
DA:232,0
DA:235,8
DA:236,8
DA:241,10
DA:242,2
DA:243,2
DA:244,2
DA:248,10
DA:253,14
DA:254,14
DA:255,14
DA:256,14
DA:257,14
DA:259,14
DA:263,2
DA:264,2
DA:265,2
DA:268,2
DA:269,6
DA:270,6
DA:272,18
DA:280,6
DA:287,2
DA:288,6
DA:289,0
DA:299,2
DA:307,0
DA:308,0
DA:314,6
DA:315,9
DA:316,3
DA:317,9
DA:319,0
DA:325,18
DA:326,18
DA:327,18
DA:328,18
DA:330,18
DA:341,2
DA:352,10
DA:353,10
DA:354,10
DA:355,10
DA:356,10
DA:357,10
DA:359,10
DA:361,10
DA:362,14
DA:364,14
DA:365,0
DA:366,0
DA:367,0
DA:369,0
DA:373,14
DA:374,0
DA:375,0
DA:376,0
DA:378,0
DA:385,14
DA:386,0
DA:387,0
DA:388,0
DA:390,0
DA:398,14
DA:399,0
DA:400,0
DA:401,0
DA:403,0
DA:407,14
DA:412,10
DA:413,10
DA:416,10
DA:426,0
DA:427,0
DA:440,14
DA:441,14
DA:442,14
DA:443,14
DA:445,14
DA:450,0
DA:451,0
DA:452,0
DA:453,0
DA:457,14
DA:463,0
DA:464,0
DA:468,0
DA:469,0
DA:470,0
DA:475,14
DA:476,14
DA:477,14
DA:479,14
DA:483,0
DA:494,10
DA:495,10
DA:496,10
DA:499,10
DA:500,10
DA:501,10
DA:502,10
DA:503,10
DA:504,10
DA:505,10
DA:506,10
DA:509,10
DA:512,10
DA:514,0
DA:515,0
DA:520,10
DA:521,10
DA:524,10
DA:525,9
DA:533,10
DA:537,10
DA:538,10
DA:541,10
DA:542,0
DA:550,10
DA:554,10
DA:555,10
DA:558,10
DA:559,0
DA:567,10
DA:571,10
DA:572,10
DA:575,10
DA:576,0
DA:584,10
DA:588,10
DA:589,10
DA:592,10
DA:593,0
DA:601,10
DA:605,10
DA:606,10
DA:609,10
DA:610,1
DA:618,10
DA:622,10
DA:623,10
DA:626,10
DA:627,1
DA:635,10
DA:639,10
DA:640,10
DA:643,10
DA:644,1
DA:652,10
DA:656,12
DA:657,12
DA:658,12
DA:660,12
DA:676,10
DA:677,10
DA:679,10
DA:680,10
DA:681,10
DA:684,10
DA:685,10
DA:686,10
DA:689,10
DA:690,10
DA:691,10
DA:694,10
DA:698,13
DA:699,13
DA:705,14
DA:725,1
DA:743,1
DA:744,2
DA:746,1
DA:753,1
DA:756,1
DA:758,2
DA:772,2
DA:779,2
DA:780,2
DA:782,1
DA:784,1
DA:785,1
DA:788,1
DA:789,0
DA:790,0
DA:791,0
DA:793,0
DA:796,1
DA:797,1
DA:798,1
DA:799,1
DA:803,1
LF:243
LH:192
BRDA:90,0,0,1
BRDA:90,0,1,13
BRDA:103,1,0,1
BRDA:103,1,1,10
BRDA:151,2,0,4
BRDA:151,2,1,6
BRDA:187,3,0,15
BRDA:187,3,1,15
BRDA:187,3,2,0
BRDA:198,4,0,2
BRDA:198,4,1,8
BRDA:222,5,0,6
BRDA:222,5,1,8
BRDA:223,6,0,2
BRDA:223,6,1,4
BRDA:228,7,0,0
BRDA:228,7,1,8
BRDA:231,8,0,0
BRDA:231,8,1,0
BRDA:241,9,0,2
BRDA:241,9,1,8
BRDA:243,10,0,2
BRDA:243,10,1,0
BRDA:259,11,0,14
BRDA:259,11,1,11
BRDA:259,11,2,6
BRDA:259,11,3,2
BRDA:259,11,4,2
BRDA:314,12,0,3
BRDA:314,12,1,3
BRDA:316,13,0,3
BRDA:316,13,1,0
BRDA:364,14,0,0
BRDA:364,14,1,14
BRDA:365,15,0,0
BRDA:365,15,1,0
BRDA:373,16,0,0
BRDA:373,16,1,14
BRDA:374,17,0,0
BRDA:374,17,1,0
BRDA:385,18,0,0
BRDA:385,18,1,14
BRDA:386,19,0,0
BRDA:386,19,1,0
BRDA:398,20,0,0
BRDA:398,20,1,14
BRDA:399,21,0,0
BRDA:399,21,1,0
BRDA:407,22,0,4
BRDA:407,22,1,10
BRDA:412,23,0,10
BRDA:412,23,1,0
BRDA:417,24,0,0
BRDA:417,24,1,10
BRDA:441,25,0,14
BRDA:441,25,1,0
BRDA:443,26,0,14
BRDA:443,26,1,4
BRDA:445,27,0,14
BRDA:445,27,1,11
BRDA:445,27,2,11
BRDA:445,27,3,11
BRDA:450,28,0,0
BRDA:450,28,1,0
BRDA:451,29,0,0
BRDA:451,29,1,0
BRDA:452,30,0,0
BRDA:452,30,1,0
BRDA:452,31,0,0
BRDA:452,31,1,0
BRDA:457,32,0,14
BRDA:457,32,1,14
BRDA:457,32,2,14
BRDA:463,33,0,0
BRDA:463,33,1,0
BRDA:468,34,0,0
BRDA:468,34,1,0
BRDA:469,35,0,0
BRDA:469,35,1,0
BRDA:479,36,0,14
BRDA:479,36,1,0
BRDA:479,36,2,0
BRDA:479,36,3,0
BRDA:679,37,0,10
BRDA:679,37,1,0
BRDA:684,38,0,10
BRDA:684,38,1,0
BRDA:689,39,0,10
BRDA:689,39,1,0
BRDA:728,40,0,1
BRDA:728,40,1,0
BRDA:729,41,0,1
BRDA:729,41,1,0
BRDA:731,42,0,1
BRDA:731,42,1,0
BRDA:732,43,0,1
BRDA:732,43,1,0
BRDA:772,44,0,2
BRDA:772,44,1,0
BRDA:780,45,0,1
BRDA:780,45,1,1
BRDA:784,46,0,1
BRDA:784,46,1,0
BRDA:788,47,0,0
BRDA:788,47,1,1
BRDA:796,48,0,1
BRDA:796,48,1,0
BRF:107
BRH:58
end_of_record
TN:
SF:utils/aiFeatures.ts
FN:143,(anonymous_0)
FN:150,(anonymous_1)
FN:158,(anonymous_2)
FN:187,(anonymous_3)
FN:189,(anonymous_4)
FN:201,(anonymous_5)
FN:210,(anonymous_6)
FN:212,(anonymous_7)
FN:226,(anonymous_8)
FN:238,(anonymous_9)
FN:243,(anonymous_10)
FN:248,(anonymous_11)
FN:253,(anonymous_12)
FN:283,(anonymous_13)
FN:355,(anonymous_14)
FN:358,(anonymous_15)
FN:362,(anonymous_16)
FN:367,(anonymous_17)
FN:374,(anonymous_18)
FN:376,(anonymous_19)
FN:379,(anonymous_20)
FN:387,(anonymous_21)
FN:397,(anonymous_22)
FN:408,(anonymous_23)
FN:420,(anonymous_24)
FN:489,(anonymous_25)
FN:499,(anonymous_26)
FN:503,(anonymous_27)
FN:514,(anonymous_28)
FN:521,(anonymous_29)
FN:530,(anonymous_30)
FN:556,(anonymous_31)
FN:570,(anonymous_32)
FN:595,(anonymous_33)
FN:598,(anonymous_34)
FN:606,(anonymous_35)
FN:609,(anonymous_36)
FN:620,(anonymous_37)
FN:636,(anonymous_38)
FN:659,(anonymous_39)
FN:660,(anonymous_40)
FN:662,(anonymous_41)
FN:665,(anonymous_42)
FN:673,(anonymous_43)
FN:740,(anonymous_44)
FN:773,(anonymous_45)
FN:777,(anonymous_46)
FN:786,(anonymous_47)
FN:793,(anonymous_48)
FN:799,(anonymous_49)
FN:826,(anonymous_50)
FN:829,(anonymous_51)
FN:834,(anonymous_52)
FN:838,(anonymous_53)
FN:844,(anonymous_54)
FN:849,(anonymous_55)
FN:857,(anonymous_56)
FN:861,(anonymous_57)
FN:872,(anonymous_58)
FN:885,(anonymous_59)
FN:890,(anonymous_60)
FN:895,(anonymous_61)
FN:898,(anonymous_62)
FN:914,(anonymous_63)
FN:918,(anonymous_64)
FN:919,(anonymous_65)
FN:932,(anonymous_66)
FN:938,(anonymous_67)
FN:946,(anonymous_68)
FN:950,(anonymous_69)
FN:954,(anonymous_70)
FN:955,(anonymous_71)
FN:972,(anonymous_72)
FN:975,(anonymous_73)
FN:992,(anonymous_74)
FN:1003,(anonymous_75)
FN:1020,(anonymous_76)
FN:1024,(anonymous_77)
FN:1030,(anonymous_78)
FN:1035,(anonymous_79)
FN:1040,(anonymous_80)
FNF:81
FNH:80
FNDA:13,(anonymous_0)
FNDA:3,(anonymous_1)
FNDA:8,(anonymous_2)
FNDA:7,(anonymous_3)
FNDA:7,(anonymous_4)
FNDA:8,(anonymous_5)
FNDA:7,(anonymous_6)
FNDA:7,(anonymous_7)
FNDA:3213,(anonymous_8)
FNDA:26,(anonymous_9)
FNDA:25,(anonymous_10)
FNDA:30,(anonymous_11)
FNDA:30,(anonymous_12)
FNDA:7,(anonymous_13)
FNDA:7,(anonymous_14)
FNDA:7,(anonymous_15)
FNDA:46,(anonymous_16)
FNDA:33,(anonymous_17)
FNDA:27,(anonymous_18)
FNDA:30,(anonymous_19)
FNDA:7,(anonymous_20)
FNDA:46,(anonymous_21)
FNDA:7,(anonymous_22)
FNDA:46,(anonymous_23)
FNDA:1,(anonymous_24)
FNDA:1,(anonymous_25)
FNDA:1,(anonymous_26)
FNDA:1,(anonymous_27)
FNDA:11,(anonymous_28)
FNDA:1,(anonymous_29)
FNDA:7,(anonymous_30)
FNDA:6,(anonymous_31)
FNDA:8,(anonymous_32)
FNDA:6,(anonymous_33)
FNDA:15,(anonymous_34)
FNDA:11,(anonymous_35)
FNDA:15,(anonymous_36)
FNDA:15,(anonymous_37)
FNDA:255,(anonymous_38)
FNDA:6,(anonymous_39)
FNDA:30,(anonymous_40)
FNDA:75,(anonymous_41)
FNDA:204,(anonymous_42)
FNDA:1,(anonymous_43)
FNDA:1,(anonymous_44)
FNDA:1,(anonymous_45)
FNDA:1,(anonymous_46)
FNDA:14,(anonymous_47)
FNDA:1,(anonymous_48)
FNDA:10,(anonymous_49)
FNDA:9,(anonymous_50)
FNDA:17,(anonymous_51)
FNDA:9,(anonymous_52)
FNDA:8,(anonymous_53)
FNDA:17,(anonymous_54)
FNDA:9,(anonymous_55)
FNDA:9,(anonymous_56)
FNDA:17,(anonymous_57)
FNDA:17,(anonymous_58)
FNDA:9,(anonymous_59)
FNDA:17,(anonymous_60)
FNDA:16,(anonymous_61)
FNDA:7,(anonymous_62)
FNDA:9,(anonymous_63)
FNDA:17,(anonymous_64)
FNDA:17,(anonymous_65)
FNDA:17,(anonymous_66)
FNDA:0,(anonymous_67)
FNDA:9,(anonymous_68)
FNDA:17,(anonymous_69)
FNDA:17,(anonymous_70)
FNDA:8,(anonymous_71)
FNDA:36,(anonymous_72)
FNDA:68,(anonymous_73)
FNDA:7,(anonymous_74)
FNDA:1,(anonymous_75)
FNDA:1,(anonymous_76)
FNDA:1,(anonymous_77)
FNDA:2,(anonymous_78)
FNDA:2,(anonymous_79)
FNDA:2,(anonymous_80)
DA:140,1
DA:141,1
DA:144,13
DA:145,1
DA:147,13
DA:151,3
DA:153,1
DA:154,1
DA:155,1
DA:159,8
DA:160,0
DA:163,8
DA:164,8
DA:165,8
DA:166,8
DA:169,8
DA:172,7
DA:175,7
DA:177,7
DA:182,1
DA:183,1
DA:189,7
DA:191,7
DA:201,8
DA:207,7
DA:212,7
DA:214,7
DA:215,7
DA:216,7
DA:217,7
DA:220,7
DA:221,56
DA:222,56
DA:225,56
DA:226,3213
DA:227,12
DA:228,12
DA:233,56
DA:234,3
DA:235,3
DA:238,56
DA:239,1
DA:240,1
DA:243,56
DA:244,1
DA:245,1
DA:248,56
DA:249,0
DA:250,0
DA:253,56
DA:254,0
DA:255,0
DA:258,56
DA:259,6
DA:260,6
DA:261,6
DA:266,7
DA:267,3
DA:268,4
DA:269,0
DA:271,4
DA:274,7
DA:284,7
DA:287,7
DA:288,4
DA:298,7
DA:299,1
DA:310,7
DA:311,0
DA:322,7
DA:332,7
DA:333,0
DA:344,7
DA:345,2
DA:355,7
DA:359,7
DA:362,46
DA:364,7
DA:366,7
DA:367,7
DA:368,33
DA:369,31
DA:373,7
DA:374,27
DA:376,30
DA:380,7
DA:381,7
DA:383,7
DA:384,7
DA:385,7
DA:387,7
DA:388,46
DA:389,46
DA:392,7
DA:393,7
DA:394,7
DA:399,7
DA:400,7
DA:401,7
DA:403,7
DA:404,7
DA:405,7
DA:406,7
DA:408,7
DA:409,46
DA:410,46
DA:411,46
DA:414,7
DA:415,6
DA:416,6
DA:417,6
DA:421,1
DA:490,1
DA:500,1
DA:504,1
DA:510,1
DA:511,1
DA:512,1
DA:515,11
DA:516,1
DA:518,11
DA:522,1
DA:524,1
DA:525,1
DA:526,1
DA:527,1
DA:531,7
DA:532,0
DA:535,7
DA:536,7
DA:537,6
DA:539,6
DA:546,1
DA:547,1
DA:557,6
DA:560,6
DA:562,6
DA:563,11
DA:564,4
DA:570,8
DA:577,6
DA:578,15
DA:579,15
DA:580,14
DA:592,6
DA:596,6
DA:598,6
DA:599,15
DA:600,15
DA:601,11
DA:603,15
DA:606,11
DA:611,15
DA:612,15
DA:613,6
DA:614,1
DA:615,1
DA:616,1
DA:617,1
DA:621,15
DA:622,15
DA:624,15
DA:625,75
DA:628,75
DA:630,60
DA:634,75
DA:635,60
DA:636,60
DA:637,255
DA:639,60
DA:643,75
DA:644,0
DA:645,0
DA:646,0
DA:650,75
DA:651,20
DA:652,20
DA:656,15
DA:660,30
DA:664,75
DA:665,75
DA:666,204
DA:674,1
DA:741,1
DA:774,1
DA:778,1
DA:784,1
DA:787,14
DA:788,1
DA:790,14
DA:794,1
DA:795,1
DA:796,1
DA:800,10
DA:801,0
DA:804,10
DA:805,10
DA:806,9
DA:807,9
DA:808,9
DA:809,9
DA:810,9
DA:812,9
DA:821,1
DA:822,1
DA:827,9
DA:828,9
DA:829,17
DA:831,9
DA:835,9
DA:837,9
DA:838,9
DA:840,9
DA:841,9
DA:844,17
DA:845,9
DA:846,2
DA:849,9
DA:850,9
DA:851,8
DA:854,9
DA:858,9
DA:860,9
DA:861,17
DA:863,9
DA:864,7
DA:867,9
DA:868,9
DA:869,0
DA:872,17
DA:873,9
DA:874,0
DA:878,9
DA:879,2
DA:882,9
DA:886,9
DA:889,9
DA:890,9
DA:891,17
DA:892,17
DA:895,16
DA:898,7
DA:900,9
DA:901,7
DA:902,7
DA:911,9
DA:915,9
DA:918,17
DA:919,17
DA:921,9
DA:922,0
DA:932,17
DA:933,9
DA:934,0
DA:938,0
DA:943,9
DA:947,9
DA:948,9
DA:949,9
DA:950,17
DA:952,9
DA:953,9
DA:954,17
DA:955,8
DA:959,9
DA:961,9
DA:963,9
DA:973,36
DA:975,36
DA:976,68
DA:977,68
DA:979,68
DA:980,36
DA:981,32
DA:982,32
DA:983,32
DA:985,68
DA:986,68
DA:989,36
DA:993,7
DA:995,7
DA:996,7
DA:997,7
DA:998,7
DA:1000,7
DA:1004,1
DA:1021,1
DA:1025,1
DA:1030,1
DA:1031,2
DA:1032,2
DA:1035,1
DA:1036,2
DA:1037,2
DA:1040,1
DA:1041,2
DA:1042,2
LF:297
LH:279
BRDA:144,0,0,1
BRDA:144,0,1,12
BRDA:151,1,0,2
BRDA:151,1,1,1
BRDA:159,2,0,0
BRDA:159,2,1,8
BRDA:164,3,0,8
BRDA:164,3,1,2
BRDA:165,4,0,8
BRDA:165,4,1,2
BRDA:166,5,0,8
BRDA:166,5,1,2
BRDA:226,6,0,12
BRDA:226,6,1,744
BRDA:233,7,0,3
BRDA:233,7,1,53
BRDA:233,8,0,56
BRDA:233,8,1,7
BRDA:233,8,2,5
BRDA:238,9,0,1
BRDA:238,9,1,55
BRDA:238,10,0,56
BRDA:238,10,1,7
BRDA:238,10,2,6
BRDA:238,11,0,26
BRDA:238,11,1,26
BRDA:243,12,0,1
BRDA:243,12,1,55
BRDA:243,13,0,56
BRDA:243,13,1,7
BRDA:243,13,2,6
BRDA:243,14,0,25
BRDA:243,14,1,25
BRDA:243,14,2,25
BRDA:248,15,0,0
BRDA:248,15,1,56
BRDA:248,16,0,56
BRDA:248,16,1,7
BRDA:248,16,2,7
BRDA:248,16,3,7
BRDA:248,17,0,30
BRDA:248,17,1,30
BRDA:253,18,0,0
BRDA:253,18,1,56
BRDA:253,19,0,56
BRDA:253,19,1,7
BRDA:253,19,2,7
BRDA:253,20,0,30
BRDA:253,20,1,30
BRDA:253,20,2,30
BRDA:258,21,0,6
BRDA:258,21,1,50
BRDA:266,22,0,3
BRDA:266,22,1,4
BRDA:266,23,0,7
BRDA:266,23,1,6
BRDA:268,24,0,0
BRDA:268,24,1,4
BRDA:268,25,0,4
BRDA:268,25,1,4
BRDA:287,26,0,4
BRDA:287,26,1,3
BRDA:298,27,0,1
BRDA:298,27,1,6
BRDA:310,28,0,0
BRDA:310,28,1,7
BRDA:310,29,0,7
BRDA:310,29,1,7
BRDA:332,30,0,0
BRDA:332,30,1,7
BRDA:344,31,0,2
BRDA:344,31,1,5
BRDA:368,32,0,31
BRDA:368,32,1,2
BRDA:369,33,0,31
BRDA:369,33,1,30
BRDA:388,34,0,0
BRDA:388,34,1,46
BRDA:389,35,0,0
BRDA:389,35,1,46
BRDA:392,36,0,0
BRDA:392,36,1,7
BRDA:393,37,0,0
BRDA:393,37,1,7
BRDA:409,38,0,1
BRDA:409,38,1,45
BRDA:410,39,0,0
BRDA:410,39,1,46
BRDA:411,40,0,0
BRDA:411,40,1,46
BRDA:414,41,0,1
BRDA:414,41,1,6
BRDA:414,42,0,7
BRDA:414,42,1,1
BRDA:415,43,0,0
BRDA:415,43,1,6
BRDA:416,44,0,0
BRDA:416,44,1,6
BRDA:515,45,0,1
BRDA:515,45,1,10
BRDA:522,46,0,0
BRDA:522,46,1,1
BRDA:531,47,0,0
BRDA:531,47,1,7
BRDA:563,48,0,4
BRDA:563,48,1,7
BRDA:579,49,0,14
BRDA:579,49,1,1
BRDA:579,50,0,15
BRDA:579,50,1,14
BRDA:600,51,0,11
BRDA:600,51,1,4
BRDA:611,52,0,15
BRDA:611,52,1,0
BRDA:612,53,0,9
BRDA:612,53,1,6
BRDA:612,54,0,15
BRDA:612,54,1,6
BRDA:613,55,0,5
BRDA:613,55,1,1
BRDA:613,56,0,6
BRDA:613,56,1,1
BRDA:614,57,0,0
BRDA:614,57,1,1
BRDA:614,58,0,1
BRDA:614,58,1,1
BRDA:615,59,0,0
BRDA:615,59,1,1
BRDA:615,60,0,1
BRDA:615,60,1,1
BRDA:616,61,0,0
BRDA:616,61,1,1
BRDA:616,62,0,1
BRDA:616,62,1,1
BRDA:628,63,0,60
BRDA:628,63,1,15
BRDA:634,64,0,60
BRDA:634,64,1,15
BRDA:635,65,0,60
BRDA:635,65,1,0
BRDA:643,66,0,0
BRDA:643,66,1,75
BRDA:645,67,0,0
BRDA:645,67,1,0
BRDA:645,68,0,0
BRDA:645,68,1,0
BRDA:650,69,0,20
BRDA:650,69,1,55
BRDA:656,70,0,14
BRDA:656,70,1,1
BRDA:664,71,0,75
BRDA:664,71,1,0
BRDA:787,72,0,1
BRDA:787,72,1,13
BRDA:794,73,0,0
BRDA:794,73,1,1
BRDA:800,74,0,0
BRDA:800,74,1,10
BRDA:840,75,0,9
BRDA:840,75,1,0
BRDA:845,76,0,2
BRDA:845,76,1,7
BRDA:849,77,0,9
BRDA:849,77,1,1
BRDA:850,78,0,8
BRDA:850,78,1,1
BRDA:861,79,0,17
BRDA:861,79,1,17
BRDA:863,80,0,7
BRDA:863,80,1,2
BRDA:867,81,0,9
BRDA:867,81,1,1
BRDA:868,82,0,0
BRDA:868,82,1,9
BRDA:873,83,0,0
BRDA:873,83,1,9
BRDA:878,84,0,2
BRDA:878,84,1,7
BRDA:892,85,0,17
BRDA:892,85,1,16
BRDA:900,86,0,7
BRDA:900,86,1,2
BRDA:906,87,0,0
BRDA:906,87,1,7
BRDA:906,88,0,0
BRDA:906,88,1,7
BRDA:918,89,0,17
BRDA:918,89,1,0
BRDA:921,90,0,0
BRDA:921,90,1,9
BRDA:933,91,0,0
BRDA:933,91,1,9
BRDA:976,92,0,68
BRDA:976,92,1,0
BRDA:979,93,0,32
BRDA:979,93,1,36
BRDA:979,94,0,68
BRDA:979,94,1,36
BRDA:980,95,0,4
BRDA:980,95,1,32
BRDA:980,96,0,36
BRDA:980,96,1,32
BRDA:981,97,0,0
BRDA:981,97,1,32
BRDA:981,98,0,32
BRDA:981,98,1,32
BRDA:982,99,0,0
BRDA:982,99,1,32
BRDA:982,100,0,32
BRDA:982,100,1,32
BRDA:983,101,0,0
BRDA:983,101,1,32
BRDA:983,102,0,32
BRDA:983,102,1,32
BRDA:985,103,0,68
BRDA:985,103,1,0
BRDA:993,104,0,0
BRDA:993,104,1,7
BRDA:1000,105,0,7
BRDA:1000,105,1,0
BRF:220
BRH:176
end_of_record
TN:
SF:utils/cloudOCR.ts
FN:17,(anonymous_0)
FN:21,(anonymous_1)
FN:33,(anonymous_2)
FN:43,(anonymous_3)
FN:99,(anonymous_4)
FN:116,(anonymous_5)
FN:155,(anonymous_6)
FN:186,(anonymous_7)
FN:227,(anonymous_8)
FN:228,(anonymous_9)
FN:230,(anonymous_10)
FN:252,(anonymous_11)
FN:282,(anonymous_12)
FN:298,(anonymous_13)
FN:300,(anonymous_14)
FN:331,(anonymous_15)
FN:333,(anonymous_16)
FN:365,(anonymous_17)
FN:384,(anonymous_18)
FN:389,(anonymous_19)
FN:411,(anonymous_20)
FN:418,createCloudOCREngine
FNF:22
FNH:0
FNDA:0,(anonymous_0)
FNDA:0,(anonymous_1)
FNDA:0,(anonymous_2)
FNDA:0,(anonymous_3)
FNDA:0,(anonymous_4)
FNDA:0,(anonymous_5)
FNDA:0,(anonymous_6)
FNDA:0,(anonymous_7)
FNDA:0,(anonymous_8)
FNDA:0,(anonymous_9)
FNDA:0,(anonymous_10)
FNDA:0,(anonymous_11)
FNDA:0,(anonymous_12)
FNDA:0,(anonymous_13)
FNDA:0,(anonymous_14)
FNDA:0,(anonymous_15)
FNDA:0,(anonymous_16)
FNDA:0,(anonymous_17)
FNDA:0,(anonymous_18)
FNDA:0,(anonymous_19)
FNDA:0,(anonymous_20)
FNDA:0,createCloudOCREngine
DA:15,0
DA:18,0
DA:22,0
DA:24,0
DA:25,0
DA:28,0
DA:29,0
DA:33,0
DA:35,0
DA:36,0
DA:38,0
DA:39,0
DA:57,0
DA:58,0
DA:61,0
DA:63,0
DA:64,0
DA:67,0
DA:71,0
DA:73,0
DA:74,0
DA:76,0
DA:77,0
DA:79,0
DA:80,0
DA:83,0
DA:84,0
DA:87,0
DA:89,0
DA:94,0
DA:95,0
DA:100,0
DA:103,0
DA:105,0
DA:106,0
DA:109,0
DA:111,0
DA:112,0
DA:117,0
DA:118,0
DA:119,0
DA:122,0
DA:125,0
DA:147,0
DA:148,0
DA:151,0
DA:153,0
DA:154,0
DA:155,0
DA:164,0
DA:172,0
DA:180,0
DA:182,0
DA:187,0
DA:188,0
DA:189,0
DA:192,0
DA:207,0
DA:227,0
DA:228,0
DA:230,0
DA:239,0
DA:246,0
DA:248,0
DA:253,0
DA:254,0
DA:255,0
DA:258,0
DA:261,0
DA:262,0
DA:271,0
DA:272,0
DA:276,0
DA:277,0
DA:278,0
DA:282,0
DA:284,0
DA:290,0
DA:291,0
DA:294,0
DA:296,0
DA:297,0
DA:298,0
DA:300,0
DA:309,0
DA:317,0
DA:325,0
DA:327,0
DA:333,0
DA:335,0
DA:354,0
DA:355,0
DA:357,0
DA:373,0
DA:381,0
DA:382,0
DA:384,0
DA:385,0
DA:386,0
DA:387,0
DA:389,0
DA:390,0
DA:391,0
DA:399,0
DA:402,0
DA:404,0
DA:408,0
DA:412,0
DA:413,0
DA:419,0
LF:110
LH:0
BRDA:22,0,0,0
BRDA:22,0,1,0
BRDA:28,1,0,0
BRDA:28,1,1,0
BRDA:28,2,0,0
BRDA:28,2,1,0
BRDA:57,3,0,0
BRDA:57,3,1,0
BRDA:71,4,0,0
BRDA:71,4,1,0
BRDA:71,4,2,0
BRDA:71,4,3,0
BRDA:71,4,4,0
BRDA:103,5,0,0
BRDA:103,5,1,0
BRDA:118,6,0,0
BRDA:118,6,1,0
BRDA:147,7,0,0
BRDA:147,7,1,0
BRDA:153,8,0,0
BRDA:153,8,1,0
BRDA:153,9,0,0
BRDA:153,9,1,0
BRDA:153,9,2,0
BRDA:156,10,0,0
BRDA:156,10,1,0
BRDA:157,11,0,0
BRDA:157,11,1,0
BRDA:158,12,0,0
BRDA:158,12,1,0
BRDA:158,13,0,0
BRDA:158,13,1,0
BRDA:159,14,0,0
BRDA:159,14,1,0
BRDA:159,15,0,0
BRDA:159,15,1,0
BRDA:165,16,0,0
BRDA:165,16,1,0
BRDA:188,17,0,0
BRDA:188,17,1,0
BRDA:254,18,0,0
BRDA:254,18,1,0
BRDA:261,19,0,0
BRDA:261,19,1,0
BRDA:261,20,0,0
BRDA:261,20,1,0
BRDA:271,21,0,0
BRDA:271,21,1,0
BRDA:277,22,0,0
BRDA:277,22,1,0
BRDA:290,23,0,0
BRDA:290,23,1,0
BRDA:296,24,0,0
BRDA:296,24,1,0
BRDA:296,25,0,0
BRDA:296,25,1,0
BRDA:296,25,2,0
BRDA:385,26,0,0
BRDA:385,26,1,0
BRDA:390,27,0,0
BRDA:390,27,1,0
BRF:61
BRH:0
end_of_record
TN:
SF:utils/documentStorage.ts
FN:28,(anonymous_0)
FN:63,(anonymous_1)
FN:104,(anonymous_2)
FN:107,(anonymous_3)
FN:117,(anonymous_4)
FN:120,(anonymous_5)
FN:140,(anonymous_6)
FN:154,(anonymous_7)
FN:173,(anonymous_8)
FN:204,(anonymous_9)
FN:217,(anonymous_10)
FN:265,(anonymous_11)
FN:268,(anonymous_12)
FNF:13
FNH:9
FNDA:2,(anonymous_0)
FNDA:14,(anonymous_1)
FNDA:2,(anonymous_2)
FNDA:0,(anonymous_3)
FNDA:4,(anonymous_4)
FNDA:0,(anonymous_5)
FNDA:0,(anonymous_6)
FNDA:1,(anonymous_7)
FNDA:1,(anonymous_8)
FNDA:2,(anonymous_9)
FNDA:1,(anonymous_10)
FNDA:2,(anonymous_11)
FNDA:0,(anonymous_12)
DA:19,1
DA:29,2
DA:31,2
DA:32,2
DA:34,2
DA:41,2
DA:44,2
DA:47,2
DA:50,0
DA:52,0
DA:53,0
DA:55,2
DA:56,0
DA:64,14
DA:65,14
DA:66,0
DA:67,0
DA:70,0
DA:73,0
DA:74,0
DA:75,0
DA:76,0
DA:77,0
DA:78,0
DA:80,0
DA:83,0
DA:85,0
DA:90,0
DA:91,0
DA:94,0
DA:96,14
DA:97,14
DA:105,2
DA:106,2
DA:107,2
DA:109,0
DA:110,0
DA:118,4
DA:119,4
DA:120,4
DA:122,4
DA:123,4
DA:124,4
DA:128,0
DA:129,0
DA:130,0
DA:131,0
DA:132,0
DA:135,0
DA:140,0
DA:141,0
DA:143,0
DA:144,0
DA:146,0
DA:147,0
DA:155,1
DA:156,1
DA:158,1
DA:159,2
DA:160,2
DA:161,0
DA:163,2
DA:167,1
DA:174,1
DA:175,1
DA:178,1
DA:179,0
DA:180,0
DA:181,0
DA:182,0
DA:185,0
DA:190,1
DA:191,0
DA:193,0
DA:194,0
DA:196,1
DA:197,1
DA:205,2
DA:206,2
DA:207,0
DA:209,2
DA:210,2
DA:223,1
DA:224,1
DA:225,1
DA:229,1
DA:230,0
DA:231,0
DA:232,0
DA:233,0
DA:236,0
DA:239,0
DA:240,0
DA:242,0
DA:243,0
DA:247,1
DA:254,0
DA:255,0
DA:266,2
DA:267,2
DA:268,2
DA:270,2
DA:271,2
DA:274,0
DA:279,0
DA:280,0
DA:282,0
DA:283,0
LF:108
LH:49
BRDA:66,0,0,0
BRDA:66,0,1,0
BRDA:77,1,0,0
BRDA:77,1,1,0
BRDA:90,2,0,0
BRDA:90,2,1,0
BRDA:107,3,0,2
BRDA:107,3,1,2
BRDA:122,4,0,4
BRDA:122,4,1,0
BRDA:130,5,0,0
BRDA:130,5,1,0
BRDA:160,6,0,0
BRDA:160,6,1,2
BRDA:181,7,0,0
BRDA:181,7,1,0
BRDA:207,8,0,0
BRDA:207,8,1,0
BRDA:232,9,0,0
BRDA:232,9,1,0
BRDA:232,10,0,0
BRDA:232,10,1,0
BRDA:239,11,0,0
BRDA:239,11,1,0
BRDA:239,12,0,0
BRDA:239,12,1,0
BRDA:242,13,0,0
BRDA:242,13,1,0
BRDA:242,14,0,0
BRDA:242,14,1,0
BRDA:270,15,0,2
BRDA:270,15,1,0
BRF:32
BRH:5
end_of_record
TN:
SF:utils/enhancedExport.ts
FN:46,(anonymous_0)
FN:56,(anonymous_1)
FN:92,(anonymous_2)
FN:119,(anonymous_3)
FN:144,(anonymous_4)
FN:167,(anonymous_5)
FN:190,(anonymous_6)
FN:213,(anonymous_7)
FN:236,(anonymous_8)
FN:259,(anonymous_9)
FN:282,(anonymous_10)
FN:289,(anonymous_11)
FN:339,(anonymous_12)
FN:345,(anonymous_13)
FN:384,(anonymous_14)
FN:391,(anonymous_15)
FN:407,(anonymous_16)
FN:409,(anonymous_17)
FN:410,(anonymous_18)
FN:423,(anonymous_19)
FN:427,(anonymous_20)
FN:468,(anonymous_21)
FN:478,(anonymous_22)
FN:488,(anonymous_23)
FN:490,(anonymous_24)
FN:491,(anonymous_25)
FN:500,(anonymous_26)
FN:506,(anonymous_27)
FN:522,(anonymous_28)
FN:529,(anonymous_29)
FN:534,(anonymous_30)
FN:550,(anonymous_31)
FN:557,(anonymous_32)
FN:607,(anonymous_33)
FN:629,(anonymous_34)
FN:634,(anonymous_35)
FN:636,(anonymous_36)
FN:647,(anonymous_37)
FN:653,(anonymous_38)
FN:669,(anonymous_39)
FN:683,(anonymous_40)
FN:692,(anonymous_41)
FN:715,(anonymous_42)
FN:735,(anonymous_43)
FN:750,(anonymous_44)
FN:772,(anonymous_45)
FN:780,(anonymous_46)
FN:796,(anonymous_47)
FN:805,(anonymous_48)
FNF:49
FNH:35
FNDA:16,(anonymous_0)
FNDA:13,(anonymous_1)
FNDA:2,(anonymous_2)
FNDA:2,(anonymous_3)
FNDA:2,(anonymous_4)
FNDA:1,(anonymous_5)
FNDA:2,(anonymous_6)
FNDA:1,(anonymous_7)
FNDA:1,(anonymous_8)
FNDA:1,(anonymous_9)
FNDA:2,(anonymous_10)
FNDA:3,(anonymous_11)
FNDA:2,(anonymous_12)
FNDA:3,(anonymous_13)
FNDA:3,(anonymous_14)
FNDA:5,(anonymous_15)
FNDA:0,(anonymous_16)
FNDA:0,(anonymous_17)
FNDA:0,(anonymous_18)
FNDA:1,(anonymous_19)
FNDA:2,(anonymous_20)
FNDA:2,(anonymous_21)
FNDA:4,(anonymous_22)
FNDA:0,(anonymous_23)
FNDA:0,(anonymous_24)
FNDA:0,(anonymous_25)
FNDA:0,(anonymous_26)
FNDA:0,(anonymous_27)
FNDA:1,(anonymous_28)
FNDA:1,(anonymous_29)
FNDA:2,(anonymous_30)
FNDA:1,(anonymous_31)
FNDA:2,(anonymous_32)
FNDA:2,(anonymous_33)
FNDA:0,(anonymous_34)
FNDA:0,(anonymous_35)
FNDA:0,(anonymous_36)
FNDA:0,(anonymous_37)
FNDA:0,(anonymous_38)
FNDA:10,(anonymous_39)
FNDA:13,(anonymous_40)
FNDA:2,(anonymous_41)
FNDA:2,(anonymous_42)
FNDA:1,(anonymous_43)
FNDA:1,(anonymous_44)
FNDA:0,(anonymous_45)
FNDA:3,(anonymous_46)
FNDA:2,(anonymous_47)
FNDA:1,(anonymous_48)
DA:47,16
DA:48,1
DA:50,16
DA:60,13
DA:61,13
DA:63,13
DA:65,2
DA:67,2
DA:69,2
DA:71,1
DA:73,2
DA:75,1
DA:77,1
DA:79,1
DA:81,1
DA:84,2
DA:85,2
DA:97,2
DA:99,2
DA:104,2
DA:105,2
DA:107,2
DA:124,2
DA:127,2
DA:129,2
DA:130,2
DA:132,2
DA:149,2
DA:150,2
DA:152,2
DA:153,2
DA:155,2
DA:172,1
DA:173,1
DA:175,1
DA:176,1
DA:178,1
DA:195,2
DA:196,2
DA:198,1
DA:199,1
DA:201,1
DA:218,1
DA:219,1
DA:221,1
DA:222,1
DA:224,1
DA:241,1
DA:242,1
DA:244,1
DA:245,1
DA:247,1
DA:264,1
DA:265,1
DA:267,1
DA:268,1
DA:270,1
DA:283,2
DA:284,2
DA:285,2
DA:286,2
DA:287,2
DA:289,2
DA:290,3
DA:296,3
DA:297,3
DA:304,3
DA:305,1
DA:308,3
DA:309,3
DA:312,2
DA:340,2
DA:341,2
DA:342,2
DA:343,2
DA:345,2
DA:346,3
DA:352,3
DA:353,1
DA:356,3
DA:357,3
DA:360,2
DA:385,3
DA:386,3
DA:387,3
DA:389,3
DA:391,3
DA:392,5
DA:393,5
DA:394,5
DA:395,5
DA:396,5
DA:397,5
DA:400,5
DA:401,5
DA:403,5
DA:406,5
DA:407,1
DA:408,0
DA:409,0
DA:410,0
DA:411,0
DA:417,3
DA:424,1
DA:425,1
DA:427,1
DA:428,2
DA:429,2
DA:431,2
DA:442,1
DA:469,2
DA:470,2
DA:471,2
DA:472,2
DA:474,2
DA:475,2
DA:476,2
DA:478,2
DA:479,4
DA:480,4
DA:481,4
DA:483,4
DA:484,0
DA:486,0
DA:487,0
DA:488,0
DA:489,0
DA:490,0
DA:491,0
DA:492,0
DA:494,0
DA:498,0
DA:499,0
DA:500,0
DA:501,0
DA:502,0
DA:503,0
DA:506,0
DA:507,0
DA:509,0
DA:513,4
DA:516,2
DA:523,1
DA:530,1
DA:534,2
DA:544,1
DA:551,1
DA:552,1
DA:553,1
DA:554,1
DA:555,1
DA:557,1
DA:558,2
DA:564,2
DA:565,2
DA:572,2
DA:573,0
DA:576,2
DA:577,2
DA:580,1
DA:612,2
DA:619,2
DA:620,2
DA:627,2
DA:628,2
DA:629,2
DA:630,0
DA:634,0
DA:636,0
DA:645,2
DA:646,2
DA:647,2
DA:648,0
DA:649,0
DA:650,0
DA:653,2
DA:654,0
DA:662,2
DA:663,2
DA:670,10
DA:671,10
DA:673,10
DA:677,9
DA:684,13
DA:685,13
DA:686,13
DA:693,2
DA:716,2
DA:736,1
DA:751,1
DA:772,1
DA:776,0
DA:777,0
DA:780,1
DA:781,3
DA:782,3
DA:783,3
DA:784,1
DA:787,2
DA:792,2
DA:796,1
DA:797,2
DA:798,2
DA:799,1
DA:801,1
DA:805,1
DA:806,1
LF:207
LH:175
BRDA:47,0,0,1
BRDA:47,0,1,15
BRDA:61,1,0,13
BRDA:61,1,1,13
BRDA:63,2,0,2
BRDA:63,2,1,2
BRDA:63,2,2,2
BRDA:63,2,3,1
BRDA:63,2,4,2
BRDA:63,2,5,1
BRDA:63,2,6,1
BRDA:63,2,7,1
BRDA:63,2,8,1
BRDA:105,3,0,2
BRDA:105,3,1,0
BRDA:105,4,0,2
BRDA:105,4,1,0
BRDA:130,5,0,2
BRDA:130,5,1,0
BRDA:130,6,0,2
BRDA:130,6,1,0
BRDA:153,7,0,2
BRDA:153,7,1,0
BRDA:153,8,0,2
BRDA:153,8,1,0
BRDA:176,9,0,1
BRDA:176,9,1,0
BRDA:176,10,0,1
BRDA:176,10,1,0
BRDA:199,11,0,1
BRDA:199,11,1,0
BRDA:199,12,0,1
BRDA:199,12,1,0
BRDA:222,13,0,1
BRDA:222,13,1,0
BRDA:222,14,0,1
BRDA:222,14,1,0
BRDA:245,15,0,1
BRDA:245,15,1,0
BRDA:245,16,0,1
BRDA:245,16,1,0
BRDA:268,17,0,1
BRDA:268,17,1,0
BRDA:268,18,0,1
BRDA:268,18,1,0
BRDA:283,19,0,2
BRDA:283,19,1,1
BRDA:292,20,0,3
BRDA:292,20,1,0
BRDA:296,21,0,3
BRDA:296,21,1,0
BRDA:304,22,0,1
BRDA:304,22,1,2
BRDA:304,23,0,3
BRDA:304,23,1,3
BRDA:340,24,0,2
BRDA:340,24,1,1
BRDA:348,25,0,3
BRDA:348,25,1,0
BRDA:352,26,0,1
BRDA:352,26,1,2
BRDA:352,27,0,3
BRDA:352,27,1,3
BRDA:392,28,0,5
BRDA:392,28,1,0
BRDA:394,29,0,5
BRDA:394,29,1,4
BRDA:395,30,0,0
BRDA:395,30,1,5
BRDA:396,31,0,0
BRDA:396,31,1,5
BRDA:396,32,0,5
BRDA:396,32,1,5
BRDA:397,33,0,5
BRDA:397,33,1,5
BRDA:406,34,0,1
BRDA:406,34,1,4
BRDA:406,35,0,5
BRDA:406,35,1,5
BRDA:424,36,0,1
BRDA:424,36,1,0
BRDA:428,37,0,2
BRDA:428,37,1,0
BRDA:429,38,0,0
BRDA:429,38,1,2
BRDA:429,39,0,2
BRDA:429,39,1,2
BRDA:469,40,0,2
BRDA:469,40,1,1
BRDA:479,41,0,4
BRDA:479,41,1,0
BRDA:483,42,0,0
BRDA:483,42,1,4
BRDA:483,43,0,4
BRDA:483,43,1,4
BRDA:486,44,0,0
BRDA:486,44,1,0
BRDA:486,45,0,0
BRDA:486,45,1,0
BRDA:498,46,0,0
BRDA:498,46,1,0
BRDA:498,47,0,0
BRDA:498,47,1,0
BRDA:501,48,0,0
BRDA:501,48,1,0
BRDA:531,49,0,1
BRDA:531,49,1,0
BRDA:540,50,0,2
BRDA:540,50,1,0
BRDA:551,51,0,1
BRDA:551,51,1,0
BRDA:560,52,0,2
BRDA:560,52,1,0
BRDA:564,53,0,2
BRDA:564,53,1,0
BRDA:572,54,0,0
BRDA:572,54,1,2
BRDA:572,55,0,2
BRDA:572,55,1,2
BRDA:619,56,0,2
BRDA:619,56,1,0
BRDA:622,57,0,0
BRDA:622,57,1,2
BRDA:627,58,0,2
BRDA:627,58,1,0
BRDA:627,59,0,2
BRDA:627,59,1,2
BRDA:645,60,0,2
BRDA:645,60,1,0
BRDA:645,61,0,2
BRDA:645,61,1,2
BRDA:648,62,0,0
BRDA:648,62,1,0
BRDA:671,63,0,10
BRDA:671,63,1,0
BRDA:685,64,0,10
BRDA:685,64,1,3
BRDA:783,65,0,1
BRDA:783,65,1,2
BRF:139
BRH:89
end_of_record
TN:
SF:utils/errorHandler.ts
FN:16,(anonymous_0)
FN:23,(anonymous_1)
FN:49,(anonymous_2)
FN:53,(anonymous_3)
FN:57,(anonymous_4)
FN:67,(anonymous_5)
FN:78,(anonymous_6)
FN:89,(anonymous_7)
FN:100,(anonymous_8)
FN:111,(anonymous_9)
FN:123,(anonymous_10)
FN:131,(anonymous_11)
FN:136,(anonymous_12)
FN:144,(anonymous_13)
FN:148,(anonymous_14)
FN:159,(anonymous_15)
FN:177,(anonymous_16)
FN:185,(anonymous_17)
FN:191,(anonymous_18)
FN:198,(anonymous_19)
FN:218,(anonymous_20)
FN:225,(anonymous_21)
FN:228,(anonymous_22)
FN:234,(anonymous_23)
FN:248,(anonymous_24)
FN:254,(anonymous_25)
FN:257,(anonymous_26)
FN:261,(anonymous_27)
FNF:28
FNH:11
FNDA:7,(anonymous_0)
FNDA:4,(anonymous_1)
FNDA:0,(anonymous_2)
FNDA:0,(anonymous_3)
FNDA:0,(anonymous_4)
FNDA:1,(anonymous_5)
FNDA:1,(anonymous_6)
FNDA:1,(anonymous_7)
FNDA:1,(anonymous_8)
FNDA:1,(anonymous_9)
FNDA:0,(anonymous_10)
FNDA:3,(anonymous_11)
FNDA:2,(anonymous_12)
FNDA:2,(anonymous_13)
FNDA:2,(anonymous_14)
FNDA:0,(anonymous_15)
FNDA:0,(anonymous_16)
FNDA:0,(anonymous_17)
FNDA:0,(anonymous_18)
FNDA:0,(anonymous_19)
FNDA:0,(anonymous_20)
FNDA:0,(anonymous_21)
FNDA:0,(anonymous_22)
FNDA:0,(anonymous_23)
FNDA:0,(anonymous_24)
FNDA:0,(anonymous_25)
FNDA:0,(anonymous_26)
FNDA:0,(anonymous_27)
DA:13,1
DA:14,1
DA:17,7
DA:18,1
DA:20,7
DA:24,4
DA:32,4
DA:33,1
DA:36,4
DA:39,4
DA:40,0
DA:44,4
DA:45,4
DA:50,0
DA:54,0
DA:58,0
DA:64,1
DA:68,1
DA:69,1
DA:70,1
DA:75,1
DA:79,1
DA:80,1
DA:81,1
DA:86,1
DA:90,1
DA:91,1
DA:92,1
DA:97,1
DA:101,1
DA:102,1
DA:103,1
DA:108,1
DA:112,1
DA:113,1
DA:114,1
DA:120,0
DA:124,0
DA:125,0
DA:126,0
DA:131,1
DA:132,3
DA:133,3
DA:136,2
DA:144,1
DA:148,2
DA:149,2
DA:150,2
DA:152,1
DA:153,1
DA:159,1
DA:166,0
DA:167,0
DA:168,0
DA:170,0
DA:172,0
DA:173,0
DA:176,0
DA:177,0
DA:181,0
DA:185,1
DA:186,0
DA:187,0
DA:190,0
DA:191,0
DA:192,0
DA:195,0
DA:198,1
DA:199,0
DA:200,0
DA:201,0
DA:203,0
DA:204,0
DA:206,0
DA:208,0
DA:209,0
DA:216,0
DA:219,0
DA:220,0
DA:222,0
DA:226,0
DA:228,0
DA:229,0
DA:230,0
DA:235,0
DA:236,0
DA:239,0
DA:240,0
DA:243,0
DA:244,0
DA:249,0
DA:250,0
DA:251,0
DA:254,0
DA:258,0
DA:262,0
LF:96
LH:45
BRDA:17,0,0,1
BRDA:17,0,1,6
BRDA:25,1,0,0
BRDA:25,1,1,4
BRDA:25,2,0,0
BRDA:25,2,1,0
BRDA:27,3,0,0
BRDA:27,3,1,4
BRDA:32,4,0,1
BRDA:32,4,1,3
BRDA:39,5,0,0
BRDA:39,5,1,4
BRDA:44,6,0,4
BRDA:44,6,1,0
BRDA:58,7,0,0
BRDA:58,7,1,0
BRDA:161,8,0,0
BRDA:162,9,0,0
BRDA:172,10,0,0
BRDA:172,10,1,0
BRDA:186,11,0,0
BRDA:186,11,1,0
BRDA:186,12,0,0
BRDA:186,12,1,0
BRDA:195,13,0,0
BRDA:195,13,1,0
BRDA:195,13,2,0
BRDA:206,14,0,0
BRDA:206,14,1,0
BRDA:219,15,0,0
BRDA:219,15,1,0
BRDA:235,16,0,0
BRDA:235,16,1,0
BRDA:243,17,0,0
BRDA:243,17,1,0
BRDA:250,18,0,0
BRDA:250,18,1,0
BRDA:250,19,0,0
BRDA:250,19,1,0
BRF:39
BRH:8
end_of_record
TN:
SF:utils/errorRecovery.ts
FN:17,(anonymous_0)
FN:27,(anonymous_1)
FN:34,(anonymous_2)
FN:56,(anonymous_3)
FN:75,(anonymous_4)
FN:95,(anonymous_5)
FN:101,(anonymous_6)
FN:110,(anonymous_7)
FN:119,(anonymous_8)
FN:133,(anonymous_9)
FN:139,(anonymous_10)
FN:148,(anonymous_11)
FN:157,(anonymous_12)
FN:171,(anonymous_13)
FN:176,(anonymous_14)
FN:184,(anonymous_15)
FN:192,(anonymous_16)
FN:206,(anonymous_17)
FN:211,(anonymous_18)
FN:219,(anonymous_19)
FN:233,(anonymous_20)
FN:239,(anonymous_21)
FN:248,(anonymous_22)
FN:261,initializeRecoveryStrategies
FN:274,withErrorRecovery
FN:303,(anonymous_25)
FN:308,(anonymous_26)
FN:327,(anonymous_27)
FN:332,(anonymous_28)
FN:341,(anonymous_29)
FNF:30
FNH:0
FNDA:0,(anonymous_0)
FNDA:0,(anonymous_1)
FNDA:0,(anonymous_2)
FNDA:0,(anonymous_3)
FNDA:0,(anonymous_4)
FNDA:0,(anonymous_5)
FNDA:0,(anonymous_6)
FNDA:0,(anonymous_7)
FNDA:0,(anonymous_8)
FNDA:0,(anonymous_9)
FNDA:0,(anonymous_10)
FNDA:0,(anonymous_11)
FNDA:0,(anonymous_12)
FNDA:0,(anonymous_13)
FNDA:0,(anonymous_14)
FNDA:0,(anonymous_15)
FNDA:0,(anonymous_16)
FNDA:0,(anonymous_17)
FNDA:0,(anonymous_18)
FNDA:0,(anonymous_19)
FNDA:0,(anonymous_20)
FNDA:0,(anonymous_21)
FNDA:0,(anonymous_22)
FNDA:0,initializeRecoveryStrategies
FNDA:0,withErrorRecovery
FNDA:0,(anonymous_25)
FNDA:0,(anonymous_26)
FNDA:0,(anonymous_27)
FNDA:0,(anonymous_28)
FNDA:0,(anonymous_29)
DA:15,0
DA:18,0
DA:19,0
DA:21,0
DA:28,0
DA:44,0
DA:46,0
DA:47,0
DA:49,0
DA:50,0
DA:51,0
DA:54,0
DA:55,0
DA:56,0
DA:61,0
DA:62,0
DA:64,0
DA:65,0
DA:68,0
DA:76,0
DA:77,0
DA:78,0
DA:79,0
DA:80,0
DA:81,0
DA:82,0
DA:83,0
DA:96,0
DA:99,0
DA:101,0
DA:102,0
DA:104,0
DA:108,0
DA:110,0
DA:111,0
DA:113,0
DA:117,0
DA:119,0
DA:120,0
DA:122,0
DA:125,0
DA:134,0
DA:137,0
DA:139,0
DA:140,0
DA:142,0
DA:146,0
DA:148,0
DA:149,0
DA:151,0
DA:155,0
DA:157,0
DA:158,0
DA:160,0
DA:163,0
DA:172,0
DA:175,0
DA:176,0
DA:177,0
DA:179,0
DA:183,0
DA:184,0
DA:185,0
DA:187,0
DA:191,0
DA:192,0
DA:193,0
DA:195,0
DA:198,0
DA:207,0
DA:210,0
DA:211,0
DA:212,0
DA:214,0
DA:218,0
DA:219,0
DA:220,0
DA:222,0
DA:225,0
DA:234,0
DA:237,0
DA:239,0
DA:240,0
DA:242,0
DA:246,0
DA:248,0
DA:249,0
DA:251,0
DA:254,0
DA:262,0
DA:264,0
DA:265,0
DA:266,0
DA:267,0
DA:268,0
DA:279,0
DA:280,0
DA:282,0
DA:283,0
DA:285,0
DA:286,0
DA:288,0
DA:291,0
DA:299,0
DA:300,0
DA:301,0
DA:309,0
DA:310,0
DA:311,0
DA:313,0
DA:317,0
DA:318,0
DA:319,0
DA:320,0
DA:322,0
DA:323,0
DA:328,0
DA:329,0
DA:333,0
DA:334,0
DA:336,0
DA:337,0
DA:342,0
LF:123
LH:0
BRDA:18,0,0,0
BRDA:18,0,1,0
BRDA:37,1,0,0
BRDA:40,2,0,0
BRDA:41,3,0,0
BRDA:43,4,0,0
BRDA:49,5,0,0
BRDA:49,5,1,0
BRDA:51,6,0,0
BRDA:51,6,1,0
BRDA:64,7,0,0
BRDA:64,7,1,0
BRDA:76,8,0,0
BRDA:76,8,1,0
BRDA:77,9,0,0
BRDA:77,9,1,0
BRDA:78,10,0,0
BRDA:78,10,1,0
BRDA:79,11,0,0
BRDA:79,11,1,0
BRDA:80,12,0,0
BRDA:80,12,1,0
BRDA:81,13,0,0
BRDA:81,13,1,0
BRDA:81,14,0,0
BRDA:81,14,1,0
BRDA:82,15,0,0
BRDA:82,15,1,0
BRDA:82,16,0,0
BRDA:82,16,1,0
BRDA:277,17,0,0
BRDA:285,18,0,0
BRDA:285,18,1,0
BRDA:285,19,0,0
BRDA:285,19,1,0
BRDA:304,20,0,0
BRDA:305,21,0,0
BRDA:309,22,0,0
BRDA:309,22,1,0
BRDA:310,23,0,0
BRDA:310,23,1,0
BRDA:336,24,0,0
BRDA:336,24,1,0
BRF:43
BRH:0
end_of_record
TN:
SF:utils/imageProcessing.ts
FN:25,(anonymous_0)
FN:136,(anonymous_1)
FN:152,(anonymous_2)
FN:173,(anonymous_3)
FN:194,(anonymous_4)
FN:215,(anonymous_5)
FN:232,(anonymous_6)
FN:253,(anonymous_7)
FN:286,(anonymous_8)
FN:311,(anonymous_9)
FN:335,(anonymous_10)
FN:360,(anonymous_11)
FN:371,(anonymous_12)
FN:389,(anonymous_13)
FN:407,(anonymous_14)
FN:462,(anonymous_15)
FN:505,(anonymous_16)
FN:518,(anonymous_17)
FN:571,(anonymous_18)
FN:592,(anonymous_19)
FNF:20
FNH:10
FNDA:4,(anonymous_0)
FNDA:0,(anonymous_1)
FNDA:3,(anonymous_2)
FNDA:0,(anonymous_3)
FNDA:0,(anonymous_4)
FNDA:0,(anonymous_5)
FNDA:1,(anonymous_6)
FNDA:1,(anonymous_7)
FNDA:3,(anonymous_8)
FNDA:1,(anonymous_9)
FNDA:1,(anonymous_10)
FNDA:1,(anonymous_11)
FNDA:0,(anonymous_12)
FNDA:0,(anonymous_13)
FNDA:0,(anonymous_14)
FNDA:0,(anonymous_15)
FNDA:0,(anonymous_16)
FNDA:0,(anonymous_17)
FNDA:1,(anonymous_18)
FNDA:1,(anonymous_19)
DA:37,4
DA:39,4
DA:40,4
DA:41,4
DA:44,4
DA:47,4
DA:48,4
DA:53,3
DA:56,3
DA:57,3
DA:58,3
DA:59,3
DA:61,0
DA:62,0
DA:67,3
DA:68,3
DA:69,3
DA:70,3
DA:71,0
DA:72,0
DA:74,3
DA:75,3
DA:80,0
DA:81,0
DA:82,0
DA:83,0
DA:84,0
DA:85,0
DA:87,0
DA:88,0
DA:93,0
DA:94,0
DA:95,0
DA:96,0
DA:100,0
DA:101,0
DA:102,0
DA:103,0
DA:107,0
DA:108,0
DA:109,0
DA:110,0
DA:114,0
DA:115,0
DA:125,0
DA:126,0
DA:128,4
DA:129,4
DA:138,0
DA:146,0
DA:154,3
DA:155,3
DA:157,3
DA:158,3
DA:159,0
DA:164,0
DA:167,0
DA:175,0
DA:176,0
DA:178,0
DA:179,0
DA:180,0
DA:185,0
DA:188,0
DA:196,0
DA:197,0
DA:199,0
DA:200,0
DA:201,0
DA:206,0
DA:209,0
DA:217,0
DA:226,0
DA:233,1
DA:234,1
DA:243,1
DA:245,0
DA:246,0
DA:257,1
DA:262,1
DA:276,1
DA:278,0
DA:279,0
DA:287,3
DA:293,3
DA:297,3
DA:299,3
DA:300,3
DA:302,0
DA:304,0
DA:312,1
DA:314,1
DA:316,1
DA:317,0
DA:319,1
DA:327,1
DA:328,1
DA:336,1
DA:342,1
DA:346,1
DA:348,1
DA:349,1
DA:351,0
DA:353,0
DA:361,1
DA:363,1
DA:371,0
DA:378,0
DA:379,0
DA:381,1
DA:382,1
DA:390,0
DA:392,0
DA:394,0
DA:395,0
DA:397,0
DA:399,0
DA:400,0
DA:408,0
DA:410,0
DA:411,0
DA:412,0
DA:416,0
DA:427,0
DA:429,0
DA:431,0
DA:432,0
DA:452,0
DA:454,0
DA:455,0
DA:463,0
DA:464,0
DA:466,0
DA:467,0
DA:468,0
DA:473,0
DA:474,0
DA:478,0
DA:480,0
DA:481,0
DA:485,0
DA:486,0
DA:487,0
DA:488,0
DA:490,0
DA:497,0
DA:498,0
DA:506,0
DA:515,0
DA:518,0
DA:521,0
DA:522,0
DA:525,0
DA:526,0
DA:528,0
DA:530,0
DA:531,0
DA:533,0
DA:534,0
DA:537,0
DA:539,0
DA:559,0
DA:560,0
DA:563,0
DA:564,0
DA:572,1
DA:573,1
DA:582,1
DA:584,0
DA:585,0
DA:593,1
DA:594,1
DA:603,1
DA:605,0
DA:606,0
LF:175
LH:56
BRDA:27,0,0,2
BRDA:30,1,0,2
BRDA:31,2,0,2
BRDA:32,3,0,2
BRDA:33,4,0,4
BRDA:34,5,0,3
BRDA:35,6,0,4
BRDA:36,7,0,4
BRDA:56,8,0,3
BRDA:56,8,1,0
BRDA:59,9,0,0
BRDA:59,9,1,3
BRDA:67,10,0,3
BRDA:67,10,1,0
BRDA:80,11,0,0
BRDA:80,11,1,0
BRDA:93,12,0,0
BRDA:93,12,1,0
BRDA:100,13,0,0
BRDA:100,13,1,0
BRDA:107,14,0,0
BRDA:107,14,1,0
BRDA:158,15,0,3
BRDA:158,15,1,0
BRDA:179,16,0,0
BRDA:179,16,1,0
BRDA:200,17,0,0
BRDA:200,17,1,0
BRDA:299,18,0,3
BRDA:299,18,1,0
BRDA:316,19,0,0
BRDA:316,19,1,1
BRDA:348,20,0,0
BRDA:348,20,1,1
BRDA:411,21,0,0
BRDA:411,21,1,0
BRDA:429,22,0,0
BRDA:429,22,1,0
BRDA:467,23,0,0
BRDA:467,23,1,0
BRDA:480,24,0,0
BRDA:480,24,1,0
BRDA:528,25,0,0
BRDA:528,25,1,0
BRF:44
BRH:15
end_of_record
TN:
SF:utils/intelligentEnhancement.ts
FN:134,(anonymous_0)
FN:144,(anonymous_1)
FN:156,(anonymous_2)
FN:201,(anonymous_3)
FN:203,(anonymous_4)
FN:273,(anonymous_5)
FN:277,(anonymous_6)
FN:306,(anonymous_7)
FN:319,(anonymous_8)
FN:332,(anonymous_9)
FN:334,(anonymous_10)
FN:344,(anonymous_11)
FN:355,(anonymous_12)
FN:362,(anonymous_13)
FN:369,(anonymous_14)
FN:376,(anonymous_15)
FN:383,(anonymous_16)
FN:401,(anonymous_17)
FN:407,(anonymous_18)
FN:418,(anonymous_19)
FNF:20
FNH:18
FNDA:15,(anonymous_0)
FNDA:6,(anonymous_1)
FNDA:1,(anonymous_2)
[...]
FN:224,(anonymous_18)
FN:233,(anonymous_19)
FN:237,(anonymous_20)
FN:248,(anonymous_21)
FN:258,(anonymous_22)
FN:262,(anonymous_23)
FN:300,(anonymous_24)
FN:306,(anonymous_25)
FN:313,(anonymous_26)
FN:333,(anonymous_27)
FN:338,(anonymous_28)
FN:346,(anonymous_29)
FN:356,(anonymous_30)
FN:360,(anonymous_31)
FN:394,(anonymous_32)
FN:400,(anonymous_33)
FN:410,createOCREngine
FN:429,getOCREngine
FN:440,(anonymous_36)
FN:443,(anonymous_37)
FN:446,(anonymous_38)
FN:449,(anonymous_39)
FN:454,(anonymous_40)
FN:468,terminateOCREngine
FN:480,(anonymous_42)
FN:488,(anonymous_43)
FN:505,(anonymous_44)
FN:513,(anonymous_45)
FN:545,(anonymous_46)
FN:569,(anonymous_47)
FN:579,(anonymous_48)
FNF:49
FNH:18
FNDA:4,(anonymous_0)
FNDA:4,(anonymous_1)
FNDA:4,(anonymous_2)
FNDA:2,(anonymous_3)
FNDA:2,(anonymous_4)
FNDA:0,(anonymous_5)
FNDA:0,(anonymous_6)
FNDA:1,(anonymous_7)
FNDA:1,(anonymous_8)
FNDA:1,(anonymous_9)
FNDA:12,(anonymous_10)
FNDA:26,(anonymous_11)
FNDA:0,(anonymous_12)
FNDA:0,(anonymous_13)
FNDA:1,(anonymous_14)
FNDA:1,(anonymous_15)
FNDA:1,(anonymous_16)
FNDA:0,(anonymous_17)
FNDA:1,(anonymous_18)
FNDA:0,(anonymous_19)
FNDA:0,(anonymous_20)
FNDA:0,(anonymous_21)
FNDA:0,(anonymous_22)
FNDA:0,(anonymous_23)
FNDA:0,(anonymous_24)
FNDA:0,(anonymous_25)
FNDA:0,(anonymous_26)
FNDA:0,(anonymous_27)
FNDA:0,(anonymous_28)
FNDA:0,(anonymous_29)
FNDA:0,(anonymous_30)
FNDA:0,(anonymous_31)
FNDA:0,(anonymous_32)
FNDA:0,(anonymous_33)
FNDA:0,createOCREngine
FNDA:0,getOCREngine
FNDA:0,(anonymous_36)
FNDA:0,(anonymous_37)
FNDA:0,(anonymous_38)
FNDA:0,(anonymous_39)
FNDA:0,(anonymous_40)
FNDA:0,terminateOCREngine
FNDA:1,(anonymous_42)
FNDA:0,(anonymous_43)
FNDA:0,(anonymous_44)
FNDA:0,(anonymous_45)
FNDA:2,(anonymous_46)
FNDA:1,(anonymous_47)
FNDA:1,(anonymous_48)
DA:33,4
DA:34,4
DA:42,4
DA:44,4
DA:47,4
DA:50,4
DA:52,4
DA:53,4
DA:55,0
DA:56,0
DA:61,4
DA:65,2
DA:66,0
DA:69,2
DA:71,2
DA:76,2
DA:79,2
DA:81,2
DA:84,2
DA:85,1
DA:87,1
DA:95,1
DA:96,1
DA:101,0
DA:102,0
DA:105,0
DA:106,0
DA:107,0
DA:111,0
DA:115,1
DA:116,1
DA:121,1
DA:132,1
DA:133,1
DA:137,1
DA:138,1
DA:139,1
DA:141,1
DA:142,12
DA:143,9
DA:144,9
DA:146,9
DA:147,26
DA:148,26
DA:156,26
DA:159,9
DA:161,3
DA:165,1
DA:170,2
DA:179,0
DA:184,1
DA:185,1
DA:186,1
DA:215,0
DA:216,0
DA:219,0
DA:220,0
DA:221,0
DA:225,1
DA:231,0
DA:234,0
DA:238,0
DA:240,0
DA:241,0
DA:243,0
DA:244,0
DA:248,0
DA:250,0
DA:251,0
DA:253,0
DA:254,0
DA:259,0
DA:263,0
DA:264,0
DA:267,0
DA:269,0
DA:270,0
DA:273,0
DA:277,0
DA:278,0
DA:283,0
DA:285,0
DA:287,0
DA:295,0
DA:296,0
DA:301,0
DA:302,0
DA:303,0
DA:307,0
DA:314,0
DA:315,0
DA:316,0
DA:319,0
DA:322,0
DA:324,0
DA:325,0
DA:331,0
DA:339,0
DA:341,0
DA:342,0
DA:346,0
DA:348,0
DA:349,0
DA:351,0
DA:352,0
DA:357,0
DA:361,0
DA:362,0
DA:365,0
DA:367,0
DA:368,0
DA:371,0
DA:372,0
DA:377,0
DA:379,0
DA:381,0
DA:389,0
DA:390,0
DA:395,0
DA:396,0
DA:397,0
DA:401,0
DA:411,0
DA:413,0
DA:415,0
DA:416,0
DA:418,0
DA:420,0
DA:422,0
DA:427,1
DA:430,0
DA:431,0
DA:433,0
DA:439,0
DA:441,0
DA:444,0
DA:447,0
DA:450,0
DA:451,0
DA:452,0
DA:455,0
DA:459,0
DA:461,0
DA:462,0
DA:465,0
DA:469,0
DA:470,0
DA:472,0
DA:481,1
DA:482,1
DA:493,0
DA:495,0
DA:496,0
DA:499,0
DA:506,0
DA:507,0
DA:517,0
DA:520,0
DA:523,0
DA:532,0
DA:534,0
DA:535,0
DA:537,0
DA:538,0
DA:546,2
DA:548,2
DA:549,1
DA:552,2
DA:553,1
DA:556,2
DA:557,1
DA:560,2
DA:570,1
DA:585,1
DA:586,1
DA:587,1
DA:588,1
DA:590,1
LF:178
LH:61
BRDA:42,0,0,0
BRDA:42,0,1,4
BRDA:65,1,0,0
BRDA:65,1,1,2
BRDA:101,2,0,0
BRDA:101,2,1,0
BRDA:142,3,0,9
BRDA:142,3,1,3
BRDA:147,4,0,26
BRDA:147,4,1,0
BRDA:215,5,0,0
BRDA:215,5,1,0
BRDA:238,6,0,0
BRDA:238,6,1,0
BRDA:243,7,0,0
BRDA:243,7,1,0
BRDA:263,8,0,0
BRDA:263,8,1,0
BRDA:315,9,0,0
BRDA:315,9,1,0
BRDA:339,10,0,0
BRDA:339,10,1,0
BRDA:361,11,0,0
BRDA:361,11,1,0
BRDA:411,12,0,0
BRDA:411,12,1,0
BRDA:411,12,2,0
BRDA:411,12,3,0
BRDA:415,13,0,0
BRDA:415,13,1,0
BRDA:430,14,0,0
BRDA:430,14,1,0
BRDA:469,15,0,0
BRDA:469,15,1,0
BRDA:469,16,0,0
BRDA:469,16,1,0
BRDA:491,17,0,0
BRDA:495,18,0,0
BRDA:495,18,1,0
BRDA:548,19,0,1
BRDA:548,19,1,1
BRDA:552,20,0,1
BRDA:552,20,1,1
BRDA:556,21,0,1
BRDA:556,21,1,1
BRDA:591,22,0,1
BRDA:591,22,1,1
BRDA:592,23,0,1
BRDA:592,23,1,0
BRDA:593,24,0,1
BRDA:593,24,1,0
BRDA:594,25,0,1
BRDA:594,25,1,0
BRF:53
BRH:16
end_of_record
TN:
SF:utils/pdfExport.ts
FN:19,(anonymous_0)
FN:45,(anonymous_1)
FN:54,(anonymous_2)
FN:70,(anonymous_3)
FN:90,(anonymous_4)
FN:95,(anonymous_5)
FN:228,(anonymous_6)
FNF:7
FNH:0
FNDA:0,(anonymous_0)
FNDA:0,(anonymous_1)
FNDA:0,(anonymous_2)
FNDA:0,(anonymous_3)
FNDA:0,(anonymous_4)
FNDA:0,(anonymous_5)
FNDA:0,(anonymous_6)
DA:19,0
DA:27,0
DA:29,0
DA:31,0
DA:34,0
DA:39,0
DA:41,0
DA:45,0
DA:46,0
DA:47,0
DA:48,0
DA:50,0
DA:54,0
DA:55,0
DA:56,0
DA:57,0
DA:58,0
DA:61,0
DA:66,0
DA:70,0
DA:75,0
DA:76,0
DA:77,0
DA:79,0
DA:84,0
DA:86,0
DA:90,0
DA:95,0
DA:96,0
DA:99,0
DA:112,0
DA:228,0
DA:229,0
DA:231,0
DA:233,0
DA:236,0
LF:36
LH:0
BRDA:21,0,0,0
BRDA:24,1,0,0
BRDA:25,2,0,0
BRDA:26,3,0,0
BRDA:57,4,0,0
BRDA:57,4,1,0
BRDA:63,5,0,0
BRDA:63,5,1,0
BRDA:73,6,0,0
BRDA:96,7,0,0
BRDA:96,7,1,0
BRDA:97,8,0,0
BRDA:97,8,1,0
BRDA:102,9,0,0
BRDA:102,9,1,0
BRDA:103,10,0,0
BRDA:103,10,1,0
BRDA:229,11,0,0
BRDA:229,11,1,0
BRDA:229,11,2,0
BRDA:229,11,3,0
BRF:21
BRH:0
end_of_record
TN:
SF:utils/scanQualityAssessment.ts
FN:55,(anonymous_0)
FN:65,(anonymous_1)
FN:161,(anonymous_2)
FN:163,(anonymous_3)
FN:175,(anonymous_4)
FN:177,(anonymous_5)
FN:193,(anonymous_6)
FN:212,(anonymous_7)
FN:214,(anonymous_8)
FN:224,(anonymous_9)
FN:226,(anonymous_10)
FN:236,(anonymous_11)
FN:238,(anonymous_12)
FN:248,(anonymous_13)
FN:303,(anonymous_14)
FN:358,(anonymous_15)
FN:369,(anonymous_16)
FN:385,(anonymous_17)
FN:396,(anonymous_18)
FN:397,(anonymous_19)
FN:408,(anonymous_20)
FN:448,(anonymous_21)
FN:478,(anonymous_22)
FN:485,(anonymous_23)
FN:501,(anonymous_24)
FN:505,(anonymous_25)
FN:509,(anonymous_26)
FN:516,(anonymous_27)
FN:521,(anonymous_28)
FN:523,(anonymous_29)
FN:530,(anonymous_30)
FN:531,(anonymous_31)
FNF:32
FNH:30
FNDA:12,(anonymous_0)
FNDA:3,(anonymous_1)
FNDA:1,(anonymous_2)
FNDA:1,(anonymous_3)
FNDA:1,(anonymous_4)
FNDA:1,(anonymous_5)
FNDA:1,(anonymous_6)
FNDA:1,(anonymous_7)
FNDA:1,(anonymous_8)
FNDA:1,(anonymous_9)
FNDA:1,(anonymous_10)
FNDA:1,(anonymous_11)
FNDA:1,(anonymous_12)
FNDA:1,(anonymous_13)
FNDA:1,(anonymous_14)
FNDA:1,(anonymous_15)
FNDA:1,(anonymous_16)
FNDA:1,(anonymous_17)
FNDA:6,(anonymous_18)
FNDA:6,(anonymous_19)
FNDA:3,(anonymous_20)
FNDA:0,(anonymous_21)
FNDA:1,(anonymous_22)
FNDA:2,(anonymous_23)
FNDA:1,(anonymous_24)
FNDA:1,(anonymous_25)
FNDA:1,(anonymous_26)
FNDA:2,(anonymous_27)
FNDA:1,(anonymous_28)
FNDA:2,(anonymous_29)
FNDA:0,(anonymous_30)
FNDA:1,(anonymous_31)
DA:4,1
DA:46,2
DA:47,2
DA:56,12
DA:57,1
DA:59,12
DA:69,3
DA:70,3
DA:73,3
DA:74,2
DA:101,1
DA:102,1
DA:103,1
DA:104,1
DA:105,1
DA:106,1
DA:108,1
DA:119,1
DA:122,1
DA:125,1
DA:126,1
DA:127,1
DA:129,1
DA:139,1
DA:140,1
DA:141,0
DA:144,1
DA:151,1
DA:153,0
DA:154,0
DA:163,1
DA:166,1
DA:167,1
DA:169,1
DA:177,1
DA:180,1
DA:181,1
DA:184,1
DA:185,1
DA:187,1
DA:194,1
DA:197,1
DA:198,1
DA:201,1
DA:202,1
DA:205,1
DA:206,1
DA:214,1
DA:217,1
DA:218,1
DA:226,1
DA:229,1
DA:230,1
DA:238,1
DA:241,1
DA:242,1
DA:249,1
DA:256,1
DA:257,1
DA:259,1
DA:260,0
DA:262,1
DA:263,0
DA:267,1
DA:268,0
DA:270,1
DA:271,0
DA:273,1
DA:274,0
DA:276,1
DA:277,0
DA:279,1
DA:280,0
DA:282,1
DA:283,1
DA:287,1
DA:288,0
DA:290,1
DA:291,0
DA:293,1
DA:294,0
DA:297,1
DA:304,1
DA:311,1
DA:312,1
DA:314,1
DA:315,0
DA:317,1
DA:318,0
DA:322,1
DA:323,0
DA:325,1
DA:326,0
DA:328,1
DA:329,0
DA:331,1
DA:332,0
DA:334,1
DA:335,0
DA:337,1
DA:338,1
DA:342,1
DA:343,0
DA:345,1
DA:346,0
DA:348,1
DA:349,0
DA:352,1
DA:359,1
DA:360,1
DA:361,1
DA:362,1
DA:363,0
DA:371,1
DA:374,0
DA:377,0
DA:379,0
DA:387,1
DA:396,6
DA:397,6
DA:398,1
DA:401,1
DA:402,1
DA:410,3
DA:411,1
DA:420,2
DA:421,1
DA:430,1
DA:431,1
DA:438,0
DA:449,0
DA:479,1
DA:491,2
DA:492,1
DA:500,1
DA:501,1
DA:504,1
DA:505,1
DA:506,1
DA:509,1
DA:515,1
DA:516,1
DA:517,2
DA:520,1
DA:521,1
DA:523,2
DA:526,1
DA:527,1
DA:528,1
DA:530,1
DA:531,1
DA:532,1
DA:534,1
LF:153
LH:124
BRDA:56,0,0,1
BRDA:56,0,1,11
BRDA:73,1,0,2
BRDA:73,1,1,1
BRDA:140,2,0,0
BRDA:140,2,1,1
BRDA:184,3,0,0
BRDA:184,3,1,1
BRDA:256,4,0,1
BRDA:256,4,1,0
BRDA:259,5,0,0
BRDA:259,5,1,1
BRDA:262,6,0,0
BRDA:262,6,1,1
BRDA:267,7,0,0
BRDA:267,7,1,1
BRDA:267,8,0,1
BRDA:267,8,1,1
BRDA:270,9,0,0
BRDA:270,9,1,1
BRDA:270,10,0,1
BRDA:270,10,1,0
BRDA:273,11,0,0
BRDA:273,11,1,1
BRDA:276,12,0,0
BRDA:276,12,1,1
BRDA:279,13,0,0
BRDA:279,13,1,1
BRDA:282,14,0,1
BRDA:282,14,1,0
BRDA:287,15,0,0
BRDA:287,15,1,1
BRDA:287,16,0,1
BRDA:287,16,1,1
BRDA:290,17,0,0
BRDA:290,17,1,1
BRDA:290,18,0,1
BRDA:290,18,1,0
BRDA:293,19,0,0
BRDA:293,19,1,1
BRDA:311,20,0,1
BRDA:311,20,1,0
BRDA:314,21,0,0
BRDA:314,21,1,1
BRDA:317,22,0,0
BRDA:317,22,1,1
BRDA:322,23,0,0
BRDA:322,23,1,1
BRDA:325,24,0,0
BRDA:325,24,1,1
BRDA:328,25,0,0
BRDA:328,25,1,1
BRDA:331,26,0,0
BRDA:331,26,1,1
BRDA:334,27,0,0
BRDA:334,27,1,1
BRDA:337,28,0,1
BRDA:337,28,1,0
BRDA:342,29,0,0
BRDA:342,29,1,1
BRDA:345,30,0,0
BRDA:345,30,1,1
BRDA:348,31,0,0
BRDA:348,31,1,1
BRDA:359,32,0,0
BRDA:359,32,1,1
BRDA:360,33,0,0
BRDA:360,33,1,1
BRDA:361,34,0,0
BRDA:361,34,1,1
BRDA:362,35,0,1
BRDA:362,35,1,0
BRDA:371,36,0,1
BRDA:371,36,1,0
BRDA:374,37,0,0
BRDA:374,37,1,0
BRDA:377,38,0,0
BRDA:377,38,1,0
BRDA:410,39,0,1
BRDA:410,39,1,2
BRDA:414,40,0,1
BRDA:414,40,1,0
BRDA:420,41,0,1
BRDA:420,41,1,1
BRDA:424,42,0,1
BRDA:424,42,1,0
BRDA:430,43,0,1
BRDA:430,43,1,0
BRDA:491,44,0,1
BRDA:491,44,1,1
BRDA:506,45,0,1
BRDA:506,45,1,1
BRDA:517,46,0,2
BRDA:517,46,1,2
BRF:94
BRH:54
end_of_record
TN:
SF:utils/smartDetection.ts
FN:39,(anonymous_0)
FN:49,(anonymous_1)
FN:96,(anonymous_2)
FN:103,(anonymous_3)
FN:107,(anonymous_4)
FN:115,(anonymous_5)
FN:116,(anonymous_6)
FN:146,(anonymous_7)
FN:152,(anonymous_8)
FN:155,(anonymous_9)
FN:197,(anonymous_10)
FN:210,(anonymous_11)
FN:234,(anonymous_12)
FN:251,(anonymous_13)
FN:267,(anonymous_14)
FN:317,(anonymous_15)
FN:333,(anonymous_16)
FN:339,(anonymous_17)
FN:349,(anonymous_18)
FN:385,(anonymous_19)
FN:392,(anonymous_20)
FNF:21
FNH:20
FNDA:10,(anonymous_0)
FNDA:3,(anonymous_1)
FNDA:1,(anonymous_2)
FNDA:1,(anonymous_3)
FNDA:52,(anonymous_4)
FNDA:7,(anonymous_5)
FNDA:28,(anonymous_6)
FNDA:2,(anonymous_7)
FNDA:1,(anonymous_8)
FNDA:6,(anonymous_9)
FNDA:1,(anonymous_10)
FNDA:1,(anonymous_11)
FNDA:1,(anonymous_12)
FNDA:4,(anonymous_13)
FNDA:2,(anonymous_14)
FNDA:2,(anonymous_15)
FNDA:2,(anonymous_16)
FNDA:0,(anonymous_17)
FNDA:2,(anonymous_18)
FNDA:2,(anonymous_19)
FNDA:1,(anonymous_20)
DA:4,1
DA:35,1
DA:36,1
DA:37,1
DA:40,10
DA:41,1
DA:43,10
DA:50,3
DA:51,3
DA:54,3
DA:55,2
DA:56,2
DA:57,2
DA:58,2
DA:60,2
DA:69,2
DA:70,2
DA:71,0
DA:74,2
DA:80,2
DA:82,1
DA:83,1
DA:103,1
DA:106,1
DA:107,52
DA:114,1
DA:115,7
DA:116,28
DA:125,1
DA:128,1
DA:135,1
DA:147,2
DA:148,1
DA:152,1
DA:155,1
DA:156,6
DA:159,1
DA:160,0
DA:164,1
DA:165,1
DA:167,1
DA:187,1
DA:188,1
DA:191,0
DA:198,1
DA:199,1
DA:211,1
DA:214,1
DA:215,1
DA:217,1
DA:220,1
DA:221,1
DA:224,1
DA:225,1
DA:226,1
DA:228,1
DA:235,1
DA:238,1
DA:245,1
DA:252,4
DA:253,2
DA:267,2
DA:269,2
DA:270,2
DA:271,2
DA:272,2
DA:273,2
DA:274,2
DA:276,2
DA:278,2
DA:279,2
DA:281,2
DA:282,0
DA:283,0
DA:286,2
DA:287,2
DA:288,2
DA:291,2
DA:292,0
DA:293,0
DA:296,2
DA:297,0
DA:298,0
DA:301,2
DA:318,2
DA:321,2
DA:322,2
DA:323,2
DA:324,2
DA:326,2
DA:327,2
DA:334,2
DA:335,2
DA:338,0
DA:339,0
DA:340,0
DA:343,0
DA:350,2
DA:352,2
DA:353,1
DA:354,1
DA:355,1
DA:358,1
DA:359,0
DA:360,0
DA:363,1
DA:364,0
DA:367,1
DA:368,1
DA:371,1
DA:372,0
DA:375,1
DA:376,0
DA:379,1
DA:386,2
DA:393,1
LF:116
LH:98
BRDA:40,0,0,1
BRDA:40,0,1,9
BRDA:70,1,0,0
BRDA:70,1,1,2
BRDA:147,2,0,1
BRDA:147,2,1,1
BRDA:156,3,0,1
BRDA:156,3,1,5
BRDA:159,4,0,0
BRDA:159,4,1,1
BRDA:159,5,0,1
BRDA:159,5,1,1
BRDA:187,6,0,1
BRDA:187,6,1,0
BRDA:217,7,0,0
BRDA:217,7,1,1
BRDA:220,8,0,0
BRDA:220,8,1,1
BRDA:220,9,0,1
BRDA:220,9,1,1
BRDA:221,10,0,0
BRDA:221,10,1,1
BRDA:221,11,0,1
BRDA:221,11,1,1
BRDA:228,12,0,1
BRDA:228,12,1,1
BRDA:252,13,0,2
BRDA:252,13,1,2
BRDA:281,14,0,0
BRDA:281,14,1,2
BRDA:286,15,0,2
BRDA:286,15,1,0
BRDA:291,16,0,0
BRDA:291,16,1,2
BRDA:296,17,0,0
BRDA:296,17,1,2
BRDA:334,18,0,2
BRDA:334,18,1,0
BRDA:334,19,0,2
BRDA:334,19,1,1
BRDA:340,20,0,0
BRDA:340,20,1,0
BRDA:352,21,0,1
BRDA:352,21,1,1
BRDA:358,22,0,0
BRDA:358,22,1,1
BRDA:363,23,0,0
BRDA:363,23,1,1
BRDA:367,24,0,1
BRDA:367,24,1,0
BRDA:371,25,0,0
BRDA:371,25,1,1
BRDA:375,26,0,0
BRDA:375,26,1,1
BRF:54
BRH:36
end_of_record
TN:
SF:utils/storageTest.ts
FN:3,(anonymous_0)
FN:60,(anonymous_1)
FN:71,(anonymous_2)
FN:82,(anonymous_3)
FN:95,(anonymous_4)
FNF:5
FNH:0
FNDA:0,(anonymous_0)
FNDA:0,(anonymous_1)
FNDA:0,(anonymous_2)
FNDA:0,(anonymous_3)
FNDA:0,(anonymous_4)
DA:3,0
DA:4,0
DA:5,0
DA:8,0
DA:9,0
DA:19,0
DA:22,0
DA:23,0
DA:24,0
DA:27,0
DA:28,0
DA:29,0
DA:30,0
DA:32,0
DA:36,0
DA:37,0
DA:38,0
DA:46,0
DA:47,0
DA:50,0
DA:53,0
DA:54,0
DA:55,0
DA:58,0
DA:59,0
DA:60,0
DA:61,0
DA:63,0
DA:66,0
DA:67,0
DA:71,0
DA:72,0
DA:73,0
DA:74,0
DA:75,0
DA:77,0
DA:78,0
DA:82,0
DA:83,0
DA:84,0
DA:85,0
DA:87,0
DA:96,0
DA:100,0
DA:101,0
DA:103,0
DA:104,0
LF:47
LH:0
BRDA:29,0,0,0
BRDA:29,0,1,0
BRDA:50,1,0,0
BRDA:50,1,1,0
BRDA:55,2,0,0
BRDA:55,2,1,0
BRDA:61,3,0,0
BRDA:61,3,1,0
BRDA:75,4,0,0
BRDA:75,4,1,0
BRDA:91,5,0,0
BRDA:91,5,1,0
BRDA:92,6,0,0
BRDA:92,6,1,0
BRF:14
BRH:0
end_of_record
TN:
SF:utils/testing.ts
FN:26,(anonymous_0)
FN:33,(anonymous_1)
FN:57,(anonymous_2)
FN:67,(anonymous_3)
FN:68,(anonymous_4)
FN:82,(anonymous_5)
FN:86,(anonymous_6)
FN:90,(anonymous_7)
FN:117,(anonymous_8)
FN:132,(anonymous_9)
FN:149,(anonymous_10)
FN:167,(anonymous_11)
FN:183,(anonymous_12)
FN:194,(anonymous_13)
FN:214,(anonymous_14)
FN:223,(anonymous_15)
FN:234,(anonymous_16)
FN:251,(anonymous_17)
FN:257,(anonymous_18)
FN:267,(anonymous_19)
FN:281,(anonymous_20)
FNF:21
FNH:0
FNDA:0,(anonymous_0)
FNDA:0,(anonymous_1)
FNDA:0,(anonymous_2)
FNDA:0,(anonymous_3)
FNDA:0,(anonymous_4)
FNDA:0,(anonymous_5)
FNDA:0,(anonymous_6)
FNDA:0,(anonymous_7)
FNDA:0,(anonymous_8)
FNDA:0,(anonymous_9)
FNDA:0,(anonymous_10)
FNDA:0,(anonymous_11)
FNDA:0,(anonymous_12)
FNDA:0,(anonymous_13)
FNDA:0,(anonymous_14)
FNDA:0,(anonymous_15)
FNDA:0,(anonymous_16)
FNDA:0,(anonymous_17)
FNDA:0,(anonymous_18)
FNDA:0,(anonymous_19)
FNDA:0,(anonymous_20)
DA:24,0
DA:27,0
DA:28,0
DA:30,0
DA:34,0
DA:36,0
DA:37,0
DA:38,0
DA:40,0
DA:46,0
DA:48,0
DA:58,0
DA:59,0
DA:61,0
DA:62,0
DA:63,0
DA:66,0
DA:67,0
DA:68,0
DA:70,0
DA:78,0
DA:79,0
DA:83,0
DA:87,0
DA:91,0
DA:92,0
DA:94,0
DA:95,0
DA:96,0
DA:97,0
DA:98,0
DA:100,0
DA:101,0
DA:102,0
DA:104,0
DA:105,0
DA:109,0
DA:112,0
DA:117,0
DA:118,0
DA:120,0
DA:122,0
DA:123,0
DA:126,0
DA:127,0
DA:128,0
DA:132,0
DA:133,0
DA:136,0
DA:138,0
DA:139,0
DA:142,0
DA:143,0
DA:145,0
DA:149,0
DA:150,0
DA:153,0
DA:154,0
DA:156,0
DA:157,0
DA:158,0
DA:161,0
DA:162,0
DA:163,0
DA:167,0
DA:168,0
DA:170,0
DA:171,0
DA:174,0
DA:175,0
DA:178,0
DA:179,0
DA:183,0
DA:184,0
DA:186,0
DA:189,0
DA:190,0
DA:194,0
DA:195,0
DA:198,0
DA:200,0
DA:201,0
DA:202,0
DA:203,0
DA:207,0
DA:209,0
DA:214,0
DA:215,0
DA:217,0
DA:220,0
DA:223,0
DA:225,0
DA:227,0
DA:228,0
DA:229,0
DA:234,0
DA:235,0
DA:237,0
DA:247,0
DA:251,0
DA:252,0
DA:254,0
DA:258,0
DA:259,0
DA:260,0
DA:261,0
DA:268,0
DA:269,0
DA:270,0
DA:271,0
DA:277,0
DA:281,0
DA:282,0
DA:283,0
DA:285,0
DA:286,0
DA:288,0
LF:117
LH:0
BRDA:27,0,0,0
BRDA:27,0,1,0
BRDA:51,1,0,0
BRDA:51,1,1,0
BRDA:101,2,0,0
BRDA:101,2,1,0
BRDA:104,3,0,0
BRDA:104,3,1,0
BRDA:104,4,0,0
BRDA:104,4,1,0
BRDA:122,5,0,0
BRDA:122,5,1,0
BRDA:127,6,0,0
BRDA:127,6,1,0
BRDA:127,7,0,0
BRDA:127,7,1,0
BRDA:142,8,0,0
BRDA:142,8,1,0
BRDA:142,9,0,0
BRDA:142,9,1,0
BRDA:157,10,0,0
BRDA:157,10,1,0
BRDA:162,11,0,0
BRDA:162,11,1,0
BRDA:162,12,0,0
BRDA:162,12,1,0
BRDA:170,13,0,0
BRDA:170,13,1,0
BRDA:170,14,0,0
BRDA:170,14,1,0
BRDA:170,14,2,0
BRDA:174,15,0,0
BRDA:174,15,1,0
BRDA:178,16,0,0
BRDA:178,16,1,0
BRDA:178,17,0,0
BRDA:178,17,1,0
BRDA:189,18,0,0
BRDA:189,18,1,0
BRDA:202,19,0,0
BRDA:202,19,1,0
BRDA:228,20,0,0
BRDA:228,20,1,0
BRDA:228,21,0,0
BRDA:228,21,1,0
BRDA:260,22,0,0
BRDA:260,22,1,0
BRDA:270,23,0,0
BRDA:270,23,1,0
BRDA:270,24,0,0
BRDA:270,24,1,0
BRF:51
BRH:0
end_of_record
TN:
SF:utils/validation.ts
FN:12,(anonymous_0)
FN:27,(anonymous_1)
FN:49,(anonymous_2)
FN:82,(anonymous_3)
FN:111,(anonymous_4)
FN:144,(anonymous_5)
FN:169,(anonymous_6)
FN:225,(anonymous_7)
FN:250,(anonymous_8)
FN:273,(anonymous_9)
FN:299,(anonymous_10)
FNF:11
FNH:10
FNDA:10,(anonymous_0)
FNDA:37,(anonymous_1)
FNDA:9,(anonymous_2)
FNDA:2,(anonymous_3)
FNDA:2,(anonymous_4)
FNDA:5,(anonymous_5)
FNDA:2,(anonymous_6)
FNDA:2,(anonymous_7)
FNDA:0,(anonymous_8)
FNDA:8,(anonymous_9)
FNDA:8,(anonymous_10)
DA:13,10
DA:15,10
DA:16,1
DA:17,1
DA:21,9
DA:22,2
DA:26,9
DA:27,9
DA:28,37
DA:31,9
DA:32,4
DA:36,9
DA:37,0
DA:40,9
DA:50,9
DA:52,9
DA:53,2
DA:54,2
DA:57,7
DA:58,1
DA:61,7
DA:62,1
DA:65,7
DA:66,4
DA:69,7
DA:70,0
DA:73,7
DA:83,2
DA:85,2
DA:86,0
DA:87,0
DA:90,2
DA:91,0
DA:94,2
DA:95,1
DA:98,2
DA:99,0
DA:102,2
DA:112,2
DA:114,2
DA:115,0
DA:116,0
DA:119,2
DA:120,1
DA:123,2
DA:124,1
DA:127,2
DA:128,1
DA:131,2
DA:132,0
DA:135,2
DA:145,5
DA:147,5
DA:148,0
DA:149,0
DA:152,5
DA:153,1
DA:156,5
DA:157,0
DA:160,5
DA:170,2
DA:172,2
DA:173,0
DA:174,0
DA:177,2
DA:179,2
DA:180,8
DA:181,1
DA:182,1
DA:185,7
DA:186,7
DA:187,0
DA:190,7
DA:191,0
DA:196,2
DA:197,1
DA:199,1
DA:200,0
DA:203,1
DA:204,0
DA:207,1
DA:208,0
DA:211,1
DA:212,0
DA:216,2
DA:226,2
DA:228,2
DA:229,0
DA:230,0
DA:233,2
DA:234,2
DA:237,2
DA:238,0
DA:241,2
DA:251,0
DA:252,0
DA:256,0
DA:263,0
DA:264,0
DA:267,0
DA:274,8
DA:276,8
DA:277,0
DA:278,0
DA:281,8
DA:282,8
DA:283,3
DA:286,8
DA:287,0
DA:290,8
DA:300,8
DA:302,8
DA:303,0
DA:304,0
DA:308,8
DA:310,8
DA:311,2
DA:314,8
LF:118
LH:84
BRDA:15,0,0,1
BRDA:15,0,1,9
BRDA:15,1,0,10
BRDA:15,1,1,9
BRDA:21,2,0,2
BRDA:21,2,1,7
BRDA:21,3,0,9
BRDA:21,3,1,4
BRDA:21,3,2,3
BRDA:31,4,0,4
BRDA:31,4,1,5
BRDA:31,5,0,9
BRDA:31,5,1,5
BRDA:36,6,0,0
BRDA:36,6,1,9
BRDA:52,7,0,2
BRDA:52,7,1,7
BRDA:52,8,0,9
BRDA:52,8,1,8
BRDA:57,9,0,1
BRDA:57,9,1,6
BRDA:57,10,0,7
BRDA:57,10,1,6
BRDA:61,11,0,1
BRDA:61,11,1,6
BRDA:61,12,0,7
BRDA:61,12,1,6
BRDA:65,13,0,4
BRDA:65,13,1,3
BRDA:65,14,0,7
BRDA:65,14,1,4
BRDA:69,15,0,0
BRDA:69,15,1,7
BRDA:69,16,0,7
BRDA:69,16,1,1
BRDA:69,16,2,1
BRDA:85,17,0,0
BRDA:85,17,1,2
BRDA:85,18,0,2
BRDA:85,18,1,2
BRDA:90,19,0,0
BRDA:90,19,1,2
BRDA:90,20,0,2
BRDA:90,20,1,2
BRDA:94,21,0,1
BRDA:94,21,1,1
BRDA:94,22,0,2
BRDA:94,22,1,2
BRDA:94,22,2,2
BRDA:94,22,3,2
BRDA:98,23,0,0
BRDA:98,23,1,2
BRDA:98,24,0,2
BRDA:98,24,1,0
BRDA:98,24,2,0
BRDA:114,25,0,0
BRDA:114,25,1,2
BRDA:114,26,0,2
BRDA:114,26,1,2
BRDA:119,27,0,1
BRDA:119,27,1,1
BRDA:119,28,0,2
BRDA:119,28,1,2
BRDA:119,28,2,2
BRDA:119,28,3,1
BRDA:123,29,0,1
BRDA:123,29,1,1
BRDA:123,30,0,2
BRDA:123,30,1,2
BRDA:123,30,2,2
BRDA:123,30,3,2
BRDA:127,31,0,1
BRDA:127,31,1,1
BRDA:127,32,0,2
BRDA:127,32,1,2
BRDA:127,32,2,2
BRDA:127,32,3,2
BRDA:131,33,0,0
BRDA:131,33,1,2
BRDA:131,34,0,2
BRDA:131,34,1,0
BRDA:131,34,2,0
BRDA:131,34,3,0
BRDA:144,35,0,5
BRDA:147,36,0,0
BRDA:147,36,1,5
BRDA:147,37,0,5
BRDA:147,37,1,5
BRDA:152,38,0,1
BRDA:152,38,1,4
BRDA:156,39,0,0
BRDA:156,39,1,5
BRDA:172,40,0,0
BRDA:172,40,1,2
BRDA:172,41,0,2
BRDA:172,41,1,2
BRDA:180,42,0,1
BRDA:180,42,1,7
BRDA:180,43,0,8
BRDA:180,43,1,7
BRDA:186,44,0,0
BRDA:186,44,1,7
BRDA:186,45,0,7
BRDA:186,45,1,7
BRDA:190,46,0,0
BRDA:190,46,1,7
BRDA:190,47,0,7
BRDA:190,47,1,7
BRDA:196,48,0,1
BRDA:196,48,1,1
BRDA:196,49,0,2
BRDA:196,49,1,2
BRDA:196,49,2,2
BRDA:196,49,3,2
BRDA:199,50,0,0
BRDA:199,50,1,1
BRDA:203,51,0,0
BRDA:203,51,1,1
BRDA:207,52,0,0
BRDA:207,52,1,1
BRDA:211,53,0,0
BRDA:211,53,1,1
BRDA:228,54,0,0
BRDA:228,54,1,2
BRDA:228,55,0,2
BRDA:228,55,1,2
BRDA:233,56,0,2
BRDA:233,56,1,0
BRDA:233,57,0,2
BRDA:233,57,1,0
BRDA:237,58,0,0
BRDA:237,58,1,2
BRDA:237,59,0,2
BRDA:237,59,1,0
BRDA:250,60,0,0
BRDA:251,61,0,0
BRDA:251,61,1,0
BRDA:263,62,0,0
BRDA:263,62,1,0
BRDA:276,63,0,0
BRDA:276,63,1,8
BRDA:276,64,0,8
BRDA:276,64,1,8
BRDA:282,65,0,3
BRDA:282,65,1,5
BRDA:286,66,0,0
BRDA:286,66,1,8
BRDA:302,67,0,0
BRDA:302,67,1,8
BRDA:302,68,0,8
BRDA:302,68,1,8
BRDA:310,69,0,2
BRDA:310,69,1,6
BRDA:310,70,0,8
BRDA:310,70,1,6
BRF:155
BRH:121
end_of_record
